[2015-10-28 12:54:00]	./\Data\NLPIR.user Not valid license or your license expired! Please feel free to contact pipy_zhang@msn.com! 
[2015-10-28 12:54:55]	./\Data\NLPIR.user Not valid license or your license expired! Please feel free to contact pipy_zhang@msn.com! 
[2015-10-28 12:57:37]	Cannot open file 
[2015-10-28 12:57:37]	./\Data\KeyBlackList.pdat
[2015-10-28 12:57:37]	Error read file
[2015-10-28 12:57:37]	新词.txt
[2015-10-28 12:57:50]	Cannot open file 
[2015-10-28 12:57:50]	./\Data\KeyBlackList.pdat
[2015-10-28 12:57:50]	Error read file
[2015-10-28 12:57:50]	新词.txt
[2015-10-28 12:58:02]	Cannot open file 
[2015-10-28 12:58:02]	./\Data\KeyBlackList.pdat
[2015-10-28 12:58:02]	Error read file
[2015-10-28 12:58:02]	新词.txt
[2015-10-28 12:58:15]	Cannot open file 
[2015-10-28 12:58:15]	./\Data\KeyBlackList.pdat
[2015-10-28 12:58:15]	Error read file
[2015-10-28 12:58:15]	新词.txt
[2015-10-28 12:58:28]	Cannot open file 
[2015-10-28 12:58:28]	./\Data\KeyBlackList.pdat
[2015-10-28 12:58:28]	Error read file
[2015-10-28 12:58:28]	新词.txt
[2015-10-28 12:58:44]	Cannot open file 
[2015-10-28 12:58:44]	./\Data\KeyBlackList.pdat
[2015-10-28 12:58:44]	Error read file
[2015-10-28 12:58:44]	新词.txt
[2015-10-28 12:59:01]	Cannot open file 
[2015-10-28 12:59:01]	./\Data\KeyBlackList.pdat
[2015-10-28 12:59:01]	Error read file
[2015-10-28 12:59:01]	新词.txt
[2015-10-28 12:59:18]	Cannot open file 
[2015-10-28 12:59:18]	./\Data\KeyBlackList.pdat
[2015-10-28 12:59:18]	Error read file
[2015-10-28 12:59:18]	新词.txt
[2015-10-28 12:59:37]	Cannot open file 
[2015-10-28 12:59:37]	./\Data\KeyBlackList.pdat
[2015-10-28 12:59:37]	Error read file
[2015-10-28 12:59:37]	新词.txt
[2015-10-28 12:59:56]	Cannot open file 
[2015-10-28 12:59:56]	./\Data\KeyBlackList.pdat
[2015-10-28 12:59:56]	Error read file
[2015-10-28 12:59:56]	新词.txt
[2015-10-28 13:02:22]	Cannot open file 
[2015-10-28 13:02:22]	./\Data\KeyBlackList.pdat
[2015-10-28 13:02:22]	Error read file
[2015-10-28 13:02:22]	新词.txt
[2015-10-28 13:02:35]	Cannot open file 
[2015-10-28 13:02:35]	./\Data\KeyBlackList.pdat
[2015-10-28 13:02:35]	Error read file
[2015-10-28 13:02:35]	新词.txt
[2015-10-28 13:02:48]	Cannot open file 
[2015-10-28 13:02:48]	./\Data\KeyBlackList.pdat
[2015-10-28 13:02:48]	Error read file
[2015-10-28 13:02:48]	新词.txt
[2015-10-28 13:03:01]	Cannot open file 
[2015-10-28 13:03:01]	./\Data\KeyBlackList.pdat
[2015-10-28 13:03:01]	Error read file
[2015-10-28 13:03:01]	新词.txt
[2015-10-28 13:03:16]	Cannot open file 
[2015-10-28 13:03:16]	./\Data\KeyBlackList.pdat
[2015-10-28 13:03:16]	Error read file
[2015-10-28 13:03:16]	新词.txt
[2015-10-28 13:03:33]	Cannot open file 
[2015-10-28 13:03:33]	./\Data\KeyBlackList.pdat
[2015-10-28 13:03:33]	Error read file
[2015-10-28 13:03:33]	新词.txt
[2015-10-28 13:03:51]	Cannot open file 
[2015-10-28 13:03:51]	./\Data\KeyBlackList.pdat
[2015-10-28 13:03:51]	Error read file
[2015-10-28 13:03:51]	新词.txt
[2015-10-28 13:04:09]	Cannot open file 
[2015-10-28 13:04:09]	./\Data\KeyBlackList.pdat
[2015-10-28 13:04:09]	Error read file
[2015-10-28 13:04:09]	新词.txt
[2015-10-28 13:04:28]	Cannot open file 
[2015-10-28 13:04:28]	./\Data\KeyBlackList.pdat
[2015-10-28 13:04:28]	Error read file
[2015-10-28 13:04:28]	新词.txt
[2015-10-28 13:04:49]	Cannot open file 
[2015-10-28 13:04:49]	./\Data\KeyBlackList.pdat
[2015-10-28 13:04:49]	Error read file
[2015-10-28 13:04:49]	新词.txt
[2015-10-28 13:12:36]	Cannot open file 
[2015-10-28 13:12:36]	./\Data\KeyBlackList.pdat
[2015-10-28 13:12:36]	Error read file
[2015-10-28 13:12:36]	新词.txt
[2015-10-28 13:12:50]	Cannot open file 
[2015-10-28 13:12:50]	./\Data\KeyBlackList.pdat
[2015-10-28 13:12:50]	Error read file
[2015-10-28 13:12:50]	新词.txt
[2015-10-28 13:13:03]	Cannot open file 
[2015-10-28 13:13:03]	./\Data\KeyBlackList.pdat
[2015-10-28 13:13:03]	Error read file
[2015-10-28 13:13:03]	新词.txt
[2015-10-28 13:13:18]	Cannot open file 
[2015-10-28 13:13:18]	./\Data\KeyBlackList.pdat
[2015-10-28 13:13:18]	Error read file
[2015-10-28 13:13:18]	新词.txt
[2015-10-28 13:13:32]	Cannot open file 
[2015-10-28 13:13:32]	./\Data\KeyBlackList.pdat
[2015-10-28 13:13:32]	Error read file
[2015-10-28 13:13:32]	新词.txt
[2015-10-28 13:13:50]	Cannot open file 
[2015-10-28 13:13:50]	./\Data\KeyBlackList.pdat
[2015-10-28 13:13:50]	Error read file
[2015-10-28 13:13:50]	新词.txt
[2015-10-28 13:14:09]	Cannot open file 
[2015-10-28 13:14:09]	./\Data\KeyBlackList.pdat
[2015-10-28 13:14:09]	Error read file
[2015-10-28 13:14:09]	新词.txt
[2015-10-28 13:14:29]	Cannot open file 
[2015-10-28 13:14:29]	./\Data\KeyBlackList.pdat
[2015-10-28 13:14:29]	Error read file
[2015-10-28 13:14:29]	新词.txt
[2015-10-28 13:14:49]	Cannot open file 
[2015-10-28 13:14:49]	./\Data\KeyBlackList.pdat
[2015-10-28 13:14:49]	Error read file
[2015-10-28 13:14:49]	新词.txt
[2015-10-28 13:15:11]	Cannot open file 
[2015-10-28 13:15:11]	./\Data\KeyBlackList.pdat
[2015-10-28 13:15:11]	Error read file
[2015-10-28 13:15:11]	新词.txt
[2015-10-28 13:16:20]	Cannot open file 
[2015-10-28 13:16:20]	./\Data\KeyBlackList.pdat
[2015-10-28 13:16:20]	Error read file
[2015-10-28 13:16:20]	新词.txt
[2015-10-28 13:16:36]	Cannot open file 
[2015-10-28 13:16:36]	./\Data\KeyBlackList.pdat
[2015-10-28 13:16:36]	Error read file
[2015-10-28 13:16:36]	新词.txt
[2015-10-28 13:16:50]	Cannot open file 
[2015-10-28 13:16:50]	./\Data\KeyBlackList.pdat
[2015-10-28 13:16:50]	Error read file
[2015-10-28 13:16:50]	新词.txt
[2015-10-28 13:17:06]	Cannot open file 
[2015-10-28 13:17:06]	./\Data\KeyBlackList.pdat
[2015-10-28 13:17:06]	Error read file
[2015-10-28 13:17:06]	新词.txt
[2015-10-28 13:17:22]	Cannot open file 
[2015-10-28 13:17:22]	./\Data\KeyBlackList.pdat
[2015-10-28 13:17:22]	Error read file
[2015-10-28 13:17:22]	新词.txt
[2015-10-28 13:17:41]	Cannot open file 
[2015-10-28 13:17:41]	./\Data\KeyBlackList.pdat
[2015-10-28 13:17:41]	Error read file
[2015-10-28 13:17:41]	新词.txt
[2015-10-28 13:18:02]	Cannot open file 
[2015-10-28 13:18:02]	./\Data\KeyBlackList.pdat
[2015-10-28 13:18:02]	Error read file
[2015-10-28 13:18:02]	新词.txt
[2015-10-28 13:18:23]	Cannot open file 
[2015-10-28 13:18:23]	./\Data\KeyBlackList.pdat
[2015-10-28 13:18:23]	Error read file
[2015-10-28 13:18:23]	新词.txt
[2015-10-28 13:18:45]	Cannot open file 
[2015-10-28 13:18:45]	./\Data\KeyBlackList.pdat
[2015-10-28 13:18:45]	Error read file
[2015-10-28 13:18:45]	新词.txt
[2015-10-28 13:19:08]	Cannot open file 
[2015-10-28 13:19:08]	./\Data\KeyBlackList.pdat
[2015-10-28 13:19:08]	Error read file
[2015-10-28 13:19:08]	新词.txt
[2015-10-28 13:20:29]	Cannot open file 
[2015-10-28 13:20:29]	./\Data\KeyBlackList.pdat
[2015-10-28 13:20:29]	Error read file
[2015-10-28 13:20:29]	新词.txt
[2015-10-28 13:20:46]	Cannot open file 
[2015-10-28 13:20:46]	./\Data\KeyBlackList.pdat
[2015-10-28 13:20:46]	Error read file
[2015-10-28 13:20:46]	新词.txt
[2015-10-28 13:21:02]	Cannot open file 
[2015-10-28 13:21:02]	./\Data\KeyBlackList.pdat
[2015-10-28 13:21:02]	Error read file
[2015-10-28 13:21:02]	新词.txt
[2015-10-28 13:21:20]	Cannot open file 
[2015-10-28 13:21:20]	./\Data\KeyBlackList.pdat
[2015-10-28 13:21:20]	Error read file
[2015-10-28 13:21:20]	新词.txt
[2015-10-28 13:21:37]	Cannot open file 
[2015-10-28 13:21:37]	./\Data\KeyBlackList.pdat
[2015-10-28 13:21:37]	Error read file
[2015-10-28 13:21:37]	新词.txt
[2015-10-28 13:21:57]	Cannot open file 
[2015-10-28 13:21:57]	./\Data\KeyBlackList.pdat
[2015-10-28 13:21:57]	Error read file
[2015-10-28 13:21:57]	新词.txt
[2015-10-28 13:22:17]	Cannot open file 
[2015-10-28 13:22:17]	./\Data\KeyBlackList.pdat
[2015-10-28 13:22:17]	Error read file
[2015-10-28 13:22:17]	新词.txt
[2015-10-28 13:22:38]	Cannot open file 
[2015-10-28 13:22:38]	./\Data\KeyBlackList.pdat
[2015-10-28 13:22:38]	Error read file
[2015-10-28 13:22:38]	新词.txt
[2015-10-28 13:23:01]	Cannot open file 
[2015-10-28 13:23:01]	./\Data\KeyBlackList.pdat
[2015-10-28 13:23:01]	Error read file
[2015-10-28 13:23:01]	新词.txt
[2015-10-28 13:23:23]	Cannot open file 
[2015-10-28 13:23:23]	./\Data\KeyBlackList.pdat
[2015-10-28 13:23:23]	Error read file
[2015-10-28 13:23:23]	新词.txt
[2015-10-28 13:24:08]	Cannot open file 
[2015-10-28 13:24:08]	./\Data\KeyBlackList.pdat
[2015-10-28 13:24:08]	Error read file
[2015-10-28 13:24:08]	新词.txt
[2015-10-28 13:24:25]	Cannot open file 
[2015-10-28 13:24:25]	./\Data\KeyBlackList.pdat
[2015-10-28 13:24:25]	Error read file
[2015-10-28 13:24:25]	新词.txt
[2015-10-28 13:24:43]	Cannot open file 
[2015-10-28 13:24:43]	./\Data\KeyBlackList.pdat
[2015-10-28 13:24:43]	Error read file
[2015-10-28 13:24:43]	新词.txt
[2015-10-28 13:25:01]	Cannot open file 
[2015-10-28 13:25:01]	./\Data\KeyBlackList.pdat
[2015-10-28 13:25:01]	Error read file
[2015-10-28 13:25:01]	新词.txt
[2015-10-28 13:25:23]	Cannot open file 
[2015-10-28 13:25:23]	./\Data\KeyBlackList.pdat
[2015-10-28 13:25:23]	Error read file
[2015-10-28 13:25:23]	新词.txt
[2015-10-28 13:25:45]	Cannot open file 
[2015-10-28 13:25:45]	./\Data\KeyBlackList.pdat
[2015-10-28 13:25:45]	Error read file
[2015-10-28 13:25:45]	新词.txt
[2015-10-28 13:26:08]	Cannot open file 
[2015-10-28 13:26:08]	./\Data\KeyBlackList.pdat
[2015-10-28 13:26:08]	Error read file
[2015-10-28 13:26:08]	新词.txt
[2015-10-28 13:26:32]	Cannot open file 
[2015-10-28 13:26:32]	./\Data\KeyBlackList.pdat
[2015-10-28 13:26:32]	Error read file
[2015-10-28 13:26:32]	新词.txt
[2015-10-28 13:26:58]	Cannot open file 
[2015-10-28 13:26:58]	./\Data\KeyBlackList.pdat
[2015-10-28 13:26:58]	Error read file
[2015-10-28 13:26:58]	新词.txt
[2015-10-28 13:27:29]	Cannot open file 
[2015-10-28 13:27:29]	./\Data\KeyBlackList.pdat
[2015-10-28 13:27:29]	Error read file
[2015-10-28 13:27:29]	新词.txt
[2015-10-28 13:28:31]	Cannot open file 
[2015-10-28 13:28:31]	./\Data\KeyBlackList.pdat
[2015-10-28 13:28:31]	Error read file
[2015-10-28 13:28:31]	新词.txt
[2015-10-28 13:28:52]	Cannot open file 
[2015-10-28 13:28:52]	./\Data\KeyBlackList.pdat
[2015-10-28 13:28:52]	Error read file
[2015-10-28 13:28:52]	新词.txt
[2015-10-28 13:29:14]	Cannot open file 
[2015-10-28 13:29:14]	./\Data\KeyBlackList.pdat
[2015-10-28 13:29:14]	Error read file
[2015-10-28 13:29:14]	新词.txt
[2015-10-28 13:29:34]	Cannot open file 
[2015-10-28 13:29:34]	./\Data\KeyBlackList.pdat
[2015-10-28 13:29:34]	Error read file
[2015-10-28 13:29:34]	新词.txt
[2015-10-28 13:29:55]	Cannot open file 
[2015-10-28 13:29:55]	./\Data\KeyBlackList.pdat
[2015-10-28 13:29:55]	Error read file
[2015-10-28 13:29:55]	新词.txt
[2015-10-28 13:30:19]	Cannot open file 
[2015-10-28 13:30:19]	./\Data\KeyBlackList.pdat
[2015-10-28 13:30:19]	Error read file
[2015-10-28 13:30:19]	新词.txt
[2015-10-28 13:30:44]	Cannot open file 
[2015-10-28 13:30:44]	./\Data\KeyBlackList.pdat
[2015-10-28 13:30:44]	Error read file
[2015-10-28 13:30:44]	新词.txt
[2015-10-28 13:31:10]	Cannot open file 
[2015-10-28 13:31:10]	./\Data\KeyBlackList.pdat
[2015-10-28 13:31:10]	Error read file
[2015-10-28 13:31:10]	新词.txt
[2015-10-28 13:31:39]	Cannot open file 
[2015-10-28 13:31:39]	./\Data\KeyBlackList.pdat
[2015-10-28 13:31:39]	Error read file
[2015-10-28 13:31:39]	新词.txt
[2015-10-28 13:32:10]	Cannot open file 
[2015-10-28 13:32:10]	./\Data\KeyBlackList.pdat
[2015-10-28 13:32:10]	Error read file
[2015-10-28 13:32:10]	新词.txt
[2015-10-28 13:33:56]	Cannot open file 
[2015-10-28 13:33:56]	./\Data\KeyBlackList.pdat
[2015-10-28 13:33:56]	Error read file
[2015-10-28 13:33:56]	新词.txt
[2015-10-28 13:34:16]	Cannot open file 
[2015-10-28 13:34:16]	./\Data\KeyBlackList.pdat
[2015-10-28 13:34:16]	Error read file
[2015-10-28 13:34:16]	新词.txt
[2015-10-28 13:34:37]	Cannot open file 
[2015-10-28 13:34:37]	./\Data\KeyBlackList.pdat
[2015-10-28 13:34:37]	Error read file
[2015-10-28 13:34:37]	新词.txt
[2015-10-28 13:34:58]	Cannot open file 
[2015-10-28 13:34:58]	./\Data\KeyBlackList.pdat
[2015-10-28 13:34:58]	Error read file
[2015-10-28 13:34:58]	新词.txt
[2015-10-28 13:35:22]	Cannot open file 
[2015-10-28 13:35:22]	./\Data\KeyBlackList.pdat
[2015-10-28 13:35:22]	Error read file
[2015-10-28 13:35:22]	新词.txt
[2015-10-28 13:35:47]	Cannot open file 
[2015-10-28 13:35:47]	./\Data\KeyBlackList.pdat
[2015-10-28 13:35:47]	Error read file
[2015-10-28 13:35:47]	新词.txt
[2015-10-28 13:36:14]	Cannot open file 
[2015-10-28 13:36:14]	./\Data\KeyBlackList.pdat
[2015-10-28 13:36:14]	Error read file
[2015-10-28 13:36:14]	新词.txt
[2015-10-28 13:36:44]	Cannot open file 
[2015-10-28 13:36:44]	./\Data\KeyBlackList.pdat
[2015-10-28 13:36:44]	Error read file
[2015-10-28 13:36:44]	新词.txt
[2015-10-28 13:37:15]	Cannot open file 
[2015-10-28 13:37:15]	./\Data\KeyBlackList.pdat
[2015-10-28 13:37:15]	Error read file
[2015-10-28 13:37:15]	新词.txt
[2015-10-28 13:37:45]	Cannot open file 
[2015-10-28 13:37:45]	./\Data\KeyBlackList.pdat
[2015-10-28 13:37:45]	Error read file
[2015-10-28 13:37:45]	新词.txt
[2015-10-28 13:41:12]	Cannot open file 
[2015-10-28 13:41:12]	./\Data\KeyBlackList.pdat
[2015-10-28 13:41:12]	Error read file
[2015-10-28 13:41:12]	新词.txt
[2015-10-28 13:41:39]	Cannot open file 
[2015-10-28 13:41:39]	./\Data\KeyBlackList.pdat
[2015-10-28 13:41:39]	Error read file
[2015-10-28 13:41:39]	新词.txt
[2015-10-28 13:42:06]	Cannot open file 
[2015-10-28 13:42:06]	./\Data\KeyBlackList.pdat
[2015-10-28 13:42:06]	Error read file
[2015-10-28 13:42:06]	新词.txt
[2015-10-28 13:42:38]	Cannot open file 
[2015-10-28 13:42:38]	./\Data\KeyBlackList.pdat
[2015-10-28 13:42:38]	Error read file
[2015-10-28 13:42:38]	新词.txt
[2015-10-28 13:43:10]	Cannot open file 
[2015-10-28 13:43:10]	./\Data\KeyBlackList.pdat
[2015-10-28 13:43:10]	Error read file
[2015-10-28 13:43:10]	新词.txt
[2015-10-28 13:43:45]	Cannot open file 
[2015-10-28 13:43:45]	./\Data\KeyBlackList.pdat
[2015-10-28 13:43:45]	Error read file
[2015-10-28 13:43:45]	新词.txt
[2015-10-28 13:44:27]	Cannot open file 
[2015-10-28 13:44:27]	./\Data\KeyBlackList.pdat
[2015-10-28 13:44:27]	Error read file
[2015-10-28 13:44:27]	新词.txt
[2015-10-28 13:45:06]	Cannot open file 
[2015-10-28 13:45:06]	./\Data\KeyBlackList.pdat
[2015-10-28 13:45:06]	Error read file
[2015-10-28 13:45:06]	新词.txt
[2015-10-28 13:45:53]	Cannot open file 
[2015-10-28 13:45:53]	./\Data\KeyBlackList.pdat
[2015-10-28 13:45:53]	Error read file
[2015-10-28 13:45:53]	新词.txt
[2015-10-28 13:46:39]	Cannot open file 
[2015-10-28 13:46:39]	./\Data\KeyBlackList.pdat
[2015-10-28 13:46:39]	Error read file
[2015-10-28 13:46:39]	新词.txt
[2015-10-28 13:49:34]	Cannot open file 
[2015-10-28 13:49:34]	./\Data\KeyBlackList.pdat
[2015-10-28 13:49:34]	Error read file
[2015-10-28 13:49:34]	新词.txt
[2015-10-28 13:49:59]	Cannot open file 
[2015-10-28 13:49:59]	./\Data\KeyBlackList.pdat
[2015-10-28 13:49:59]	Error read file
[2015-10-28 13:49:59]	新词.txt
[2015-10-28 13:50:23]	Cannot open file 
[2015-10-28 13:50:23]	./\Data\KeyBlackList.pdat
[2015-10-28 13:50:23]	Error read file
[2015-10-28 13:50:23]	新词.txt
[2015-10-28 13:50:50]	Cannot open file 
[2015-10-28 13:50:50]	./\Data\KeyBlackList.pdat
[2015-10-28 13:50:50]	Error read file
[2015-10-28 13:50:50]	新词.txt
[2015-10-28 13:51:19]	Cannot open file 
[2015-10-28 13:51:19]	./\Data\KeyBlackList.pdat
[2015-10-28 13:51:19]	Error read file
[2015-10-28 13:51:19]	新词.txt
[2015-10-28 13:51:49]	Cannot open file 
[2015-10-28 13:51:49]	./\Data\KeyBlackList.pdat
[2015-10-28 13:51:49]	Error read file
[2015-10-28 13:51:49]	新词.txt
[2015-10-28 13:52:22]	Cannot open file 
[2015-10-28 13:52:22]	./\Data\KeyBlackList.pdat
[2015-10-28 13:52:22]	Error read file
[2015-10-28 13:52:22]	新词.txt
[2015-10-28 13:52:56]	Cannot open file 
[2015-10-28 13:52:56]	./\Data\KeyBlackList.pdat
[2015-10-28 13:52:56]	Error read file
[2015-10-28 13:52:56]	新词.txt
[2015-10-28 13:53:34]	Cannot open file 
[2015-10-28 13:53:34]	./\Data\KeyBlackList.pdat
[2015-10-28 13:53:34]	Error read file
[2015-10-28 13:53:34]	新词.txt
[2015-10-28 13:54:13]	Cannot open file 
[2015-10-28 13:54:13]	./\Data\KeyBlackList.pdat
[2015-10-28 13:54:13]	Error read file
[2015-10-28 13:54:13]	新词.txt
[2015-10-28 13:55:45]	Cannot open file 
[2015-10-28 13:55:45]	./\Data\KeyBlackList.pdat
[2015-10-28 13:55:45]	Error read file
[2015-10-28 13:55:45]	新词.txt
[2015-10-28 13:56:07]	Cannot open file 
[2015-10-28 13:56:07]	./\Data\KeyBlackList.pdat
[2015-10-28 13:56:07]	Error read file
[2015-10-28 13:56:07]	新词.txt
[2015-10-28 13:56:29]	Cannot open file 
[2015-10-28 13:56:29]	./\Data\KeyBlackList.pdat
[2015-10-28 13:56:29]	Error read file
[2015-10-28 13:56:29]	新词.txt
[2015-10-28 13:56:53]	Cannot open file 
[2015-10-28 13:56:53]	./\Data\KeyBlackList.pdat
[2015-10-28 13:56:53]	Error read file
[2015-10-28 13:56:53]	新词.txt
[2015-10-28 13:57:19]	Cannot open file 
[2015-10-28 13:57:19]	./\Data\KeyBlackList.pdat
[2015-10-28 13:57:19]	Error read file
[2015-10-28 13:57:19]	新词.txt
[2015-10-28 13:57:48]	Cannot open file 
[2015-10-28 13:57:48]	./\Data\KeyBlackList.pdat
[2015-10-28 13:57:48]	Error read file
[2015-10-28 13:57:48]	新词.txt
[2015-10-28 13:58:17]	Cannot open file 
[2015-10-28 13:58:17]	./\Data\KeyBlackList.pdat
[2015-10-28 13:58:17]	Error read file
[2015-10-28 13:58:17]	新词.txt
[2015-10-28 13:58:48]	Cannot open file 
[2015-10-28 13:58:48]	./\Data\KeyBlackList.pdat
[2015-10-28 13:58:48]	Error read file
[2015-10-28 13:58:48]	新词.txt
[2015-10-28 13:59:22]	Cannot open file 
[2015-10-28 13:59:22]	./\Data\KeyBlackList.pdat
[2015-10-28 13:59:22]	Error read file
[2015-10-28 13:59:22]	新词.txt
[2015-10-28 13:59:56]	Cannot open file 
[2015-10-28 13:59:56]	./\Data\KeyBlackList.pdat
[2015-10-28 13:59:56]	Error read file
[2015-10-28 13:59:56]	新词.txt
[2015-10-28 14:03:46]	Cannot open file 
[2015-10-28 14:03:46]	./\Data\KeyBlackList.pdat
[2015-10-28 14:03:46]	Error read file
[2015-10-28 14:03:46]	新词.txt
[2015-10-28 14:04:06]	Cannot open file 
[2015-10-28 14:04:06]	./\Data\KeyBlackList.pdat
[2015-10-28 14:04:06]	Error read file
[2015-10-28 14:04:06]	新词.txt
[2015-10-28 14:04:26]	Cannot open file 
[2015-10-28 14:04:26]	./\Data\KeyBlackList.pdat
[2015-10-28 14:04:26]	Error read file
[2015-10-28 14:04:26]	新词.txt
[2015-10-28 14:04:48]	Cannot open file 
[2015-10-28 14:04:48]	./\Data\KeyBlackList.pdat
[2015-10-28 14:04:48]	Error read file
[2015-10-28 14:04:48]	新词.txt
[2015-10-28 14:05:12]	Cannot open file 
[2015-10-28 14:05:12]	./\Data\KeyBlackList.pdat
[2015-10-28 14:05:12]	Error read file
[2015-10-28 14:05:12]	新词.txt
[2015-10-28 14:05:38]	Cannot open file 
[2015-10-28 14:05:38]	./\Data\KeyBlackList.pdat
[2015-10-28 14:05:38]	Error read file
[2015-10-28 14:05:38]	新词.txt
[2015-10-28 14:06:04]	Cannot open file 
[2015-10-28 14:06:04]	./\Data\KeyBlackList.pdat
[2015-10-28 14:06:04]	Error read file
[2015-10-28 14:06:04]	新词.txt
[2015-10-28 14:06:33]	Cannot open file 
[2015-10-28 14:06:33]	./\Data\KeyBlackList.pdat
[2015-10-28 14:06:33]	Error read file
[2015-10-28 14:06:33]	新词.txt
[2015-10-28 14:07:04]	Cannot open file 
[2015-10-28 14:07:04]	./\Data\KeyBlackList.pdat
[2015-10-28 14:07:04]	Error read file
[2015-10-28 14:07:04]	新词.txt
[2015-10-28 14:07:36]	Cannot open file 
[2015-10-28 14:07:36]	./\Data\KeyBlackList.pdat
[2015-10-28 14:07:36]	Error read file
[2015-10-28 14:07:36]	新词.txt
[2015-10-28 14:09:42]	Cannot open file 
[2015-10-28 14:09:42]	./\Data\KeyBlackList.pdat
[2015-10-28 14:09:42]	Error read file
[2015-10-28 14:09:42]	新词.txt
[2015-10-28 14:10:00]	Cannot open file 
[2015-10-28 14:10:00]	./\Data\KeyBlackList.pdat
[2015-10-28 14:10:00]	Error read file
[2015-10-28 14:10:00]	新词.txt
[2015-10-28 14:10:18]	Cannot open file 
[2015-10-28 14:10:18]	./\Data\KeyBlackList.pdat
[2015-10-28 14:10:18]	Error read file
[2015-10-28 14:10:18]	新词.txt
[2015-10-28 14:10:39]	Cannot open file 
[2015-10-28 14:10:39]	./\Data\KeyBlackList.pdat
[2015-10-28 14:10:39]	Error read file
[2015-10-28 14:10:39]	新词.txt
[2015-10-28 14:11:01]	Cannot open file 
[2015-10-28 14:11:01]	./\Data\KeyBlackList.pdat
[2015-10-28 14:11:01]	Error read file
[2015-10-28 14:11:01]	新词.txt
[2015-10-28 14:11:25]	Cannot open file 
[2015-10-28 14:11:25]	./\Data\KeyBlackList.pdat
[2015-10-28 14:11:25]	Error read file
[2015-10-28 14:11:25]	新词.txt
[2015-10-28 14:11:50]	Cannot open file 
[2015-10-28 14:11:50]	./\Data\KeyBlackList.pdat
[2015-10-28 14:11:50]	Error read file
[2015-10-28 14:11:50]	新词.txt
[2015-10-28 14:12:15]	Cannot open file 
[2015-10-28 14:12:15]	./\Data\KeyBlackList.pdat
[2015-10-28 14:12:15]	Error read file
[2015-10-28 14:12:15]	新词.txt
[2015-10-28 14:12:43]	Cannot open file 
[2015-10-28 14:12:43]	./\Data\KeyBlackList.pdat
[2015-10-28 14:12:43]	Error read file
[2015-10-28 14:12:43]	新词.txt
[2015-10-28 14:13:11]	Cannot open file 
[2015-10-28 14:13:11]	./\Data\KeyBlackList.pdat
[2015-10-28 14:13:11]	Error read file
[2015-10-28 14:13:11]	新词.txt
[2015-10-28 14:18:27]	Cannot open file 
[2015-10-28 14:18:27]	./\Data\KeyBlackList.pdat
[2015-10-28 14:18:27]	Error read file
[2015-10-28 14:18:27]	新词.txt
[2015-10-28 14:18:43]	Cannot open file 
[2015-10-28 14:18:43]	./\Data\KeyBlackList.pdat
[2015-10-28 14:18:43]	Error read file
[2015-10-28 14:18:43]	新词.txt
[2015-10-28 14:18:59]	Cannot open file 
[2015-10-28 14:18:59]	./\Data\KeyBlackList.pdat
[2015-10-28 14:18:59]	Error read file
[2015-10-28 14:18:59]	新词.txt
[2015-10-28 14:19:17]	Cannot open file 
[2015-10-28 14:19:17]	./\Data\KeyBlackList.pdat
[2015-10-28 14:19:17]	Error read file
[2015-10-28 14:19:17]	新词.txt
[2015-10-28 14:19:37]	Cannot open file 
[2015-10-28 14:19:37]	./\Data\KeyBlackList.pdat
[2015-10-28 14:19:37]	Error read file
[2015-10-28 14:19:37]	新词.txt
[2015-10-28 14:19:59]	Cannot open file 
[2015-10-28 14:19:59]	./\Data\KeyBlackList.pdat
[2015-10-28 14:19:59]	Error read file
[2015-10-28 14:19:59]	新词.txt
[2015-10-28 14:20:21]	Cannot open file 
[2015-10-28 14:20:21]	./\Data\KeyBlackList.pdat
[2015-10-28 14:20:21]	Error read file
[2015-10-28 14:20:21]	新词.txt
[2015-10-28 14:20:46]	Cannot open file 
[2015-10-28 14:20:46]	./\Data\KeyBlackList.pdat
[2015-10-28 14:20:46]	Error read file
[2015-10-28 14:20:46]	新词.txt
[2015-10-28 14:21:10]	Cannot open file 
[2015-10-28 14:21:10]	./\Data\KeyBlackList.pdat
[2015-10-28 14:21:10]	Error read file
[2015-10-28 14:21:10]	新词.txt
[2015-10-28 14:21:36]	Cannot open file 
[2015-10-28 14:21:36]	./\Data\KeyBlackList.pdat
[2015-10-28 14:21:36]	Error read file
[2015-10-28 14:21:36]	新词.txt
[2015-10-28 14:24:13]	Cannot open file 
[2015-10-28 14:24:13]	./\Data\KeyBlackList.pdat
[2015-10-28 14:24:13]	Error read file
[2015-10-28 14:24:13]	新词.txt
[2015-10-28 14:24:27]	Cannot open file 
[2015-10-28 14:24:27]	./\Data\KeyBlackList.pdat
[2015-10-28 14:24:27]	Error read file
[2015-10-28 14:24:27]	新词.txt
[2015-10-28 14:24:40]	Cannot open file 
[2015-10-28 14:24:40]	./\Data\KeyBlackList.pdat
[2015-10-28 14:24:40]	Error read file
[2015-10-28 14:24:40]	新词.txt
[2015-10-28 14:24:56]	Cannot open file 
[2015-10-28 14:24:56]	./\Data\KeyBlackList.pdat
[2015-10-28 14:24:56]	Error read file
[2015-10-28 14:24:56]	新词.txt
[2015-10-28 14:25:12]	Cannot open file 
[2015-10-28 14:25:12]	./\Data\KeyBlackList.pdat
[2015-10-28 14:25:12]	Error read file
[2015-10-28 14:25:12]	新词.txt
[2015-10-28 14:25:30]	Cannot open file 
[2015-10-28 14:25:30]	./\Data\KeyBlackList.pdat
[2015-10-28 14:25:30]	Error read file
[2015-10-28 14:25:30]	新词.txt
[2015-10-28 14:25:49]	Cannot open file 
[2015-10-28 14:25:49]	./\Data\KeyBlackList.pdat
[2015-10-28 14:25:49]	Error read file
[2015-10-28 14:25:49]	新词.txt
[2015-10-28 14:26:09]	Cannot open file 
[2015-10-28 14:26:09]	./\Data\KeyBlackList.pdat
[2015-10-28 14:26:09]	Error read file
[2015-10-28 14:26:09]	新词.txt
[2015-10-28 14:26:31]	Cannot open file 
[2015-10-28 14:26:31]	./\Data\KeyBlackList.pdat
[2015-10-28 14:26:31]	Error read file
[2015-10-28 14:26:31]	新词.txt
[2015-10-28 14:26:54]	Cannot open file 
[2015-10-28 14:26:54]	./\Data\KeyBlackList.pdat
[2015-10-28 14:26:54]	Error read file
[2015-10-28 14:26:54]	新词.txt
[2015-10-28 14:29:42]	Cannot open file 
[2015-10-28 14:29:42]	./\Data\KeyBlackList.pdat
[2015-10-28 14:29:42]	Error read file
[2015-10-28 14:29:42]	新词.txt
[2015-10-28 14:29:57]	Cannot open file 
[2015-10-28 14:29:57]	./\Data\KeyBlackList.pdat
[2015-10-28 14:29:57]	Error read file
[2015-10-28 14:29:57]	新词.txt
[2015-10-28 14:30:12]	Cannot open file 
[2015-10-28 14:30:12]	./\Data\KeyBlackList.pdat
[2015-10-28 14:30:12]	Error read file
[2015-10-28 14:30:12]	新词.txt
[2015-10-28 14:30:29]	Cannot open file 
[2015-10-28 14:30:29]	./\Data\KeyBlackList.pdat
[2015-10-28 14:30:29]	Error read file
[2015-10-28 14:30:29]	新词.txt
[2015-10-28 14:30:47]	Cannot open file 
[2015-10-28 14:30:47]	./\Data\KeyBlackList.pdat
[2015-10-28 14:30:47]	Error read file
[2015-10-28 14:30:47]	新词.txt
[2015-10-28 14:31:06]	Cannot open file 
[2015-10-28 14:31:06]	./\Data\KeyBlackList.pdat
[2015-10-28 14:31:06]	Error read file
[2015-10-28 14:31:06]	新词.txt
[2015-10-28 14:31:26]	Cannot open file 
[2015-10-28 14:31:26]	./\Data\KeyBlackList.pdat
[2015-10-28 14:31:26]	Error read file
[2015-10-28 14:31:26]	新词.txt
[2015-10-28 14:31:48]	Cannot open file 
[2015-10-28 14:31:48]	./\Data\KeyBlackList.pdat
[2015-10-28 14:31:48]	Error read file
[2015-10-28 14:31:48]	新词.txt
[2015-10-28 14:32:11]	Cannot open file 
[2015-10-28 14:32:11]	./\Data\KeyBlackList.pdat
[2015-10-28 14:32:11]	Error read file
[2015-10-28 14:32:11]	新词.txt
[2015-10-28 14:32:35]	Cannot open file 
[2015-10-28 14:32:35]	./\Data\KeyBlackList.pdat
[2015-10-28 14:32:35]	Error read file
[2015-10-28 14:32:35]	新词.txt
[2015-10-28 14:39:57]	Cannot open file 
[2015-10-28 14:39:57]	./\Data\KeyBlackList.pdat
[2015-10-28 14:39:57]	Error read file
[2015-10-28 14:39:57]	新词.txt
[2015-10-28 14:40:24]	Cannot open file 
[2015-10-28 14:40:24]	./\Data\KeyBlackList.pdat
[2015-10-28 14:40:24]	Error read file
[2015-10-28 14:40:24]	新词.txt
[2015-10-28 14:40:53]	Cannot open file 
[2015-10-28 14:40:53]	./\Data\KeyBlackList.pdat
[2015-10-28 14:40:53]	Error read file
[2015-10-28 14:40:53]	新词.txt
[2015-10-28 14:41:24]	Cannot open file 
[2015-10-28 14:41:24]	./\Data\KeyBlackList.pdat
[2015-10-28 14:41:24]	Error read file
[2015-10-28 14:41:24]	新词.txt
[2015-10-28 14:41:59]	Cannot open file 
[2015-10-28 14:41:59]	./\Data\KeyBlackList.pdat
[2015-10-28 14:41:59]	Error read file
[2015-10-28 14:41:59]	新词.txt
[2015-10-28 14:42:39]	Cannot open file 
[2015-10-28 14:42:39]	./\Data\KeyBlackList.pdat
[2015-10-28 14:42:39]	Error read file
[2015-10-28 14:42:39]	新词.txt
[2015-10-28 14:43:18]	Cannot open file 
[2015-10-28 14:43:18]	./\Data\KeyBlackList.pdat
[2015-10-28 14:43:18]	Error read file
[2015-10-28 14:43:18]	新词.txt
[2015-10-28 14:43:59]	Cannot open file 
[2015-10-28 14:43:59]	./\Data\KeyBlackList.pdat
[2015-10-28 14:43:59]	Error read file
[2015-10-28 14:43:59]	新词.txt
[2015-10-28 14:44:41]	Cannot open file 
[2015-10-28 14:44:41]	./\Data\KeyBlackList.pdat
[2015-10-28 14:44:41]	Error read file
[2015-10-28 14:44:41]	新词.txt
[2015-10-28 14:45:27]	Cannot open file 
[2015-10-28 14:45:27]	./\Data\KeyBlackList.pdat
[2015-10-28 14:45:27]	Error read file
[2015-10-28 14:45:27]	新词.txt
[2015-10-28 14:52:25]	Cannot open file 
[2015-10-28 14:52:25]	./\Data\KeyBlackList.pdat
[2015-10-28 14:52:25]	Error read file
[2015-10-28 14:52:25]	新词.txt
[2015-10-28 14:52:45]	Cannot open file 
[2015-10-28 14:52:45]	./\Data\KeyBlackList.pdat
[2015-10-28 14:52:45]	Error read file
[2015-10-28 14:52:45]	新词.txt
[2015-10-28 14:53:06]	Cannot open file 
[2015-10-28 14:53:06]	./\Data\KeyBlackList.pdat
[2015-10-28 14:53:06]	Error read file
[2015-10-28 14:53:06]	新词.txt
[2015-10-28 14:53:28]	Cannot open file 
[2015-10-28 14:53:28]	./\Data\KeyBlackList.pdat
[2015-10-28 14:53:28]	Error read file
[2015-10-28 14:53:28]	新词.txt
[2015-10-28 14:53:52]	Cannot open file 
[2015-10-28 14:53:52]	./\Data\KeyBlackList.pdat
[2015-10-28 14:53:52]	Error read file
[2015-10-28 14:53:52]	新词.txt
[2015-10-28 14:54:18]	Cannot open file 
[2015-10-28 14:54:18]	./\Data\KeyBlackList.pdat
[2015-10-28 14:54:18]	Error read file
[2015-10-28 14:54:18]	新词.txt
[2015-10-28 14:54:46]	Cannot open file 
[2015-10-28 14:54:46]	./\Data\KeyBlackList.pdat
[2015-10-28 14:54:46]	Error read file
[2015-10-28 14:54:46]	新词.txt
[2015-10-28 14:55:15]	Cannot open file 
[2015-10-28 14:55:15]	./\Data\KeyBlackList.pdat
[2015-10-28 14:55:15]	Error read file
[2015-10-28 14:55:15]	新词.txt
[2015-10-28 14:55:46]	Cannot open file 
[2015-10-28 14:55:46]	./\Data\KeyBlackList.pdat
[2015-10-28 14:55:46]	Error read file
[2015-10-28 14:55:46]	新词.txt
[2015-10-28 14:56:17]	Cannot open file 
[2015-10-28 14:56:17]	./\Data\KeyBlackList.pdat
[2015-10-28 14:56:17]	Error read file
[2015-10-28 14:56:17]	新词.txt
[2015-10-28 15:19:05]	Cannot open file 
[2015-10-28 15:19:05]	./\Data\KeyBlackList.pdat
[2015-10-28 15:19:05]	Error read file
[2015-10-28 15:19:05]	新词.txt
[2015-10-28 15:19:21]	Cannot open file 
[2015-10-28 15:19:21]	./\Data\KeyBlackList.pdat
[2015-10-28 15:19:21]	Error read file
[2015-10-28 15:19:21]	新词.txt
[2015-10-28 15:19:38]	Cannot open file 
[2015-10-28 15:19:38]	./\Data\KeyBlackList.pdat
[2015-10-28 15:19:38]	Error read file
[2015-10-28 15:19:38]	新词.txt
[2015-10-28 15:19:55]	Cannot open file 
[2015-10-28 15:19:55]	./\Data\KeyBlackList.pdat
[2015-10-28 15:19:55]	Error read file
[2015-10-28 15:19:55]	新词.txt
[2015-10-28 15:20:13]	Cannot open file 
[2015-10-28 15:20:13]	./\Data\KeyBlackList.pdat
[2015-10-28 15:20:13]	Error read file
[2015-10-28 15:20:13]	新词.txt
[2015-10-28 15:20:32]	Cannot open file 
[2015-10-28 15:20:32]	./\Data\KeyBlackList.pdat
[2015-10-28 15:20:32]	Error read file
[2015-10-28 15:20:32]	新词.txt
[2015-10-28 15:20:52]	Cannot open file 
[2015-10-28 15:20:52]	./\Data\KeyBlackList.pdat
[2015-10-28 15:20:52]	Error read file
[2015-10-28 15:20:52]	新词.txt
[2015-10-28 15:21:14]	Cannot open file 
[2015-10-28 15:21:14]	./\Data\KeyBlackList.pdat
[2015-10-28 15:21:14]	Error read file
[2015-10-28 15:21:14]	新词.txt
[2015-10-28 15:21:36]	Cannot open file 
[2015-10-28 15:21:36]	./\Data\KeyBlackList.pdat
[2015-10-28 15:21:36]	Error read file
[2015-10-28 15:21:36]	新词.txt
[2015-10-28 15:22:00]	Cannot open file 
[2015-10-28 15:22:00]	./\Data\KeyBlackList.pdat
[2015-10-28 15:22:00]	Error read file
[2015-10-28 15:22:00]	新词.txt
[2015-10-28 15:24:02]	Cannot open file 
[2015-10-28 15:24:02]	./\Data\KeyBlackList.pdat
[2015-10-28 15:24:02]	Error read file
[2015-10-28 15:24:02]	新词.txt
[2015-10-28 15:24:17]	Cannot open file 
[2015-10-28 15:24:17]	./\Data\KeyBlackList.pdat
[2015-10-28 15:24:17]	Error read file
[2015-10-28 15:24:17]	新词.txt
[2015-10-28 15:24:31]	Cannot open file 
[2015-10-28 15:24:31]	./\Data\KeyBlackList.pdat
[2015-10-28 15:24:31]	Error read file
[2015-10-28 15:24:31]	新词.txt
[2015-10-28 15:24:46]	Cannot open file 
[2015-10-28 15:24:46]	./\Data\KeyBlackList.pdat
[2015-10-28 15:24:46]	Error read file
[2015-10-28 15:24:46]	新词.txt
[2015-10-28 15:25:02]	Cannot open file 
[2015-10-28 15:25:02]	./\Data\KeyBlackList.pdat
[2015-10-28 15:25:02]	Error read file
[2015-10-28 15:25:02]	新词.txt
[2015-10-28 15:25:21]	Cannot open file 
[2015-10-28 15:25:21]	./\Data\KeyBlackList.pdat
[2015-10-28 15:25:21]	Error read file
[2015-10-28 15:25:21]	新词.txt
[2015-10-28 15:25:41]	Cannot open file 
[2015-10-28 15:25:41]	./\Data\KeyBlackList.pdat
[2015-10-28 15:25:41]	Error read file
[2015-10-28 15:25:41]	新词.txt
[2015-10-28 15:26:02]	Cannot open file 
[2015-10-28 15:26:02]	./\Data\KeyBlackList.pdat
[2015-10-28 15:26:02]	Error read file
[2015-10-28 15:26:02]	新词.txt
[2015-10-28 15:26:23]	Cannot open file 
[2015-10-28 15:26:23]	./\Data\KeyBlackList.pdat
[2015-10-28 15:26:23]	Error read file
[2015-10-28 15:26:23]	新词.txt
[2015-10-28 15:26:45]	Cannot open file 
[2015-10-28 15:26:45]	./\Data\KeyBlackList.pdat
[2015-10-28 15:26:45]	Error read file
[2015-10-28 15:26:45]	新词.txt
[2015-10-28 15:29:35]	Cannot open file 
[2015-10-28 15:29:35]	./\Data\KeyBlackList.pdat
[2015-10-28 15:29:35]	Error read file
[2015-10-28 15:29:35]	新词.txt
[2015-10-28 15:29:49]	Cannot open file 
[2015-10-28 15:29:49]	./\Data\KeyBlackList.pdat
[2015-10-28 15:29:49]	Error read file
[2015-10-28 15:29:49]	新词.txt
[2015-10-28 15:30:03]	Cannot open file 
[2015-10-28 15:30:03]	./\Data\KeyBlackList.pdat
[2015-10-28 15:30:03]	Error read file
[2015-10-28 15:30:03]	新词.txt
[2015-10-28 15:30:18]	Cannot open file 
[2015-10-28 15:30:18]	./\Data\KeyBlackList.pdat
[2015-10-28 15:30:18]	Error read file
[2015-10-28 15:30:18]	新词.txt
[2015-10-28 15:30:33]	Cannot open file 
[2015-10-28 15:30:33]	./\Data\KeyBlackList.pdat
[2015-10-28 15:30:33]	Error read file
[2015-10-28 15:30:33]	新词.txt
[2015-10-28 15:30:50]	Cannot open file 
[2015-10-28 15:30:50]	./\Data\KeyBlackList.pdat
[2015-10-28 15:30:51]	Error read file
[2015-10-28 15:30:51]	新词.txt
[2015-10-28 15:31:09]	Cannot open file 
[2015-10-28 15:31:09]	./\Data\KeyBlackList.pdat
[2015-10-28 15:31:09]	Error read file
[2015-10-28 15:31:09]	新词.txt
[2015-10-28 15:31:28]	Cannot open file 
[2015-10-28 15:31:28]	./\Data\KeyBlackList.pdat
[2015-10-28 15:31:28]	Error read file
[2015-10-28 15:31:28]	新词.txt
[2015-10-28 15:31:48]	Cannot open file 
[2015-10-28 15:31:48]	./\Data\KeyBlackList.pdat
[2015-10-28 15:31:48]	Error read file
[2015-10-28 15:31:48]	新词.txt
[2015-10-28 15:32:09]	Cannot open file 
[2015-10-28 15:32:09]	./\Data\KeyBlackList.pdat
[2015-10-28 15:32:09]	Error read file
[2015-10-28 15:32:09]	新词.txt
[2015-10-28 15:34:14]	Cannot open file 
[2015-10-28 15:34:14]	./\Data\KeyBlackList.pdat
[2015-10-28 15:34:14]	Error read file
[2015-10-28 15:34:14]	新词.txt
[2015-10-28 15:34:27]	Cannot open file 
[2015-10-28 15:34:27]	./\Data\KeyBlackList.pdat
[2015-10-28 15:34:27]	Error read file
[2015-10-28 15:34:27]	新词.txt
[2015-10-28 15:34:41]	Cannot open file 
[2015-10-28 15:34:41]	./\Data\KeyBlackList.pdat
[2015-10-28 15:34:41]	Error read file
[2015-10-28 15:34:41]	新词.txt
[2015-10-28 15:34:55]	Cannot open file 
[2015-10-28 15:34:55]	./\Data\KeyBlackList.pdat
[2015-10-28 15:34:55]	Error read file
[2015-10-28 15:34:55]	新词.txt
[2015-10-28 15:35:09]	Cannot open file 
[2015-10-28 15:35:09]	./\Data\KeyBlackList.pdat
[2015-10-28 15:35:09]	Error read file
[2015-10-28 15:35:09]	新词.txt
[2015-10-28 15:35:27]	Cannot open file 
[2015-10-28 15:35:27]	./\Data\KeyBlackList.pdat
[2015-10-28 15:35:27]	Error read file
[2015-10-28 15:35:27]	新词.txt
[2015-10-28 15:35:45]	Cannot open file 
[2015-10-28 15:35:45]	./\Data\KeyBlackList.pdat
[2015-10-28 15:35:45]	Error read file
[2015-10-28 15:35:45]	新词.txt
[2015-10-28 15:36:03]	Cannot open file 
[2015-10-28 15:36:03]	./\Data\KeyBlackList.pdat
[2015-10-28 15:36:03]	Error read file
[2015-10-28 15:36:03]	新词.txt
[2015-10-28 15:36:23]	Cannot open file 
[2015-10-28 15:36:23]	./\Data\KeyBlackList.pdat
[2015-10-28 15:36:23]	Error read file
[2015-10-28 15:36:23]	新词.txt
[2015-10-28 15:36:44]	Cannot open file 
[2015-10-28 15:36:44]	./\Data\KeyBlackList.pdat
[2015-10-28 15:36:44]	Error read file
[2015-10-28 15:36:44]	新词.txt
[2015-10-28 15:41:02]	Cannot open file 
[2015-10-28 15:41:02]	./\Data\KeyBlackList.pdat
[2015-10-28 15:41:02]	Error read file
[2015-10-28 15:41:02]	新词.txt
[2015-10-28 15:41:15]	Cannot open file 
[2015-10-28 15:41:15]	./\Data\KeyBlackList.pdat
[2015-10-28 15:41:15]	Error read file
[2015-10-28 15:41:15]	新词.txt
[2015-10-28 15:41:28]	Cannot open file 
[2015-10-28 15:41:28]	./\Data\KeyBlackList.pdat
[2015-10-28 15:41:28]	Error read file
[2015-10-28 15:41:28]	新词.txt
[2015-10-28 15:41:42]	Cannot open file 
[2015-10-28 15:41:42]	./\Data\KeyBlackList.pdat
[2015-10-28 15:41:42]	Error read file
[2015-10-28 15:41:42]	新词.txt
[2015-10-28 15:41:56]	Cannot open file 
[2015-10-28 15:41:56]	./\Data\KeyBlackList.pdat
[2015-10-28 15:41:56]	Error read file
[2015-10-28 15:41:56]	新词.txt
[2015-10-28 15:42:13]	Cannot open file 
[2015-10-28 15:42:13]	./\Data\KeyBlackList.pdat
[2015-10-28 15:42:13]	Error read file
[2015-10-28 15:42:13]	新词.txt
[2015-10-28 15:42:30]	Cannot open file 
[2015-10-28 15:42:30]	./\Data\KeyBlackList.pdat
[2015-10-28 15:42:30]	Error read file
[2015-10-28 15:42:30]	新词.txt
[2015-10-28 15:42:49]	Cannot open file 
[2015-10-28 15:42:49]	./\Data\KeyBlackList.pdat
[2015-10-28 15:42:49]	Error read file
[2015-10-28 15:42:49]	新词.txt
[2015-10-28 15:43:08]	Cannot open file 
[2015-10-28 15:43:08]	./\Data\KeyBlackList.pdat
[2015-10-28 15:43:08]	Error read file
[2015-10-28 15:43:08]	新词.txt
[2015-10-28 15:43:27]	Cannot open file 
[2015-10-28 15:43:27]	./\Data\KeyBlackList.pdat
[2015-10-28 15:43:27]	Error read file
[2015-10-28 15:43:27]	新词.txt
[2015-10-28 15:44:24]	Cannot open file 
[2015-10-28 15:44:24]	./\Data\KeyBlackList.pdat
[2015-10-28 15:44:24]	Error read file
[2015-10-28 15:44:24]	新词.txt
[2015-10-28 15:44:37]	Cannot open file 
[2015-10-28 15:44:37]	./\Data\KeyBlackList.pdat
[2015-10-28 15:44:37]	Error read file
[2015-10-28 15:44:37]	新词.txt
[2015-10-28 15:44:49]	Cannot open file 
[2015-10-28 15:44:49]	./\Data\KeyBlackList.pdat
[2015-10-28 15:44:49]	Error read file
[2015-10-28 15:44:49]	新词.txt
[2015-10-28 15:45:02]	Cannot open file 
[2015-10-28 15:45:02]	./\Data\KeyBlackList.pdat
[2015-10-28 15:45:02]	Error read file
[2015-10-28 15:45:02]	新词.txt
[2015-10-28 15:45:16]	Cannot open file 
[2015-10-28 15:45:16]	./\Data\KeyBlackList.pdat
[2015-10-28 15:45:16]	Error read file
[2015-10-28 15:45:16]	新词.txt
[2015-10-28 15:45:32]	Cannot open file 
[2015-10-28 15:45:32]	./\Data\KeyBlackList.pdat
[2015-10-28 15:45:32]	Error read file
[2015-10-28 15:45:32]	新词.txt
[2015-10-28 15:45:49]	Cannot open file 
[2015-10-28 15:45:49]	./\Data\KeyBlackList.pdat
[2015-10-28 15:45:49]	Error read file
[2015-10-28 15:45:49]	新词.txt
[2015-10-28 15:46:07]	Cannot open file 
[2015-10-28 15:46:07]	./\Data\KeyBlackList.pdat
[2015-10-28 15:46:07]	Error read file
[2015-10-28 15:46:07]	新词.txt
[2015-10-28 15:46:26]	Cannot open file 
[2015-10-28 15:46:26]	./\Data\KeyBlackList.pdat
[2015-10-28 15:46:26]	Error read file
[2015-10-28 15:46:26]	新词.txt
[2015-10-28 15:46:45]	Cannot open file 
[2015-10-28 15:46:45]	./\Data\KeyBlackList.pdat
[2015-10-28 15:46:45]	Error read file
[2015-10-28 15:46:45]	新词.txt
[2015-10-28 15:51:06]	Cannot open file 
[2015-10-28 15:51:06]	./\Data\KeyBlackList.pdat
[2015-10-28 15:51:06]	Error read file
[2015-10-28 15:51:06]	新词.txt
[2015-10-28 15:51:18]	Cannot open file 
[2015-10-28 15:51:18]	./\Data\KeyBlackList.pdat
[2015-10-28 15:51:18]	Error read file
[2015-10-28 15:51:18]	新词.txt
[2015-10-28 15:51:31]	Cannot open file 
[2015-10-28 15:51:31]	./\Data\KeyBlackList.pdat
[2015-10-28 15:51:31]	Error read file
[2015-10-28 15:51:31]	新词.txt
[2015-10-28 15:51:44]	Cannot open file 
[2015-10-28 15:51:44]	./\Data\KeyBlackList.pdat
[2015-10-28 15:51:44]	Error read file
[2015-10-28 15:51:44]	新词.txt
[2015-10-28 15:52:00]	Cannot open file 
[2015-10-28 15:52:00]	./\Data\KeyBlackList.pdat
[2015-10-28 15:52:00]	Error read file
[2015-10-28 15:52:00]	新词.txt
[2015-10-28 15:52:16]	Cannot open file 
[2015-10-28 15:52:16]	./\Data\KeyBlackList.pdat
[2015-10-28 15:52:16]	Error read file
[2015-10-28 15:52:16]	新词.txt
[2015-10-28 15:52:33]	Cannot open file 
[2015-10-28 15:52:33]	./\Data\KeyBlackList.pdat
[2015-10-28 15:52:33]	Error read file
[2015-10-28 15:52:33]	新词.txt
[2015-10-28 15:52:51]	Cannot open file 
[2015-10-28 15:52:51]	./\Data\KeyBlackList.pdat
[2015-10-28 15:52:51]	Error read file
[2015-10-28 15:52:51]	新词.txt
[2015-10-28 15:53:09]	Cannot open file 
[2015-10-28 15:53:09]	./\Data\KeyBlackList.pdat
[2015-10-28 15:53:09]	Error read file
[2015-10-28 15:53:09]	新词.txt
[2015-10-28 15:53:29]	Cannot open file 
[2015-10-28 15:53:29]	./\Data\KeyBlackList.pdat
[2015-10-28 15:53:29]	Error read file
[2015-10-28 15:53:29]	新词.txt
[2015-10-28 15:55:36]	Cannot open file 
[2015-10-28 15:55:36]	./\Data\KeyBlackList.pdat
[2015-10-28 15:55:36]	Error read file
[2015-10-28 15:55:36]	新词.txt
[2015-10-28 15:55:48]	Cannot open file 
[2015-10-28 15:55:48]	./\Data\KeyBlackList.pdat
[2015-10-28 15:55:48]	Error read file
[2015-10-28 15:55:48]	新词.txt
[2015-10-28 15:56:00]	Cannot open file 
[2015-10-28 15:56:00]	./\Data\KeyBlackList.pdat
[2015-10-28 15:56:00]	Error read file
[2015-10-28 15:56:00]	新词.txt
[2015-10-28 15:56:13]	Cannot open file 
[2015-10-28 15:56:13]	./\Data\KeyBlackList.pdat
[2015-10-28 15:56:13]	Error read file
[2015-10-28 15:56:13]	新词.txt
[2015-10-28 15:56:27]	Cannot open file 
[2015-10-28 15:56:27]	./\Data\KeyBlackList.pdat
[2015-10-28 15:56:27]	Error read file
[2015-10-28 15:56:27]	新词.txt
[2015-10-28 15:56:43]	Cannot open file 
[2015-10-28 15:56:43]	./\Data\KeyBlackList.pdat
[2015-10-28 15:56:43]	Error read file
[2015-10-28 15:56:43]	新词.txt
[2015-10-28 15:56:59]	Cannot open file 
[2015-10-28 15:56:59]	./\Data\KeyBlackList.pdat
[2015-10-28 15:56:59]	Error read file
[2015-10-28 15:56:59]	新词.txt
[2015-10-28 15:57:17]	Cannot open file 
[2015-10-28 15:57:17]	./\Data\KeyBlackList.pdat
[2015-10-28 15:57:17]	Error read file
[2015-10-28 15:57:17]	新词.txt
[2015-10-28 15:57:35]	Cannot open file 
[2015-10-28 15:57:35]	./\Data\KeyBlackList.pdat
[2015-10-28 15:57:35]	Error read file
[2015-10-28 15:57:35]	新词.txt
[2015-10-28 15:57:54]	Cannot open file 
[2015-10-28 15:57:54]	./\Data\KeyBlackList.pdat
[2015-10-28 15:57:54]	Error read file
[2015-10-28 15:57:54]	新词.txt
[2015-10-28 16:00:55]	Cannot open file 
[2015-10-28 16:00:55]	./\Data\KeyBlackList.pdat
[2015-10-28 16:00:55]	Error read file
[2015-10-28 16:00:55]	新词.txt
[2015-10-28 16:01:07]	Cannot open file 
[2015-10-28 16:01:07]	./\Data\KeyBlackList.pdat
[2015-10-28 16:01:07]	Error read file
[2015-10-28 16:01:07]	新词.txt
[2015-10-28 16:01:19]	Cannot open file 
[2015-10-28 16:01:19]	./\Data\KeyBlackList.pdat
[2015-10-28 16:01:19]	Error read file
[2015-10-28 16:01:19]	新词.txt
[2015-10-28 16:01:32]	Cannot open file 
[2015-10-28 16:01:32]	./\Data\KeyBlackList.pdat
[2015-10-28 16:01:32]	Error read file
[2015-10-28 16:01:32]	新词.txt
[2015-10-28 16:01:47]	Cannot open file 
[2015-10-28 16:01:47]	./\Data\KeyBlackList.pdat
[2015-10-28 16:01:47]	Error read file
[2015-10-28 16:01:47]	新词.txt
[2015-10-28 16:02:02]	Cannot open file 
[2015-10-28 16:02:02]	./\Data\KeyBlackList.pdat
[2015-10-28 16:02:02]	Error read file
[2015-10-28 16:02:02]	新词.txt
[2015-10-28 16:02:18]	Cannot open file 
[2015-10-28 16:02:18]	./\Data\KeyBlackList.pdat
[2015-10-28 16:02:18]	Error read file
[2015-10-28 16:02:18]	新词.txt
[2015-10-28 16:02:35]	Cannot open file 
[2015-10-28 16:02:35]	./\Data\KeyBlackList.pdat
[2015-10-28 16:02:35]	Error read file
[2015-10-28 16:02:35]	新词.txt
[2015-10-28 16:02:53]	Cannot open file 
[2015-10-28 16:02:53]	./\Data\KeyBlackList.pdat
[2015-10-28 16:02:53]	Error read file
[2015-10-28 16:02:53]	新词.txt
[2015-10-28 16:03:11]	Cannot open file 
[2015-10-28 16:03:11]	./\Data\KeyBlackList.pdat
[2015-10-28 16:03:11]	Error read file
[2015-10-28 16:03:11]	新词.txt
[2015-10-28 16:05:08]	Cannot open file 
[2015-10-28 16:05:08]	./\Data\KeyBlackList.pdat
[2015-10-28 16:05:08]	Error read file
[2015-10-28 16:05:08]	新词.txt
[2015-10-28 16:05:20]	Cannot open file 
[2015-10-28 16:05:20]	./\Data\KeyBlackList.pdat
[2015-10-28 16:05:20]	Error read file
[2015-10-28 16:05:20]	新词.txt
[2015-10-28 16:05:32]	Cannot open file 
[2015-10-28 16:05:32]	./\Data\KeyBlackList.pdat
[2015-10-28 16:05:32]	Error read file
[2015-10-28 16:05:32]	新词.txt
[2015-10-28 16:05:44]	Cannot open file 
[2015-10-28 16:05:44]	./\Data\KeyBlackList.pdat
[2015-10-28 16:05:44]	Error read file
[2015-10-28 16:05:44]	新词.txt
[2015-10-28 16:05:57]	Cannot open file 
[2015-10-28 16:05:57]	./\Data\KeyBlackList.pdat
[2015-10-28 16:05:57]	Error read file
[2015-10-28 16:05:57]	新词.txt
[2015-10-28 16:06:12]	Cannot open file 
[2015-10-28 16:06:12]	./\Data\KeyBlackList.pdat
[2015-10-28 16:06:12]	Error read file
[2015-10-28 16:06:12]	新词.txt
[2015-10-28 16:06:29]	Cannot open file 
[2015-10-28 16:06:29]	./\Data\KeyBlackList.pdat
[2015-10-28 16:06:29]	Error read file
[2015-10-28 16:06:29]	新词.txt
[2015-10-28 16:06:46]	Cannot open file 
[2015-10-28 16:06:46]	./\Data\KeyBlackList.pdat
[2015-10-28 16:06:46]	Error read file
[2015-10-28 16:06:46]	新词.txt
[2015-10-28 16:07:04]	Cannot open file 
[2015-10-28 16:07:04]	./\Data\KeyBlackList.pdat
[2015-10-28 16:07:04]	Error read file
[2015-10-28 16:07:04]	新词.txt
[2015-10-28 16:07:22]	Cannot open file 
[2015-10-28 16:07:22]	./\Data\KeyBlackList.pdat
[2015-10-28 16:07:22]	Error read file
[2015-10-28 16:07:22]	新词.txt
[2015-10-28 16:08:45]	Cannot open file 
[2015-10-28 16:08:45]	./\Data\KeyBlackList.pdat
[2015-10-28 16:08:45]	Error read file
[2015-10-28 16:08:45]	新词.txt
[2015-10-28 16:08:57]	Cannot open file 
[2015-10-28 16:08:57]	./\Data\KeyBlackList.pdat
[2015-10-28 16:08:57]	Error read file
[2015-10-28 16:08:57]	新词.txt
[2015-10-28 16:09:09]	Cannot open file 
[2015-10-28 16:09:09]	./\Data\KeyBlackList.pdat
[2015-10-28 16:09:09]	Error read file
[2015-10-28 16:09:09]	新词.txt
[2015-10-28 16:09:21]	Cannot open file 
[2015-10-28 16:09:21]	./\Data\KeyBlackList.pdat
[2015-10-28 16:09:21]	Error read file
[2015-10-28 16:09:21]	新词.txt
[2015-10-28 16:09:34]	Cannot open file 
[2015-10-28 16:09:34]	./\Data\KeyBlackList.pdat
[2015-10-28 16:09:34]	Error read file
[2015-10-28 16:09:34]	新词.txt
[2015-10-28 16:09:49]	Cannot open file 
[2015-10-28 16:09:49]	./\Data\KeyBlackList.pdat
[2015-10-28 16:09:49]	Error read file
[2015-10-28 16:09:49]	新词.txt
[2015-10-28 16:10:05]	Cannot open file 
[2015-10-28 16:10:05]	./\Data\KeyBlackList.pdat
[2015-10-28 16:10:05]	Error read file
[2015-10-28 16:10:05]	新词.txt
[2015-10-28 16:10:22]	Cannot open file 
[2015-10-28 16:10:22]	./\Data\KeyBlackList.pdat
[2015-10-28 16:10:22]	Error read file
[2015-10-28 16:10:22]	新词.txt
[2015-10-28 16:10:39]	Cannot open file 
[2015-10-28 16:10:39]	./\Data\KeyBlackList.pdat
[2015-10-28 16:10:39]	Error read file
[2015-10-28 16:10:39]	新词.txt
[2015-10-28 16:10:57]	Cannot open file 
[2015-10-28 16:10:57]	./\Data\KeyBlackList.pdat
[2015-10-28 16:10:57]	Error read file
[2015-10-28 16:10:57]	新词.txt
[2015-10-28 16:17:25]	Cannot open file 
[2015-10-28 16:17:25]	./\Data\KeyBlackList.pdat
[2015-10-28 16:17:25]	Error read file
[2015-10-28 16:17:25]	新词.txt
[2015-10-28 16:17:37]	Cannot open file 
[2015-10-28 16:17:37]	./\Data\KeyBlackList.pdat
[2015-10-28 16:17:37]	Error read file
[2015-10-28 16:17:37]	新词.txt
[2015-10-28 16:17:50]	Cannot open file 
[2015-10-28 16:17:50]	./\Data\KeyBlackList.pdat
[2015-10-28 16:17:50]	Error read file
[2015-10-28 16:17:50]	新词.txt
[2015-10-28 16:18:05]	Cannot open file 
[2015-10-28 16:18:05]	./\Data\KeyBlackList.pdat
[2015-10-28 16:18:05]	Error read file
[2015-10-28 16:18:05]	新词.txt
[2015-10-28 16:18:20]	Cannot open file 
[2015-10-28 16:18:20]	./\Data\KeyBlackList.pdat
[2015-10-28 16:18:20]	Error read file
[2015-10-28 16:18:20]	新词.txt
[2015-10-28 16:18:38]	Cannot open file 
[2015-10-28 16:18:38]	./\Data\KeyBlackList.pdat
[2015-10-28 16:18:38]	Error read file
[2015-10-28 16:18:38]	新词.txt
[2015-10-28 16:18:57]	Cannot open file 
[2015-10-28 16:18:57]	./\Data\KeyBlackList.pdat
[2015-10-28 16:18:57]	Error read file
[2015-10-28 16:18:57]	新词.txt
[2015-10-28 16:19:17]	Cannot open file 
[2015-10-28 16:19:17]	./\Data\KeyBlackList.pdat
[2015-10-28 16:19:17]	Error read file
[2015-10-28 16:19:17]	新词.txt
[2015-10-28 16:19:39]	Cannot open file 
[2015-10-28 16:19:39]	./\Data\KeyBlackList.pdat
[2015-10-28 16:19:39]	Error read file
[2015-10-28 16:19:39]	新词.txt
[2015-10-28 16:20:02]	Cannot open file 
[2015-10-28 16:20:02]	./\Data\KeyBlackList.pdat
[2015-10-28 16:20:02]	Error read file
[2015-10-28 16:20:02]	新词.txt
[2015-10-28 16:21:00]	Cannot open file 
[2015-10-28 16:21:00]	./\Data\KeyBlackList.pdat
[2015-10-28 16:21:00]	Error read file
[2015-10-28 16:21:00]	新词.txt
[2015-10-28 16:21:14]	Cannot open file 
[2015-10-28 16:21:14]	./\Data\KeyBlackList.pdat
[2015-10-28 16:21:14]	Error read file
[2015-10-28 16:21:14]	新词.txt
[2015-10-28 16:21:27]	Cannot open file 
[2015-10-28 16:21:27]	./\Data\KeyBlackList.pdat
[2015-10-28 16:21:27]	Error read file
[2015-10-28 16:21:27]	新词.txt
[2015-10-28 16:21:42]	Cannot open file 
[2015-10-28 16:21:42]	./\Data\KeyBlackList.pdat
[2015-10-28 16:21:42]	Error read file
[2015-10-28 16:21:42]	新词.txt
[2015-10-28 16:21:58]	Cannot open file 
[2015-10-28 16:21:58]	./\Data\KeyBlackList.pdat
[2015-10-28 16:21:58]	Error read file
[2015-10-28 16:21:58]	新词.txt
[2015-10-28 16:22:15]	Cannot open file 
[2015-10-28 16:22:15]	./\Data\KeyBlackList.pdat
[2015-10-28 16:22:15]	Error read file
[2015-10-28 16:22:15]	新词.txt
[2015-10-28 16:22:34]	Cannot open file 
[2015-10-28 16:22:34]	./\Data\KeyBlackList.pdat
[2015-10-28 16:22:34]	Error read file
[2015-10-28 16:22:34]	新词.txt
[2015-10-28 16:22:53]	Cannot open file 
[2015-10-28 16:22:53]	./\Data\KeyBlackList.pdat
[2015-10-28 16:22:54]	Error read file
[2015-10-28 16:22:54]	新词.txt
[2015-10-28 16:23:15]	Cannot open file 
[2015-10-28 16:23:15]	./\Data\KeyBlackList.pdat
[2015-10-28 16:23:15]	Error read file
[2015-10-28 16:23:15]	新词.txt
[2015-10-28 16:23:37]	Cannot open file 
[2015-10-28 16:23:37]	./\Data\KeyBlackList.pdat
[2015-10-28 16:23:37]	Error read file
[2015-10-28 16:23:37]	新词.txt
[2015-10-28 16:25:21]	Cannot open file 
[2015-10-28 16:25:21]	./\Data\KeyBlackList.pdat
[2015-10-28 16:25:21]	Error read file
[2015-10-28 16:25:21]	新词.txt
[2015-10-28 16:25:35]	Cannot open file 
[2015-10-28 16:25:35]	./\Data\KeyBlackList.pdat
[2015-10-28 16:25:35]	Error read file
[2015-10-28 16:25:35]	新词.txt
[2015-10-28 16:25:48]	Cannot open file 
[2015-10-28 16:25:48]	./\Data\KeyBlackList.pdat
[2015-10-28 16:25:48]	Error read file
[2015-10-28 16:25:48]	新词.txt
[2015-10-28 16:26:03]	Cannot open file 
[2015-10-28 16:26:03]	./\Data\KeyBlackList.pdat
[2015-10-28 16:26:03]	Error read file
[2015-10-28 16:26:03]	新词.txt
[2015-10-28 16:26:19]	Cannot open file 
[2015-10-28 16:26:19]	./\Data\KeyBlackList.pdat
[2015-10-28 16:26:19]	Error read file
[2015-10-28 16:26:19]	新词.txt
[2015-10-28 16:26:37]	Cannot open file 
[2015-10-28 16:26:37]	./\Data\KeyBlackList.pdat
[2015-10-28 16:26:37]	Error read file
[2015-10-28 16:26:37]	新词.txt
[2015-10-28 16:26:55]	Cannot open file 
[2015-10-28 16:26:55]	./\Data\KeyBlackList.pdat
[2015-10-28 16:26:55]	Error read file
[2015-10-28 16:26:55]	新词.txt
[2015-10-28 16:27:15]	Cannot open file 
[2015-10-28 16:27:15]	./\Data\KeyBlackList.pdat
[2015-10-28 16:27:15]	Error read file
[2015-10-28 16:27:15]	新词.txt
[2015-10-28 16:27:37]	Cannot open file 
[2015-10-28 16:27:37]	./\Data\KeyBlackList.pdat
[2015-10-28 16:27:37]	Error read file
[2015-10-28 16:27:37]	新词.txt
[2015-10-28 16:27:58]	Cannot open file 
[2015-10-28 16:27:58]	./\Data\KeyBlackList.pdat
[2015-10-28 16:27:58]	Error read file
[2015-10-28 16:27:58]	新词.txt
[2015-10-28 16:30:48]	Cannot open file 
[2015-10-28 16:30:48]	./\Data\KeyBlackList.pdat
[2015-10-28 16:30:48]	Error read file
[2015-10-28 16:30:48]	新词.txt
[2015-10-28 16:31:02]	Cannot open file 
[2015-10-28 16:31:02]	./\Data\KeyBlackList.pdat
[2015-10-28 16:31:02]	Error read file
[2015-10-28 16:31:02]	新词.txt
[2015-10-28 16:31:16]	Cannot open file 
[2015-10-28 16:31:16]	./\Data\KeyBlackList.pdat
[2015-10-28 16:31:16]	Error read file
[2015-10-28 16:31:16]	新词.txt
[2015-10-28 16:31:31]	Cannot open file 
[2015-10-28 16:31:31]	./\Data\KeyBlackList.pdat
[2015-10-28 16:31:31]	Error read file
[2015-10-28 16:31:31]	新词.txt
[2015-10-28 16:31:48]	Cannot open file 
[2015-10-28 16:31:48]	./\Data\KeyBlackList.pdat
[2015-10-28 16:31:48]	Error read file
[2015-10-28 16:31:48]	新词.txt
[2015-10-28 16:32:06]	Cannot open file 
[2015-10-28 16:32:06]	./\Data\KeyBlackList.pdat
[2015-10-28 16:32:06]	Error read file
[2015-10-28 16:32:06]	新词.txt
[2015-10-28 16:32:27]	Cannot open file 
[2015-10-28 16:32:27]	./\Data\KeyBlackList.pdat
[2015-10-28 16:32:27]	Error read file
[2015-10-28 16:32:27]	新词.txt
[2015-10-28 16:32:47]	Cannot open file 
[2015-10-28 16:32:47]	./\Data\KeyBlackList.pdat
[2015-10-28 16:32:47]	Error read file
[2015-10-28 16:32:47]	新词.txt
[2015-10-28 16:33:09]	Cannot open file 
[2015-10-28 16:33:09]	./\Data\KeyBlackList.pdat
[2015-10-28 16:33:09]	Error read file
[2015-10-28 16:33:09]	新词.txt
[2015-10-28 16:33:33]	Cannot open file 
[2015-10-28 16:33:33]	./\Data\KeyBlackList.pdat
[2015-10-28 16:33:33]	Error read file
[2015-10-28 16:33:33]	新词.txt
[2015-10-28 16:37:01]	Cannot open file 
[2015-10-28 16:37:01]	./\Data\KeyBlackList.pdat
[2015-10-28 16:37:01]	Error read file
[2015-10-28 16:37:01]	新词.txt
[2015-10-28 16:37:15]	Cannot open file 
[2015-10-28 16:37:15]	./\Data\KeyBlackList.pdat
[2015-10-28 16:37:15]	Error read file
[2015-10-28 16:37:15]	新词.txt
[2015-10-28 16:37:29]	Cannot open file 
[2015-10-28 16:37:29]	./\Data\KeyBlackList.pdat
[2015-10-28 16:37:29]	Error read file
[2015-10-28 16:37:29]	新词.txt
[2015-10-28 16:37:44]	Cannot open file 
[2015-10-28 16:37:44]	./\Data\KeyBlackList.pdat
[2015-10-28 16:37:44]	Error read file
[2015-10-28 16:37:44]	新词.txt
[2015-10-28 16:38:01]	Cannot open file 
[2015-10-28 16:38:01]	./\Data\KeyBlackList.pdat
[2015-10-28 16:38:01]	Error read file
[2015-10-28 16:38:01]	新词.txt
[2015-10-28 16:38:19]	Cannot open file 
[2015-10-28 16:38:19]	./\Data\KeyBlackList.pdat
[2015-10-28 16:38:19]	Error read file
[2015-10-28 16:38:19]	新词.txt
[2015-10-28 16:38:39]	Cannot open file 
[2015-10-28 16:38:39]	./\Data\KeyBlackList.pdat
[2015-10-28 16:38:39]	Error read file
[2015-10-28 16:38:39]	新词.txt
[2015-10-28 16:39:00]	Cannot open file 
[2015-10-28 16:39:00]	./\Data\KeyBlackList.pdat
[2015-10-28 16:39:00]	Error read file
[2015-10-28 16:39:00]	新词.txt
[2015-10-28 16:39:22]	Cannot open file 
[2015-10-28 16:39:22]	./\Data\KeyBlackList.pdat
[2015-10-28 16:39:22]	Error read file
[2015-10-28 16:39:22]	新词.txt
[2015-10-28 16:39:45]	Cannot open file 
[2015-10-28 16:39:45]	./\Data\KeyBlackList.pdat
[2015-10-28 16:39:45]	Error read file
[2015-10-28 16:39:45]	新词.txt
[2015-10-28 16:40:34]	Cannot open file 
[2015-10-28 16:40:34]	./\Data\KeyBlackList.pdat
[2015-10-28 16:40:34]	Error read file
[2015-10-28 16:40:34]	新词.txt
[2015-10-28 16:40:48]	Cannot open file 
[2015-10-28 16:40:48]	./\Data\KeyBlackList.pdat
[2015-10-28 16:40:48]	Error read file
[2015-10-28 16:40:48]	新词.txt
[2015-10-28 16:41:02]	Cannot open file 
[2015-10-28 16:41:02]	./\Data\KeyBlackList.pdat
[2015-10-28 16:41:02]	Error read file
[2015-10-28 16:41:02]	新词.txt
[2015-10-28 16:41:18]	Cannot open file 
[2015-10-28 16:41:18]	./\Data\KeyBlackList.pdat
[2015-10-28 16:41:18]	Error read file
[2015-10-28 16:41:18]	新词.txt
[2015-10-28 16:41:35]	Cannot open file 
[2015-10-28 16:41:35]	./\Data\KeyBlackList.pdat
[2015-10-28 16:41:35]	Error read file
[2015-10-28 16:41:35]	新词.txt
[2015-10-28 16:41:54]	Cannot open file 
[2015-10-28 16:41:54]	./\Data\KeyBlackList.pdat
[2015-10-28 16:41:54]	Error read file
[2015-10-28 16:41:54]	新词.txt
[2015-10-28 16:42:14]	Cannot open file 
[2015-10-28 16:42:14]	./\Data\KeyBlackList.pdat
[2015-10-28 16:42:14]	Error read file
[2015-10-28 16:42:14]	新词.txt
[2015-10-28 16:42:34]	Cannot open file 
[2015-10-28 16:42:34]	./\Data\KeyBlackList.pdat
[2015-10-28 16:42:34]	Error read file
[2015-10-28 16:42:34]	新词.txt
[2015-10-28 16:42:56]	Cannot open file 
[2015-10-28 16:42:56]	./\Data\KeyBlackList.pdat
[2015-10-28 16:42:56]	Error read file
[2015-10-28 16:42:56]	新词.txt
[2015-10-28 16:43:20]	Cannot open file 
[2015-10-28 16:43:20]	./\Data\KeyBlackList.pdat
[2015-10-28 16:43:20]	Error read file
[2015-10-28 16:43:20]	新词.txt
[2015-10-28 16:47:24]	Cannot open file 
[2015-10-28 16:47:24]	./\Data\KeyBlackList.pdat
[2015-10-28 16:47:24]	Error read file
[2015-10-28 16:47:24]	新词.txt
[2015-10-28 16:47:39]	Cannot open file 
[2015-10-28 16:47:39]	./\Data\KeyBlackList.pdat
[2015-10-28 16:47:39]	Error read file
[2015-10-28 16:47:39]	新词.txt
[2015-10-28 16:47:54]	Cannot open file 
[2015-10-28 16:47:54]	./\Data\KeyBlackList.pdat
[2015-10-28 16:47:54]	Error read file
[2015-10-28 16:47:54]	新词.txt
[2015-10-28 16:48:10]	Cannot open file 
[2015-10-28 16:48:10]	./\Data\KeyBlackList.pdat
[2015-10-28 16:48:10]	Error read file
[2015-10-28 16:48:10]	新词.txt
[2015-10-28 16:48:27]	Cannot open file 
[2015-10-28 16:48:27]	./\Data\KeyBlackList.pdat
[2015-10-28 16:48:27]	Error read file
[2015-10-28 16:48:27]	新词.txt
[2015-10-28 16:48:46]	Cannot open file 
[2015-10-28 16:48:46]	./\Data\KeyBlackList.pdat
[2015-10-28 16:48:46]	Error read file
[2015-10-28 16:48:46]	新词.txt
[2015-10-28 16:49:07]	Cannot open file 
[2015-10-28 16:49:07]	./\Data\KeyBlackList.pdat
[2015-10-28 16:49:07]	Error read file
[2015-10-28 16:49:07]	新词.txt
[2015-10-28 16:49:28]	Cannot open file 
[2015-10-28 16:49:28]	./\Data\KeyBlackList.pdat
[2015-10-28 16:49:28]	Error read file
[2015-10-28 16:49:28]	新词.txt
[2015-10-28 16:49:52]	Cannot open file 
[2015-10-28 16:49:52]	./\Data\KeyBlackList.pdat
[2015-10-28 16:49:52]	Error read file
[2015-10-28 16:49:52]	新词.txt
[2015-10-28 16:50:16]	Cannot open file 
[2015-10-28 16:50:16]	./\Data\KeyBlackList.pdat
[2015-10-28 16:50:17]	Error read file
[2015-10-28 16:50:17]	新词.txt
[2015-10-28 16:55:10]	Cannot open file 
[2015-10-28 16:55:10]	./\Data\KeyBlackList.pdat
[2015-10-28 16:55:10]	Error read file
[2015-10-28 16:55:10]	新词.txt
[2015-10-28 16:55:26]	Cannot open file 
[2015-10-28 16:55:26]	./\Data\KeyBlackList.pdat
[2015-10-28 16:55:26]	Error read file
[2015-10-28 16:55:26]	新词.txt
[2015-10-28 16:55:42]	Cannot open file 
[2015-10-28 16:55:42]	./\Data\KeyBlackList.pdat
[2015-10-28 16:55:42]	Error read file
[2015-10-28 16:55:42]	新词.txt
[2015-10-28 16:55:59]	Cannot open file 
[2015-10-28 16:55:59]	./\Data\KeyBlackList.pdat
[2015-10-28 16:55:59]	Error read file
[2015-10-28 16:55:59]	新词.txt
[2015-10-28 16:56:18]	Cannot open file 
[2015-10-28 16:56:18]	./\Data\KeyBlackList.pdat
[2015-10-28 16:56:18]	Error read file
[2015-10-28 16:56:18]	新词.txt
[2015-10-28 16:56:38]	Cannot open file 
[2015-10-28 16:56:38]	./\Data\KeyBlackList.pdat
[2015-10-28 16:56:38]	Error read file
[2015-10-28 16:56:38]	新词.txt
[2015-10-28 16:56:59]	Cannot open file 
[2015-10-28 16:56:59]	./\Data\KeyBlackList.pdat
[2015-10-28 16:56:59]	Error read file
[2015-10-28 16:56:59]	新词.txt
[2015-10-28 16:57:21]	Cannot open file 
[2015-10-28 16:57:21]	./\Data\KeyBlackList.pdat
[2015-10-28 16:57:21]	Error read file
[2015-10-28 16:57:21]	新词.txt
[2015-10-28 16:57:45]	Cannot open file 
[2015-10-28 16:57:45]	./\Data\KeyBlackList.pdat
[2015-10-28 16:57:45]	Error read file
[2015-10-28 16:57:45]	新词.txt
[2015-10-28 16:58:10]	Cannot open file 
[2015-10-28 16:58:10]	./\Data\KeyBlackList.pdat
[2015-10-28 16:58:10]	Error read file
[2015-10-28 16:58:10]	新词.txt
[2015-10-28 16:59:13]	Cannot open file 
[2015-10-28 16:59:13]	./\Data\KeyBlackList.pdat
[2015-10-28 16:59:13]	Error read file
[2015-10-28 16:59:14]	新词.txt
[2015-10-28 16:59:30]	Cannot open file 
[2015-10-28 16:59:30]	./\Data\KeyBlackList.pdat
[2015-10-28 16:59:30]	Error read file
[2015-10-28 16:59:30]	新词.txt
[2015-10-28 16:59:47]	Cannot open file 
[2015-10-28 16:59:47]	./\Data\KeyBlackList.pdat
[2015-10-28 16:59:47]	Error read file
[2015-10-28 16:59:47]	新词.txt
[2015-10-28 17:00:07]	Cannot open file 
[2015-10-28 17:00:07]	./\Data\KeyBlackList.pdat
[2015-10-28 17:00:07]	Error read file
[2015-10-28 17:00:07]	新词.txt
[2015-10-28 17:00:28]	Cannot open file 
[2015-10-28 17:00:28]	./\Data\KeyBlackList.pdat
[2015-10-28 17:00:28]	Error read file
[2015-10-28 17:00:28]	新词.txt
[2015-10-28 17:00:50]	Cannot open file 
[2015-10-28 17:00:50]	./\Data\KeyBlackList.pdat
[2015-10-28 17:00:50]	Error read file
[2015-10-28 17:00:50]	新词.txt
[2015-10-28 17:01:13]	Cannot open file 
[2015-10-28 17:01:13]	./\Data\KeyBlackList.pdat
[2015-10-28 17:01:13]	Error read file
[2015-10-28 17:01:13]	新词.txt
[2015-10-28 17:01:38]	Cannot open file 
[2015-10-28 17:01:38]	./\Data\KeyBlackList.pdat
[2015-10-28 17:01:38]	Error read file
[2015-10-28 17:01:38]	新词.txt
[2015-10-28 17:02:04]	Cannot open file 
[2015-10-28 17:02:04]	./\Data\KeyBlackList.pdat
[2015-10-28 17:02:04]	Error read file
[2015-10-28 17:02:04]	新词.txt
[2015-10-28 17:02:35]	Cannot open file 
[2015-10-28 17:02:35]	./\Data\KeyBlackList.pdat
[2015-10-28 17:02:35]	Error read file
[2015-10-28 17:02:35]	新词.txt
[2015-10-28 17:04:55]	Cannot open file 
[2015-10-28 17:04:55]	./\Data\KeyBlackList.pdat
[2015-10-28 17:04:55]	Error read file
[2015-10-28 17:04:55]	新词.txt
[2015-10-28 17:05:13]	Cannot open file 
[2015-10-28 17:05:13]	./\Data\KeyBlackList.pdat
[2015-10-28 17:05:14]	Error read file
[2015-10-28 17:05:14]	新词.txt
[2015-10-28 17:05:31]	Cannot open file 
[2015-10-28 17:05:31]	./\Data\KeyBlackList.pdat
[2015-10-28 17:05:31]	Error read file
[2015-10-28 17:05:31]	新词.txt
[2015-10-28 17:05:51]	Cannot open file 
[2015-10-28 17:05:51]	./\Data\KeyBlackList.pdat
[2015-10-28 17:05:51]	Error read file
[2015-10-28 17:05:51]	新词.txt
[2015-10-28 17:06:12]	Cannot open file 
[2015-10-28 17:06:12]	./\Data\KeyBlackList.pdat
[2015-10-28 17:06:12]	Error read file
[2015-10-28 17:06:12]	新词.txt
[2015-10-28 17:06:34]	Cannot open file 
[2015-10-28 17:06:34]	./\Data\KeyBlackList.pdat
[2015-10-28 17:06:34]	Error read file
[2015-10-28 17:06:34]	新词.txt
[2015-10-28 17:06:58]	Cannot open file 
[2015-10-28 17:06:58]	./\Data\KeyBlackList.pdat
[2015-10-28 17:06:58]	Error read file
[2015-10-28 17:06:58]	新词.txt
[2015-10-28 17:07:24]	Cannot open file 
[2015-10-28 17:07:24]	./\Data\KeyBlackList.pdat
[2015-10-28 17:07:24]	Error read file
[2015-10-28 17:07:25]	新词.txt
[2015-10-28 17:07:51]	Cannot open file 
[2015-10-28 17:07:51]	./\Data\KeyBlackList.pdat
[2015-10-28 17:07:51]	Error read file
[2015-10-28 17:07:51]	新词.txt
[2015-10-28 17:08:19]	Cannot open file 
[2015-10-28 17:08:19]	./\Data\KeyBlackList.pdat
[2015-10-28 17:08:19]	Error read file
[2015-10-28 17:08:19]	新词.txt
[2015-10-28 17:11:16]	Cannot open file 
[2015-10-28 17:11:16]	./\Data\KeyBlackList.pdat
[2015-10-28 17:11:16]	Error read file
[2015-10-28 17:11:16]	新词.txt
[2015-10-28 17:11:37]	Cannot open file 
[2015-10-28 17:11:37]	./\Data\KeyBlackList.pdat
[2015-10-28 17:11:37]	Error read file
[2015-10-28 17:11:37]	新词.txt
[2015-10-28 17:11:59]	Cannot open file 
[2015-10-28 17:11:59]	./\Data\KeyBlackList.pdat
[2015-10-28 17:11:59]	Error read file
[2015-10-28 17:11:59]	新词.txt
[2015-10-28 17:12:23]	Cannot open file 
[2015-10-28 17:12:23]	./\Data\KeyBlackList.pdat
[2015-10-28 17:12:23]	Error read file
[2015-10-28 17:12:23]	新词.txt
[2015-10-28 17:12:52]	Cannot open file 
[2015-10-28 17:12:52]	./\Data\KeyBlackList.pdat
[2015-10-28 17:12:52]	Error read file
[2015-10-28 17:12:52]	新词.txt
[2015-10-28 17:13:24]	Cannot open file 
[2015-10-28 17:13:24]	./\Data\KeyBlackList.pdat
[2015-10-28 17:13:24]	Error read file
[2015-10-28 17:13:24]	新词.txt
[2015-10-28 17:13:56]	Cannot open file 
[2015-10-28 17:13:56]	./\Data\KeyBlackList.pdat
[2015-10-28 17:13:56]	Error read file
[2015-10-28 17:13:56]	新词.txt
[2015-10-28 17:14:30]	Cannot open file 
[2015-10-28 17:14:30]	./\Data\KeyBlackList.pdat
[2015-10-28 17:14:30]	Error read file
[2015-10-28 17:14:30]	新词.txt
[2015-10-28 17:15:04]	Cannot open file 
[2015-10-28 17:15:04]	./\Data\KeyBlackList.pdat
[2015-10-28 17:15:05]	Error read file
[2015-10-28 17:15:05]	新词.txt
[2015-10-28 17:15:40]	Cannot open file 
[2015-10-28 17:15:40]	./\Data\KeyBlackList.pdat
[2015-10-28 17:15:40]	Error read file
[2015-10-28 17:15:40]	新词.txt
[2015-10-28 17:28:38]	Cannot open file 
[2015-10-28 17:28:38]	./\Data\KeyBlackList.pdat
[2015-10-28 17:28:38]	Error read file
[2015-10-28 17:28:38]	新词.txt
[2015-10-28 17:29:08]	Cannot open file 
[2015-10-28 17:29:08]	./\Data\KeyBlackList.pdat
[2015-10-28 17:29:08]	Error read file
[2015-10-28 17:29:08]	新词.txt
[2015-10-28 17:29:41]	Cannot open file 
[2015-10-28 17:29:41]	./\Data\KeyBlackList.pdat
[2015-10-28 17:29:41]	Error read file
[2015-10-28 17:29:41]	新词.txt
[2015-10-28 17:30:31]	Cannot open file 
[2015-10-28 17:30:31]	./\Data\KeyBlackList.pdat
[2015-10-28 17:30:31]	Error read file
[2015-10-28 17:30:31]	新词.txt
[2015-10-28 17:30:47]	Cannot open file 
[2015-10-28 17:30:47]	./\Data\KeyBlackList.pdat
[2015-10-28 17:30:47]	Error read file
[2015-10-28 17:30:47]	新词.txt
[2015-10-28 17:31:04]	Cannot open file 
[2015-10-28 17:31:04]	./\Data\KeyBlackList.pdat
[2015-10-28 17:31:04]	Error read file
[2015-10-28 17:31:04]	新词.txt
[2015-10-28 17:31:21]	Cannot open file 
[2015-10-28 17:31:21]	./\Data\KeyBlackList.pdat
[2015-10-28 17:31:21]	Error read file
[2015-10-28 17:31:21]	新词.txt
[2015-10-28 17:31:42]	Cannot open file 
[2015-10-28 17:31:42]	./\Data\KeyBlackList.pdat
[2015-10-28 17:31:42]	Error read file
[2015-10-28 17:31:42]	新词.txt
[2015-10-28 17:32:04]	Cannot open file 
[2015-10-28 17:32:04]	./\Data\KeyBlackList.pdat
[2015-10-28 17:32:04]	Error read file
[2015-10-28 17:32:04]	新词.txt
[2015-10-28 17:32:28]	Cannot open file 
[2015-10-28 17:32:28]	./\Data\KeyBlackList.pdat
[2015-10-28 17:32:28]	Error read file
[2015-10-28 17:32:28]	新词.txt
[2015-10-28 17:32:54]	Cannot open file 
[2015-10-28 17:32:54]	./\Data\KeyBlackList.pdat
[2015-10-28 17:32:54]	Error read file
[2015-10-28 17:32:54]	新词.txt
[2015-10-28 17:33:20]	Cannot open file 
[2015-10-28 17:33:20]	./\Data\KeyBlackList.pdat
[2015-10-28 17:33:20]	Error read file
[2015-10-28 17:33:20]	新词.txt
[2015-10-28 17:33:48]	Cannot open file 
[2015-10-28 17:33:48]	./\Data\KeyBlackList.pdat
[2015-10-28 17:33:48]	Error read file
[2015-10-28 17:33:48]	新词.txt
[2015-10-28 17:37:24]	Cannot open file 
[2015-10-28 17:37:24]	./\Data\KeyBlackList.pdat
[2015-10-28 17:37:24]	Error read file
[2015-10-28 17:37:24]	新词.txt
[2015-10-28 17:37:39]	Cannot open file 
[2015-10-28 17:37:39]	./\Data\KeyBlackList.pdat
[2015-10-28 17:37:39]	Error read file
[2015-10-28 17:37:39]	新词.txt
[2015-10-28 17:37:55]	Cannot open file 
[2015-10-28 17:37:55]	./\Data\KeyBlackList.pdat
[2015-10-28 17:37:55]	Error read file
[2015-10-28 17:37:55]	新词.txt
[2015-10-28 17:38:12]	Cannot open file 
[2015-10-28 17:38:12]	./\Data\KeyBlackList.pdat
[2015-10-28 17:38:12]	Error read file
[2015-10-28 17:38:12]	新词.txt
[2015-10-28 17:38:30]	Cannot open file 
[2015-10-28 17:38:30]	./\Data\KeyBlackList.pdat
[2015-10-28 17:38:30]	Error read file
[2015-10-28 17:38:30]	新词.txt
[2015-10-28 17:38:50]	Cannot open file 
[2015-10-28 17:38:50]	./\Data\KeyBlackList.pdat
[2015-10-28 17:38:50]	Error read file
[2015-10-28 17:38:50]	新词.txt
[2015-10-28 17:39:11]	Cannot open file 
[2015-10-28 17:39:11]	./\Data\KeyBlackList.pdat
[2015-10-28 17:39:11]	Error read file
[2015-10-28 17:39:11]	新词.txt
[2015-10-28 17:39:33]	Cannot open file 
[2015-10-28 17:39:33]	./\Data\KeyBlackList.pdat
[2015-10-28 17:39:33]	Error read file
[2015-10-28 17:39:33]	新词.txt
[2015-10-28 17:39:58]	Cannot open file 
[2015-10-28 17:39:58]	./\Data\KeyBlackList.pdat
[2015-10-28 17:39:58]	Error read file
[2015-10-28 17:39:58]	新词.txt
[2015-10-28 17:40:23]	Cannot open file 
[2015-10-28 17:40:23]	./\Data\KeyBlackList.pdat
[2015-10-28 17:40:23]	Error read file
[2015-10-28 17:40:23]	新词.txt
[2015-10-28 17:42:08]	Cannot open file 
[2015-10-28 17:42:08]	./\Data\KeyBlackList.pdat
[2015-10-28 17:42:08]	Error read file
[2015-10-28 17:42:08]	新词.txt
[2015-10-28 17:42:25]	Cannot open file 
[2015-10-28 17:42:25]	./\Data\KeyBlackList.pdat
[2015-10-28 17:42:25]	Error read file
[2015-10-28 17:42:25]	新词.txt
[2015-10-28 17:42:44]	Cannot open file 
[2015-10-28 17:42:44]	./\Data\KeyBlackList.pdat
[2015-10-28 17:42:44]	Error read file
[2015-10-28 17:42:44]	新词.txt
[2015-10-28 17:43:04]	Cannot open file 
[2015-10-28 17:43:04]	./\Data\KeyBlackList.pdat
[2015-10-28 17:43:05]	Error read file
[2015-10-28 17:43:05]	新词.txt
[2015-10-28 17:43:29]	Cannot open file 
[2015-10-28 17:43:29]	./\Data\KeyBlackList.pdat
[2015-10-28 17:43:29]	Error read file
[2015-10-28 17:43:29]	新词.txt
[2015-10-28 17:43:53]	Cannot open file 
[2015-10-28 17:43:53]	./\Data\KeyBlackList.pdat
[2015-10-28 17:43:53]	Error read file
[2015-10-28 17:43:53]	新词.txt
[2015-10-28 17:44:19]	Cannot open file 
[2015-10-28 17:44:19]	./\Data\KeyBlackList.pdat
[2015-10-28 17:44:19]	Error read file
[2015-10-28 17:44:19]	新词.txt
[2015-10-28 17:44:47]	Cannot open file 
[2015-10-28 17:44:47]	./\Data\KeyBlackList.pdat
[2015-10-28 17:44:47]	Error read file
[2015-10-28 17:44:47]	新词.txt
[2015-10-28 17:45:15]	Cannot open file 
[2015-10-28 17:45:15]	./\Data\KeyBlackList.pdat
[2015-10-28 17:45:15]	Error read file
[2015-10-28 17:45:15]	新词.txt
[2015-10-28 17:45:45]	Cannot open file 
[2015-10-28 17:45:45]	./\Data\KeyBlackList.pdat
[2015-10-28 17:45:45]	Error read file
[2015-10-28 17:45:45]	新词.txt
[2015-10-28 17:46:40]	Cannot open file 
[2015-10-28 17:46:40]	./\Data\KeyBlackList.pdat
[2015-10-28 17:46:40]	Error read file
[2015-10-28 17:46:40]	新词.txt
[2015-10-28 17:47:00]	Cannot open file 
[2015-10-28 17:47:00]	./\Data\KeyBlackList.pdat
[2015-10-28 17:47:00]	Error read file
[2015-10-28 17:47:00]	新词.txt
[2015-10-28 17:47:20]	Cannot open file 
[2015-10-28 17:47:20]	./\Data\KeyBlackList.pdat
[2015-10-28 17:47:20]	Error read file
[2015-10-28 17:47:20]	新词.txt
[2015-10-28 17:47:42]	Cannot open file 
[2015-10-28 17:47:42]	./\Data\KeyBlackList.pdat
[2015-10-28 17:47:42]	Error read file
[2015-10-28 17:47:42]	新词.txt
[2015-10-28 17:48:06]	Cannot open file 
[2015-10-28 17:48:06]	./\Data\KeyBlackList.pdat
[2015-10-28 17:48:06]	Error read file
[2015-10-28 17:48:06]	新词.txt
[2015-10-28 17:48:31]	Cannot open file 
[2015-10-28 17:48:31]	./\Data\KeyBlackList.pdat
[2015-10-28 17:48:31]	Error read file
[2015-10-28 17:48:31]	新词.txt
[2015-10-28 17:48:57]	Cannot open file 
[2015-10-28 17:48:57]	./\Data\KeyBlackList.pdat
[2015-10-28 17:48:57]	Error read file
[2015-10-28 17:48:57]	新词.txt
[2015-10-28 17:49:25]	Cannot open file 
[2015-10-28 17:49:25]	./\Data\KeyBlackList.pdat
[2015-10-28 17:49:25]	Error read file
[2015-10-28 17:49:25]	新词.txt
[2015-10-28 17:49:56]	Cannot open file 
[2015-10-28 17:49:56]	./\Data\KeyBlackList.pdat
[2015-10-28 17:49:56]	Error read file
[2015-10-28 17:49:56]	新词.txt
[2015-10-28 17:50:27]	Cannot open file 
[2015-10-28 17:50:27]	./\Data\KeyBlackList.pdat
[2015-10-28 17:50:27]	Error read file
[2015-10-28 17:50:27]	新词.txt
