[2015-05-22 09:40:25]	Cannot open file 
[2015-05-22 09:40:25]	./\Data\KeyBlackList.pdat
[2015-05-22 09:40:25]	Error read file
[2015-05-22 09:40:25]	新词.txt
[2015-05-22 09:41:42]	Cannot open file 
[2015-05-22 09:41:42]	./\Data\KeyBlackList.pdat
[2015-05-22 09:41:42]	Error read file
[2015-05-22 09:41:42]	新词.txt
[2015-05-22 09:42:19]	Cannot open file 
[2015-05-22 09:42:19]	./\Data\KeyBlackList.pdat
[2015-05-22 09:42:19]	Error read file
[2015-05-22 09:42:19]	新词.txt
[2015-05-22 09:44:02]	Cannot open file 
[2015-05-22 09:44:02]	./\Data\KeyBlackList.pdat
[2015-05-22 09:44:02]	Error read file
[2015-05-22 09:44:02]	新词.txt
[2015-05-22 09:48:39]	Cannot open file 
[2015-05-22 09:48:39]	./\Data\KeyBlackList.pdat
[2015-05-22 09:48:39]	Error read file
[2015-05-22 09:48:39]	新词.txt
[2015-05-22 09:50:52]	Cannot open file 
[2015-05-22 09:50:52]	./\Data\KeyBlackList.pdat
[2015-05-22 09:50:52]	Error read file
[2015-05-22 09:50:52]	新词.txt
[2015-05-22 09:51:34]	Cannot open file 
[2015-05-22 09:51:34]	./\Data\KeyBlackList.pdat
[2015-05-22 09:51:34]	Error read file
[2015-05-22 09:51:34]	新词.txt
[2015-05-22 09:54:38]	Cannot open file 
[2015-05-22 09:54:38]	./\Data\KeyBlackList.pdat
[2015-05-22 09:54:38]	Error read file
[2015-05-22 09:54:38]	新词.txt
[2015-05-22 09:55:51]	Cannot open file 
[2015-05-22 09:55:51]	./\Data\KeyBlackList.pdat
[2015-05-22 09:55:51]	Error read file
[2015-05-22 09:55:51]	新词.txt
[2015-05-22 09:58:00]	Cannot open file 
[2015-05-22 09:58:00]	./\Data\KeyBlackList.pdat
[2015-05-22 09:58:00]	Error read file
[2015-05-22 09:58:00]	新词.txt
[2015-05-22 09:58:55]	Cannot open file 
[2015-05-22 09:58:55]	./\Data\KeyBlackList.pdat
[2015-05-22 09:58:55]	Error read file
[2015-05-22 09:58:55]	新词.txt
[2015-05-22 10:02:43]	Cannot open file 
[2015-05-22 10:02:43]	./\Data\KeyBlackList.pdat
[2015-05-22 10:02:43]	Error read file
[2015-05-22 10:02:43]	新词.txt
[2015-05-22 10:03:24]	Cannot open file 
[2015-05-22 10:03:24]	./\Data\KeyBlackList.pdat
[2015-05-22 10:03:24]	Error read file
[2015-05-22 10:03:24]	新词.txt
[2015-05-22 10:04:51]	Cannot open file 
[2015-05-22 10:04:51]	./\Data\KeyBlackList.pdat
[2015-05-22 10:04:51]	Error read file
[2015-05-22 10:04:51]	新词.txt
[2015-05-22 10:05:50]	Cannot open file 
[2015-05-22 10:05:50]	./\Data\KeyBlackList.pdat
[2015-05-22 10:05:50]	Error read file
[2015-05-22 10:05:50]	新词.txt
[2015-05-22 10:06:09]	Cannot open file 
[2015-05-22 10:06:09]	./\Data\KeyBlackList.pdat
[2015-05-22 10:06:09]	Error read file
[2015-05-22 10:06:09]	新词.txt
[2015-05-22 10:06:29]	Cannot open file 
[2015-05-22 10:06:29]	./\Data\KeyBlackList.pdat
[2015-05-22 10:06:29]	Error read file
[2015-05-22 10:06:29]	新词.txt
[2015-05-22 10:06:50]	Cannot open file 
[2015-05-22 10:06:50]	./\Data\KeyBlackList.pdat
[2015-05-22 10:06:50]	Error read file
[2015-05-22 10:06:50]	新词.txt
[2015-05-22 10:07:14]	Cannot open file 
[2015-05-22 10:07:14]	./\Data\KeyBlackList.pdat
[2015-05-22 10:07:14]	Error read file
[2015-05-22 10:07:14]	新词.txt
[2015-05-22 10:09:47]	Cannot open file 
[2015-05-22 10:09:47]	./\Data\KeyBlackList.pdat
[2015-05-22 10:09:47]	Error read file
[2015-05-22 10:09:47]	新词.txt
[2015-05-22 10:10:07]	Cannot open file 
[2015-05-22 10:10:07]	./\Data\KeyBlackList.pdat
[2015-05-22 10:10:07]	Error read file
[2015-05-22 10:10:07]	新词.txt
[2015-05-22 10:10:27]	Cannot open file 
[2015-05-22 10:10:27]	./\Data\KeyBlackList.pdat
[2015-05-22 10:10:27]	Error read file
[2015-05-22 10:10:27]	新词.txt
[2015-05-22 10:10:49]	Cannot open file 
[2015-05-22 10:10:49]	./\Data\KeyBlackList.pdat
[2015-05-22 10:10:49]	Error read file
[2015-05-22 10:10:49]	新词.txt
[2015-05-22 10:11:13]	Cannot open file 
[2015-05-22 10:11:13]	./\Data\KeyBlackList.pdat
[2015-05-22 10:11:13]	Error read file
[2015-05-22 10:11:13]	新词.txt
[2015-05-22 10:14:44]	Cannot open file 
[2015-05-22 10:14:44]	./\Data\KeyBlackList.pdat
[2015-05-22 10:14:44]	Error read file
[2015-05-22 10:14:44]	新词.txt
[2015-05-22 10:15:03]	Cannot open file 
[2015-05-22 10:15:03]	./\Data\KeyBlackList.pdat
[2015-05-22 10:15:03]	Error read file
[2015-05-22 10:15:03]	新词.txt
[2015-05-22 10:15:23]	Cannot open file 
[2015-05-22 10:15:23]	./\Data\KeyBlackList.pdat
[2015-05-22 10:15:23]	Error read file
[2015-05-22 10:15:23]	新词.txt
[2015-05-22 10:15:44]	Cannot open file 
[2015-05-22 10:15:44]	./\Data\KeyBlackList.pdat
[2015-05-22 10:15:44]	Error read file
[2015-05-22 10:15:44]	新词.txt
[2015-05-22 10:16:08]	Cannot open file 
[2015-05-22 10:16:08]	./\Data\KeyBlackList.pdat
[2015-05-22 10:16:08]	Error read file
[2015-05-22 10:16:08]	新词.txt
[2015-05-22 10:16:34]	Cannot open file 
[2015-05-22 10:16:34]	./\Data\KeyBlackList.pdat
[2015-05-22 10:16:34]	Error read file
[2015-05-22 10:16:34]	新词.txt
[2015-05-22 10:17:00]	Cannot open file 
[2015-05-22 10:17:00]	./\Data\KeyBlackList.pdat
[2015-05-22 10:17:00]	Error read file
[2015-05-22 10:17:00]	新词.txt
[2015-05-22 10:17:29]	Cannot open file 
[2015-05-22 10:17:29]	./\Data\KeyBlackList.pdat
[2015-05-22 10:17:29]	Error read file
[2015-05-22 10:17:29]	新词.txt
[2015-05-22 10:18:01]	Cannot open file 
[2015-05-22 10:18:01]	./\Data\KeyBlackList.pdat
[2015-05-22 10:18:01]	Error read file
[2015-05-22 10:18:01]	新词.txt
[2015-05-22 10:18:32]	Cannot open file 
[2015-05-22 10:18:32]	./\Data\KeyBlackList.pdat
[2015-05-22 10:18:32]	Error read file
[2015-05-22 10:18:32]	新词.txt
[2015-05-22 10:20:26]	Cannot open file 
[2015-05-22 10:20:26]	./\Data\KeyBlackList.pdat
[2015-05-22 10:20:26]	Error read file
[2015-05-22 10:20:26]	新词.txt
[2015-05-22 10:20:46]	Cannot open file 
[2015-05-22 10:20:46]	./\Data\KeyBlackList.pdat
[2015-05-22 10:20:46]	Error read file
[2015-05-22 10:20:46]	新词.txt
[2015-05-22 10:21:06]	Cannot open file 
[2015-05-22 10:21:06]	./\Data\KeyBlackList.pdat
[2015-05-22 10:21:06]	Error read file
[2015-05-22 10:21:06]	新词.txt
[2015-05-22 10:21:28]	Cannot open file 
[2015-05-22 10:21:28]	./\Data\KeyBlackList.pdat
[2015-05-22 10:21:28]	Error read file
[2015-05-22 10:21:28]	新词.txt
[2015-05-22 10:21:51]	Cannot open file 
[2015-05-22 10:21:51]	./\Data\KeyBlackList.pdat
[2015-05-22 10:21:51]	Error read file
[2015-05-22 10:21:51]	新词.txt
[2015-05-22 10:22:17]	Cannot open file 
[2015-05-22 10:22:17]	./\Data\KeyBlackList.pdat
[2015-05-22 10:22:17]	Error read file
[2015-05-22 10:22:17]	新词.txt
[2015-05-22 10:22:43]	Cannot open file 
[2015-05-22 10:22:43]	./\Data\KeyBlackList.pdat
[2015-05-22 10:22:43]	Error read file
[2015-05-22 10:22:43]	新词.txt
[2015-05-22 10:23:12]	Cannot open file 
[2015-05-22 10:23:12]	./\Data\KeyBlackList.pdat
[2015-05-22 10:23:12]	Error read file
[2015-05-22 10:23:12]	新词.txt
[2015-05-22 10:23:46]	Cannot open file 
[2015-05-22 10:23:46]	./\Data\KeyBlackList.pdat
[2015-05-22 10:23:46]	Error read file
[2015-05-22 10:23:46]	新词.txt
[2015-05-22 10:24:19]	Cannot open file 
[2015-05-22 10:24:19]	./\Data\KeyBlackList.pdat
[2015-05-22 10:24:19]	Error read file
[2015-05-22 10:24:19]	新词.txt
[2015-05-22 10:25:55]	Cannot open file 
[2015-05-22 10:25:55]	./\Data\KeyBlackList.pdat
[2015-05-22 10:25:55]	Error read file
[2015-05-22 10:25:55]	新词.txt
[2015-05-22 10:26:33]	Cannot open file 
[2015-05-22 10:26:33]	./\Data\KeyBlackList.pdat
[2015-05-22 10:26:33]	Error read file
[2015-05-22 10:26:33]	新词.txt
[2015-05-22 10:27:11]	Cannot open file 
[2015-05-22 10:27:11]	./\Data\KeyBlackList.pdat
[2015-05-22 10:27:11]	Error read file
[2015-05-22 10:27:11]	新词.txt
[2015-05-22 10:27:50]	Cannot open file 
[2015-05-22 10:27:50]	./\Data\KeyBlackList.pdat
[2015-05-22 10:27:50]	Error read file
[2015-05-22 10:27:50]	新词.txt
[2015-05-22 10:28:32]	Cannot open file 
[2015-05-22 10:28:32]	./\Data\KeyBlackList.pdat
[2015-05-22 10:28:32]	Error read file
[2015-05-22 10:28:32]	新词.txt
[2015-05-22 10:29:14]	Cannot open file 
[2015-05-22 10:29:14]	./\Data\KeyBlackList.pdat
[2015-05-22 10:29:14]	Error read file
[2015-05-22 10:29:14]	新词.txt
[2015-05-22 10:29:59]	Cannot open file 
[2015-05-22 10:29:59]	./\Data\KeyBlackList.pdat
[2015-05-22 10:29:59]	Error read file
[2015-05-22 10:29:59]	新词.txt
[2015-05-22 10:30:45]	Cannot open file 
[2015-05-22 10:30:45]	./\Data\KeyBlackList.pdat
[2015-05-22 10:30:45]	Error read file
[2015-05-22 10:30:45]	新词.txt
[2015-05-22 10:31:32]	Cannot open file 
[2015-05-22 10:31:32]	./\Data\KeyBlackList.pdat
[2015-05-22 10:31:32]	Error read file
[2015-05-22 10:31:32]	新词.txt
[2015-05-22 10:32:25]	Cannot open file 
[2015-05-22 10:32:25]	./\Data\KeyBlackList.pdat
[2015-05-22 10:32:25]	Error read file
[2015-05-22 10:32:25]	新词.txt
[2015-05-22 10:34:06]	Cannot open file 
[2015-05-22 10:34:06]	./\Data\KeyBlackList.pdat
[2015-05-22 10:34:06]	Error read file
[2015-05-22 10:34:06]	新词.txt
[2015-05-22 10:34:46]	Cannot open file 
[2015-05-22 10:34:46]	./\Data\KeyBlackList.pdat
[2015-05-22 10:34:46]	Error read file
[2015-05-22 10:34:46]	新词.txt
[2015-05-22 10:35:27]	Cannot open file 
[2015-05-22 10:35:27]	./\Data\KeyBlackList.pdat
[2015-05-22 10:35:27]	Error read file
[2015-05-22 10:35:27]	新词.txt
[2015-05-22 10:36:09]	Cannot open file 
[2015-05-22 10:36:09]	./\Data\KeyBlackList.pdat
[2015-05-22 10:36:09]	Error read file
[2015-05-22 10:36:09]	新词.txt
[2015-05-22 10:36:53]	Cannot open file 
[2015-05-22 10:36:53]	./\Data\KeyBlackList.pdat
[2015-05-22 10:36:53]	Error read file
[2015-05-22 10:36:53]	新词.txt
[2015-05-22 10:37:39]	Cannot open file 
[2015-05-22 10:37:39]	./\Data\KeyBlackList.pdat
[2015-05-22 10:37:39]	Error read file
[2015-05-22 10:37:39]	新词.txt
[2015-05-22 10:38:27]	Cannot open file 
[2015-05-22 10:38:27]	./\Data\KeyBlackList.pdat
[2015-05-22 10:38:27]	Error read file
[2015-05-22 10:38:27]	新词.txt
[2015-05-22 10:39:16]	Cannot open file 
[2015-05-22 10:39:16]	./\Data\KeyBlackList.pdat
[2015-05-22 10:39:16]	Error read file
[2015-05-22 10:39:16]	新词.txt
[2015-05-22 10:40:09]	Cannot open file 
[2015-05-22 10:40:09]	./\Data\KeyBlackList.pdat
[2015-05-22 10:40:09]	Error read file
[2015-05-22 10:40:09]	新词.txt
[2015-05-22 10:41:02]	Cannot open file 
[2015-05-22 10:41:02]	./\Data\KeyBlackList.pdat
[2015-05-22 10:41:02]	Error read file
[2015-05-22 10:41:02]	新词.txt
[2015-05-22 10:45:05]	Cannot open file 
[2015-05-22 10:45:05]	./\Data\KeyBlackList.pdat
[2015-05-22 10:45:05]	Error read file
[2015-05-22 10:45:05]	新词.txt
[2015-05-22 10:45:26]	Cannot open file 
[2015-05-22 10:45:26]	./\Data\KeyBlackList.pdat
[2015-05-22 10:45:26]	Error read file
[2015-05-22 10:45:26]	新词.txt
[2015-05-22 10:45:47]	Cannot open file 
[2015-05-22 10:45:47]	./\Data\KeyBlackList.pdat
[2015-05-22 10:45:47]	Error read file
[2015-05-22 10:45:47]	新词.txt
[2015-05-22 10:46:10]	Cannot open file 
[2015-05-22 10:46:10]	./\Data\KeyBlackList.pdat
[2015-05-22 10:46:10]	Error read file
[2015-05-22 10:46:10]	新词.txt
[2015-05-22 10:46:35]	Cannot open file 
[2015-05-22 10:46:35]	./\Data\KeyBlackList.pdat
[2015-05-22 10:46:35]	Error read file
[2015-05-22 10:46:35]	新词.txt
[2015-05-22 10:47:03]	Cannot open file 
[2015-05-22 10:47:03]	./\Data\KeyBlackList.pdat
[2015-05-22 10:47:03]	Error read file
[2015-05-22 10:47:03]	新词.txt
[2015-05-22 10:47:31]	Cannot open file 
[2015-05-22 10:47:31]	./\Data\KeyBlackList.pdat
[2015-05-22 10:47:31]	Error read file
[2015-05-22 10:47:31]	新词.txt
[2015-05-22 10:48:03]	Cannot open file 
[2015-05-22 10:48:03]	./\Data\KeyBlackList.pdat
[2015-05-22 10:48:03]	Error read file
[2015-05-22 10:48:03]	新词.txt
[2015-05-22 10:48:37]	Cannot open file 
[2015-05-22 10:48:37]	./\Data\KeyBlackList.pdat
[2015-05-22 10:48:37]	Error read file
[2015-05-22 10:48:37]	新词.txt
[2015-05-22 10:49:09]	Cannot open file 
[2015-05-22 10:49:09]	./\Data\KeyBlackList.pdat
[2015-05-22 10:49:09]	Error read file
[2015-05-22 10:49:09]	新词.txt
[2015-05-22 10:52:42]	Cannot open file 
[2015-05-22 10:52:42]	./\Data\KeyBlackList.pdat
[2015-05-22 10:52:42]	Error read file
[2015-05-22 10:52:42]	新词.txt
[2015-05-22 10:53:01]	Cannot open file 
[2015-05-22 10:53:01]	./\Data\KeyBlackList.pdat
[2015-05-22 10:53:02]	Error read file
[2015-05-22 10:53:02]	新词.txt
[2015-05-22 10:53:21]	Cannot open file 
[2015-05-22 10:53:21]	./\Data\KeyBlackList.pdat
[2015-05-22 10:53:21]	Error read file
[2015-05-22 10:53:21]	新词.txt
[2015-05-22 10:53:42]	Cannot open file 
[2015-05-22 10:53:42]	./\Data\KeyBlackList.pdat
[2015-05-22 10:53:42]	Error read file
[2015-05-22 10:53:42]	新词.txt
[2015-05-22 10:54:06]	Cannot open file 
[2015-05-22 10:54:06]	./\Data\KeyBlackList.pdat
[2015-05-22 10:54:06]	Error read file
[2015-05-22 10:54:06]	新词.txt
[2015-05-22 10:54:30]	Cannot open file 
[2015-05-22 10:54:30]	./\Data\KeyBlackList.pdat
[2015-05-22 10:54:31]	Error read file
[2015-05-22 10:54:31]	新词.txt
[2015-05-22 10:54:57]	Cannot open file 
[2015-05-22 10:54:57]	./\Data\KeyBlackList.pdat
[2015-05-22 10:54:57]	Error read file
[2015-05-22 10:54:57]	新词.txt
[2015-05-22 10:55:24]	Cannot open file 
[2015-05-22 10:55:24]	./\Data\KeyBlackList.pdat
[2015-05-22 10:55:24]	Error read file
[2015-05-22 10:55:24]	新词.txt
[2015-05-22 10:55:54]	Cannot open file 
[2015-05-22 10:55:54]	./\Data\KeyBlackList.pdat
[2015-05-22 10:55:54]	Error read file
[2015-05-22 10:55:54]	新词.txt
[2015-05-22 10:56:25]	Cannot open file 
[2015-05-22 10:56:25]	./\Data\KeyBlackList.pdat
[2015-05-22 10:56:25]	Error read file
[2015-05-22 10:56:25]	新词.txt
[2015-05-22 11:20:20]	Cannot open file 
[2015-05-22 11:20:20]	./\Data\KeyBlackList.pdat
[2015-05-22 11:20:20]	Error read file
[2015-05-22 11:20:20]	新词.txt
[2015-05-22 11:28:10]	Cannot open file 
[2015-05-22 11:28:10]	./\Data\KeyBlackList.pdat
[2015-05-22 11:28:10]	Error read file
[2015-05-22 11:28:10]	新词.txt
[2015-05-22 11:28:21]	Cannot open file 
[2015-05-22 11:28:21]	./\Data\KeyBlackList.pdat
[2015-05-22 11:28:21]	Error read file
[2015-05-22 11:28:21]	新词.txt
[2015-05-22 11:28:32]	Cannot open file 
[2015-05-22 11:28:32]	./\Data\KeyBlackList.pdat
[2015-05-22 11:28:32]	Error read file
[2015-05-22 11:28:32]	新词.txt
[2015-05-22 11:28:44]	Cannot open file 
[2015-05-22 11:28:44]	./\Data\KeyBlackList.pdat
[2015-05-22 11:28:44]	Error read file
[2015-05-22 11:28:44]	新词.txt
[2015-05-22 11:28:57]	Cannot open file 
[2015-05-22 11:28:57]	./\Data\KeyBlackList.pdat
[2015-05-22 11:28:57]	Error read file
[2015-05-22 11:28:57]	新词.txt
[2015-05-22 11:29:12]	Cannot open file 
[2015-05-22 11:29:12]	./\Data\KeyBlackList.pdat
[2015-05-22 11:29:12]	Error read file
[2015-05-22 11:29:12]	新词.txt
[2015-05-22 11:29:27]	Cannot open file 
[2015-05-22 11:29:27]	./\Data\KeyBlackList.pdat
[2015-05-22 11:29:27]	Error read file
[2015-05-22 11:29:27]	新词.txt
[2015-05-22 11:29:43]	Cannot open file 
[2015-05-22 11:29:43]	./\Data\KeyBlackList.pdat
[2015-05-22 11:29:43]	Error read file
[2015-05-22 11:29:43]	新词.txt
[2015-05-22 11:30:00]	Cannot open file 
[2015-05-22 11:30:00]	./\Data\KeyBlackList.pdat
[2015-05-22 11:30:00]	Error read file
[2015-05-22 11:30:00]	新词.txt
[2015-05-22 11:30:18]	Cannot open file 
[2015-05-22 11:30:18]	./\Data\KeyBlackList.pdat
[2015-05-22 11:30:18]	Error read file
[2015-05-22 11:30:18]	新词.txt
[2015-05-22 11:32:44]	Cannot open file 
[2015-05-22 11:32:44]	./\Data\KeyBlackList.pdat
[2015-05-22 11:32:44]	Error read file
[2015-05-22 11:32:44]	新词.txt
[2015-05-22 11:32:56]	Cannot open file 
[2015-05-22 11:32:56]	./\Data\KeyBlackList.pdat
[2015-05-22 11:32:56]	Error read file
[2015-05-22 11:32:56]	新词.txt
[2015-05-22 11:33:07]	Cannot open file 
[2015-05-22 11:33:07]	./\Data\KeyBlackList.pdat
[2015-05-22 11:33:08]	Error read file
[2015-05-22 11:33:08]	新词.txt
[2015-05-22 11:33:21]	Cannot open file 
[2015-05-22 11:33:21]	./\Data\KeyBlackList.pdat
[2015-05-22 11:33:21]	Error read file
[2015-05-22 11:33:21]	新词.txt
[2015-05-22 11:33:36]	Cannot open file 
[2015-05-22 11:33:36]	./\Data\KeyBlackList.pdat
[2015-05-22 11:33:36]	Error read file
[2015-05-22 11:33:36]	新词.txt
[2015-05-22 11:33:52]	Cannot open file 
[2015-05-22 11:33:52]	./\Data\KeyBlackList.pdat
[2015-05-22 11:33:52]	Error read file
[2015-05-22 11:33:52]	新词.txt
[2015-05-22 11:34:08]	Cannot open file 
[2015-05-22 11:34:08]	./\Data\KeyBlackList.pdat
[2015-05-22 11:34:08]	Error read file
[2015-05-22 11:34:08]	新词.txt
[2015-05-22 11:34:25]	Cannot open file 
[2015-05-22 11:34:25]	./\Data\KeyBlackList.pdat
[2015-05-22 11:34:25]	Error read file
[2015-05-22 11:34:25]	新词.txt
[2015-05-22 11:34:43]	Cannot open file 
[2015-05-22 11:34:43]	./\Data\KeyBlackList.pdat
[2015-05-22 11:34:43]	Error read file
[2015-05-22 11:34:43]	新词.txt
[2015-05-22 11:35:02]	Cannot open file 
[2015-05-22 11:35:02]	./\Data\KeyBlackList.pdat
[2015-05-22 11:35:02]	Error read file
[2015-05-22 11:35:02]	新词.txt
[2015-05-22 14:45:21]	Cannot open file 
[2015-05-22 14:45:21]	./\Data\KeyBlackList.pdat
[2015-05-22 14:45:21]	Error read file
[2015-05-22 14:45:21]	新词.txt
[2015-05-22 14:45:34]	Cannot open file 
[2015-05-22 14:45:34]	./\Data\KeyBlackList.pdat
[2015-05-22 14:45:34]	Error read file
[2015-05-22 14:45:34]	新词.txt
[2015-05-22 14:45:47]	Cannot open file 
[2015-05-22 14:45:47]	./\Data\KeyBlackList.pdat
[2015-05-22 14:45:47]	Error read file
[2015-05-22 14:45:47]	新词.txt
[2015-05-22 14:46:01]	Cannot open file 
[2015-05-22 14:46:01]	./\Data\KeyBlackList.pdat
[2015-05-22 14:46:01]	Error read file
[2015-05-22 14:46:01]	新词.txt
[2015-05-22 14:46:18]	Cannot open file 
[2015-05-22 14:46:18]	./\Data\KeyBlackList.pdat
[2015-05-22 14:46:18]	Error read file
[2015-05-22 14:46:18]	新词.txt
[2015-05-22 14:46:35]	Cannot open file 
[2015-05-22 14:46:35]	./\Data\KeyBlackList.pdat
[2015-05-22 14:46:35]	Error read file
[2015-05-22 14:46:35]	新词.txt
[2015-05-22 14:46:54]	Cannot open file 
[2015-05-22 14:46:54]	./\Data\KeyBlackList.pdat
[2015-05-22 14:46:54]	Error read file
[2015-05-22 14:46:54]	新词.txt
[2015-05-22 14:47:13]	Cannot open file 
[2015-05-22 14:47:13]	./\Data\KeyBlackList.pdat
[2015-05-22 14:47:13]	Error read file
[2015-05-22 14:47:13]	新词.txt
[2015-05-22 14:47:33]	Cannot open file 
[2015-05-22 14:47:33]	./\Data\KeyBlackList.pdat
[2015-05-22 14:47:33]	Error read file
[2015-05-22 14:47:33]	新词.txt
[2015-05-22 14:47:54]	Cannot open file 
[2015-05-22 14:47:54]	./\Data\KeyBlackList.pdat
[2015-05-22 14:47:54]	Error read file
[2015-05-22 14:47:54]	新词.txt
[2015-05-22 14:53:10]	Cannot open file 
[2015-05-22 14:53:10]	./\Data\KeyBlackList.pdat
[2015-05-22 14:53:10]	Error read file
[2015-05-22 14:53:10]	新词.txt
[2015-05-22 14:53:25]	Cannot open file 
[2015-05-22 14:53:25]	./\Data\KeyBlackList.pdat
[2015-05-22 14:53:25]	Error read file
[2015-05-22 14:53:25]	新词.txt
[2015-05-22 14:53:39]	Cannot open file 
[2015-05-22 14:53:39]	./\Data\KeyBlackList.pdat
[2015-05-22 14:53:39]	Error read file
[2015-05-22 14:53:39]	新词.txt
[2015-05-22 14:53:54]	Cannot open file 
[2015-05-22 14:53:54]	./\Data\KeyBlackList.pdat
[2015-05-22 14:53:54]	Error read file
[2015-05-22 14:53:54]	新词.txt
[2015-05-22 14:54:11]	Cannot open file 
[2015-05-22 14:54:11]	./\Data\KeyBlackList.pdat
[2015-05-22 14:54:11]	Error read file
[2015-05-22 14:54:11]	新词.txt
[2015-05-22 14:54:30]	Cannot open file 
[2015-05-22 14:54:30]	./\Data\KeyBlackList.pdat
[2015-05-22 14:54:30]	Error read file
[2015-05-22 14:54:30]	新词.txt
[2015-05-22 14:54:50]	Cannot open file 
[2015-05-22 14:54:50]	./\Data\KeyBlackList.pdat
[2015-05-22 14:54:50]	Error read file
[2015-05-22 14:54:50]	新词.txt
[2015-05-22 14:55:11]	Cannot open file 
[2015-05-22 14:55:11]	./\Data\KeyBlackList.pdat
[2015-05-22 14:55:11]	Error read file
[2015-05-22 14:55:11]	新词.txt
[2015-05-22 14:55:32]	Cannot open file 
[2015-05-22 14:55:32]	./\Data\KeyBlackList.pdat
[2015-05-22 14:55:32]	Error read file
[2015-05-22 14:55:32]	新词.txt
[2015-05-22 14:55:54]	Cannot open file 
[2015-05-22 14:55:54]	./\Data\KeyBlackList.pdat
[2015-05-22 14:55:55]	Error read file
[2015-05-22 14:55:55]	新词.txt
[2015-05-22 14:57:46]	Cannot open file 
[2015-05-22 14:57:46]	./\Data\KeyBlackList.pdat
[2015-05-22 14:57:46]	Error read file
[2015-05-22 14:57:46]	新词.txt
[2015-05-22 14:58:02]	Cannot open file 
[2015-05-22 14:58:02]	./\Data\KeyBlackList.pdat
[2015-05-22 14:58:02]	Error read file
[2015-05-22 14:58:02]	新词.txt
[2015-05-22 14:58:18]	Cannot open file 
[2015-05-22 14:58:18]	./\Data\KeyBlackList.pdat
[2015-05-22 14:58:18]	Error read file
[2015-05-22 14:58:18]	新词.txt
[2015-05-22 14:58:35]	Cannot open file 
[2015-05-22 14:58:35]	./\Data\KeyBlackList.pdat
[2015-05-22 14:58:35]	Error read file
[2015-05-22 14:58:35]	新词.txt
[2015-05-22 14:58:54]	Cannot open file 
[2015-05-22 14:58:54]	./\Data\KeyBlackList.pdat
[2015-05-22 14:58:54]	Error read file
[2015-05-22 14:58:54]	新词.txt
[2015-05-22 14:59:14]	Cannot open file 
[2015-05-22 14:59:14]	./\Data\KeyBlackList.pdat
[2015-05-22 14:59:14]	Error read file
[2015-05-22 14:59:14]	新词.txt
[2015-05-22 14:59:36]	Cannot open file 
[2015-05-22 14:59:36]	./\Data\KeyBlackList.pdat
[2015-05-22 14:59:36]	Error read file
[2015-05-22 14:59:36]	新词.txt
[2015-05-22 14:59:59]	Cannot open file 
[2015-05-22 14:59:59]	./\Data\KeyBlackList.pdat
[2015-05-22 14:59:59]	Error read file
[2015-05-22 14:59:59]	新词.txt
[2015-05-22 15:00:23]	Cannot open file 
[2015-05-22 15:00:23]	./\Data\KeyBlackList.pdat
[2015-05-22 15:00:24]	Error read file
[2015-05-22 15:00:24]	新词.txt
[2015-05-22 15:00:49]	Cannot open file 
[2015-05-22 15:00:49]	./\Data\KeyBlackList.pdat
[2015-05-22 15:00:49]	Error read file
[2015-05-22 15:00:49]	新词.txt
[2015-05-22 15:18:56]	Cannot open file 
[2015-05-22 15:18:56]	./\Data\KeyBlackList.pdat
[2015-05-22 15:18:56]	Error read file
[2015-05-22 15:18:56]	新词.txt
[2015-05-22 15:19:09]	Cannot open file 
[2015-05-22 15:19:09]	./\Data\KeyBlackList.pdat
[2015-05-22 15:19:09]	Error read file
[2015-05-22 15:19:09]	新词.txt
[2015-05-22 15:19:23]	Cannot open file 
[2015-05-22 15:19:23]	./\Data\KeyBlackList.pdat
[2015-05-22 15:19:23]	Error read file
[2015-05-22 15:19:23]	新词.txt
[2015-05-22 15:19:37]	Cannot open file 
[2015-05-22 15:19:37]	./\Data\KeyBlackList.pdat
[2015-05-22 15:19:37]	Error read file
[2015-05-22 15:19:37]	新词.txt
[2015-05-22 15:19:53]	Cannot open file 
[2015-05-22 15:19:53]	./\Data\KeyBlackList.pdat
[2015-05-22 15:19:53]	Error read file
[2015-05-22 15:19:53]	新词.txt
[2015-05-22 15:20:11]	Cannot open file 
[2015-05-22 15:20:11]	./\Data\KeyBlackList.pdat
[2015-05-22 15:20:11]	Error read file
[2015-05-22 15:20:11]	新词.txt
[2015-05-22 15:20:29]	Cannot open file 
[2015-05-22 15:20:29]	./\Data\KeyBlackList.pdat
[2015-05-22 15:20:29]	Error read file
[2015-05-22 15:20:29]	新词.txt
[2015-05-22 15:20:48]	Cannot open file 
[2015-05-22 15:20:48]	./\Data\KeyBlackList.pdat
[2015-05-22 15:20:48]	Error read file
[2015-05-22 15:20:48]	新词.txt
[2015-05-22 15:21:08]	Cannot open file 
[2015-05-22 15:21:08]	./\Data\KeyBlackList.pdat
[2015-05-22 15:21:08]	Error read file
[2015-05-22 15:21:08]	新词.txt
[2015-05-22 15:21:29]	Cannot open file 
[2015-05-22 15:21:29]	./\Data\KeyBlackList.pdat
[2015-05-22 15:21:29]	Error read file
[2015-05-22 15:21:29]	新词.txt
[2015-05-22 15:26:16]	Cannot open file 
[2015-05-22 15:26:16]	./\Data\KeyBlackList.pdat
[2015-05-22 15:26:16]	Error read file
[2015-05-22 15:26:16]	新词.txt
[2015-05-22 15:26:29]	Cannot open file 
[2015-05-22 15:26:29]	./\Data\KeyBlackList.pdat
[2015-05-22 15:26:29]	Error read file
[2015-05-22 15:26:29]	新词.txt
[2015-05-22 15:26:42]	Cannot open file 
[2015-05-22 15:26:42]	./\Data\KeyBlackList.pdat
[2015-05-22 15:26:42]	Error read file
[2015-05-22 15:26:42]	新词.txt
[2015-05-22 15:26:56]	Cannot open file 
[2015-05-22 15:26:56]	./\Data\KeyBlackList.pdat
[2015-05-22 15:26:56]	Error read file
[2015-05-22 15:26:56]	新词.txt
[2015-05-22 15:27:12]	Cannot open file 
[2015-05-22 15:27:12]	./\Data\KeyBlackList.pdat
[2015-05-22 15:27:12]	Error read file
[2015-05-22 15:27:12]	新词.txt
[2015-05-22 15:27:29]	Cannot open file 
[2015-05-22 15:27:29]	./\Data\KeyBlackList.pdat
[2015-05-22 15:27:29]	Error read file
[2015-05-22 15:27:29]	新词.txt
[2015-05-22 15:27:47]	Cannot open file 
[2015-05-22 15:27:47]	./\Data\KeyBlackList.pdat
[2015-05-22 15:27:47]	Error read file
[2015-05-22 15:27:47]	新词.txt
[2015-05-22 15:28:05]	Cannot open file 
[2015-05-22 15:28:05]	./\Data\KeyBlackList.pdat
[2015-05-22 15:28:05]	Error read file
[2015-05-22 15:28:05]	新词.txt
[2015-05-22 15:28:25]	Cannot open file 
[2015-05-22 15:28:25]	./\Data\KeyBlackList.pdat
[2015-05-22 15:28:25]	Error read file
[2015-05-22 15:28:25]	新词.txt
[2015-05-22 15:28:45]	Cannot open file 
[2015-05-22 15:28:45]	./\Data\KeyBlackList.pdat
[2015-05-22 15:28:45]	Error read file
[2015-05-22 15:28:45]	新词.txt
[2015-05-22 15:32:40]	Cannot open file 
[2015-05-22 15:32:40]	./\Data\KeyBlackList.pdat
[2015-05-22 15:32:40]	Error read file
[2015-05-22 15:32:40]	新词.txt
[2015-05-22 15:32:53]	Cannot open file 
[2015-05-22 15:32:53]	./\Data\KeyBlackList.pdat
[2015-05-22 15:32:53]	Error read file
[2015-05-22 15:32:53]	新词.txt
[2015-05-22 15:33:05]	Cannot open file 
[2015-05-22 15:33:05]	./\Data\KeyBlackList.pdat
[2015-05-22 15:33:05]	Error read file
[2015-05-22 15:33:05]	新词.txt
[2015-05-22 15:33:18]	Cannot open file 
[2015-05-22 15:33:18]	./\Data\KeyBlackList.pdat
[2015-05-22 15:33:18]	Error read file
[2015-05-22 15:33:18]	新词.txt
[2015-05-22 15:33:34]	Cannot open file 
[2015-05-22 15:33:34]	./\Data\KeyBlackList.pdat
[2015-05-22 15:33:34]	Error read file
[2015-05-22 15:33:34]	新词.txt
[2015-05-22 15:33:51]	Cannot open file 
[2015-05-22 15:33:51]	./\Data\KeyBlackList.pdat
[2015-05-22 15:33:51]	Error read file
[2015-05-22 15:33:51]	新词.txt
[2015-05-22 15:34:08]	Cannot open file 
[2015-05-22 15:34:08]	./\Data\KeyBlackList.pdat
[2015-05-22 15:34:08]	Error read file
[2015-05-22 15:34:08]	新词.txt
[2015-05-22 15:34:27]	Cannot open file 
[2015-05-22 15:34:27]	./\Data\KeyBlackList.pdat
[2015-05-22 15:34:27]	Error read file
[2015-05-22 15:34:27]	新词.txt
[2015-05-22 15:34:45]	Cannot open file 
[2015-05-22 15:34:45]	./\Data\KeyBlackList.pdat
[2015-05-22 15:34:45]	Error read file
[2015-05-22 15:34:45]	新词.txt
[2015-05-22 15:35:07]	Cannot open file 
[2015-05-22 15:35:07]	./\Data\KeyBlackList.pdat
[2015-05-22 15:35:07]	Error read file
[2015-05-22 15:35:07]	新词.txt
[2015-05-22 15:44:42]	Cannot open file 
[2015-05-22 15:44:42]	./\Data\KeyBlackList.pdat
[2015-05-22 15:44:42]	Error read file
[2015-05-22 15:44:42]	新词.txt
[2015-05-22 15:45:01]	Cannot open file 
[2015-05-22 15:45:01]	./\Data\KeyBlackList.pdat
[2015-05-22 15:45:01]	Error read file
[2015-05-22 15:45:01]	新词.txt
[2015-05-22 15:45:21]	Cannot open file 
[2015-05-22 15:45:21]	./\Data\KeyBlackList.pdat
[2015-05-22 15:45:21]	Error read file
[2015-05-22 15:45:21]	新词.txt
[2015-05-22 15:45:43]	Cannot open file 
[2015-05-22 15:45:43]	./\Data\KeyBlackList.pdat
[2015-05-22 15:45:43]	Error read file
[2015-05-22 15:45:43]	新词.txt
[2015-05-22 15:46:06]	Cannot open file 
[2015-05-22 15:46:06]	./\Data\KeyBlackList.pdat
[2015-05-22 15:46:06]	Error read file
[2015-05-22 15:46:06]	新词.txt
[2015-05-22 15:46:33]	Cannot open file 
[2015-05-22 15:46:33]	./\Data\KeyBlackList.pdat
[2015-05-22 15:46:33]	Error read file
[2015-05-22 15:46:33]	新词.txt
[2015-05-22 15:47:00]	Cannot open file 
[2015-05-22 15:47:00]	./\Data\KeyBlackList.pdat
[2015-05-22 15:47:00]	Error read file
[2015-05-22 15:47:00]	新词.txt
[2015-05-22 15:47:28]	Cannot open file 
[2015-05-22 15:47:28]	./\Data\KeyBlackList.pdat
[2015-05-22 15:47:28]	Error read file
[2015-05-22 15:47:28]	新词.txt
[2015-05-22 15:47:58]	Cannot open file 
[2015-05-22 15:47:58]	./\Data\KeyBlackList.pdat
[2015-05-22 15:47:58]	Error read file
[2015-05-22 15:47:58]	新词.txt
[2015-05-22 15:48:30]	Cannot open file 
[2015-05-22 15:48:30]	./\Data\KeyBlackList.pdat
[2015-05-22 15:48:30]	Error read file
[2015-05-22 15:48:30]	新词.txt
[2015-05-22 15:50:26]	Cannot open file 
[2015-05-22 15:50:26]	./\Data\KeyBlackList.pdat
[2015-05-22 15:50:26]	Error read file
[2015-05-22 15:50:26]	新词.txt
[2015-05-22 15:50:44]	Cannot open file 
[2015-05-22 15:50:44]	./\Data\KeyBlackList.pdat
[2015-05-22 15:50:44]	Error read file
[2015-05-22 15:50:44]	新词.txt
[2015-05-22 15:51:03]	Cannot open file 
[2015-05-22 15:51:03]	./\Data\KeyBlackList.pdat
[2015-05-22 15:51:03]	Error read file
[2015-05-22 15:51:03]	新词.txt
[2015-05-22 15:51:24]	Cannot open file 
[2015-05-22 15:51:24]	./\Data\KeyBlackList.pdat
[2015-05-22 15:51:24]	Error read file
[2015-05-22 15:51:24]	新词.txt
[2015-05-22 15:51:48]	Cannot open file 
[2015-05-22 15:51:48]	./\Data\KeyBlackList.pdat
[2015-05-22 15:51:48]	Error read file
[2015-05-22 15:51:48]	新词.txt
[2015-05-22 15:52:14]	Cannot open file 
[2015-05-22 15:52:14]	./\Data\KeyBlackList.pdat
[2015-05-22 15:52:14]	Error read file
[2015-05-22 15:52:14]	新词.txt
[2015-05-22 15:52:39]	Cannot open file 
[2015-05-22 15:52:39]	./\Data\KeyBlackList.pdat
[2015-05-22 15:52:39]	Error read file
[2015-05-22 15:52:39]	新词.txt
[2015-05-22 15:53:05]	Cannot open file 
[2015-05-22 15:53:05]	./\Data\KeyBlackList.pdat
[2015-05-22 15:53:05]	Error read file
[2015-05-22 15:53:05]	新词.txt
[2015-05-22 15:53:33]	Cannot open file 
[2015-05-22 15:53:33]	./\Data\KeyBlackList.pdat
[2015-05-22 15:53:33]	Error read file
[2015-05-22 15:53:33]	新词.txt
[2015-05-22 15:54:01]	Cannot open file 
[2015-05-22 15:54:01]	./\Data\KeyBlackList.pdat
[2015-05-22 15:54:01]	Error read file
[2015-05-22 15:54:01]	新词.txt
[2015-05-22 16:02:09]	Cannot open file 
[2015-05-22 16:02:09]	./\Data\KeyBlackList.pdat
[2015-05-22 16:02:09]	Error read file
[2015-05-22 16:02:09]	新词.txt
[2015-05-22 16:02:25]	Cannot open file 
[2015-05-22 16:02:25]	./\Data\KeyBlackList.pdat
[2015-05-22 16:02:25]	Error read file
[2015-05-22 16:02:25]	新词.txt
[2015-05-22 16:02:41]	Cannot open file 
[2015-05-22 16:02:41]	./\Data\KeyBlackList.pdat
[2015-05-22 16:02:41]	Error read file
[2015-05-22 16:02:41]	新词.txt
[2015-05-22 16:02:58]	Cannot open file 
[2015-05-22 16:02:58]	./\Data\KeyBlackList.pdat
[2015-05-22 16:02:58]	Error read file
[2015-05-22 16:02:58]	新词.txt
[2015-05-22 16:03:18]	Cannot open file 
[2015-05-22 16:03:18]	./\Data\KeyBlackList.pdat
[2015-05-22 16:03:18]	Error read file
[2015-05-22 16:03:18]	新词.txt
[2015-05-22 16:03:39]	Cannot open file 
[2015-05-22 16:03:39]	./\Data\KeyBlackList.pdat
[2015-05-22 16:03:39]	Error read file
[2015-05-22 16:03:39]	新词.txt
[2015-05-22 16:04:02]	Cannot open file 
[2015-05-22 16:04:02]	./\Data\KeyBlackList.pdat
[2015-05-22 16:04:02]	Error read file
[2015-05-22 16:04:02]	新词.txt
[2015-05-22 16:04:25]	Cannot open file 
[2015-05-22 16:04:25]	./\Data\KeyBlackList.pdat
[2015-05-22 16:04:25]	Error read file
[2015-05-22 16:04:25]	新词.txt
[2015-05-22 16:04:50]	Cannot open file 
[2015-05-22 16:04:50]	./\Data\KeyBlackList.pdat
[2015-05-22 16:04:50]	Error read file
[2015-05-22 16:04:50]	新词.txt
[2015-05-22 16:05:16]	Cannot open file 
[2015-05-22 16:05:16]	./\Data\KeyBlackList.pdat
[2015-05-22 16:05:16]	Error read file
[2015-05-22 16:05:16]	新词.txt
[2015-05-22 16:08:06]	Cannot open file 
[2015-05-22 16:08:06]	./\Data\KeyBlackList.pdat
[2015-05-22 16:08:06]	Error read file
[2015-05-22 16:08:06]	新词.txt
[2015-05-22 16:08:21]	Cannot open file 
[2015-05-22 16:08:21]	./\Data\KeyBlackList.pdat
[2015-05-22 16:08:21]	Error read file
[2015-05-22 16:08:21]	新词.txt
[2015-05-22 16:08:36]	Cannot open file 
[2015-05-22 16:08:36]	./\Data\KeyBlackList.pdat
[2015-05-22 16:08:36]	Error read file
[2015-05-22 16:08:36]	新词.txt
[2015-05-22 16:08:53]	Cannot open file 
[2015-05-22 16:08:53]	./\Data\KeyBlackList.pdat
[2015-05-22 16:08:53]	Error read file
[2015-05-22 16:08:53]	新词.txt
[2015-05-22 16:09:12]	Cannot open file 
[2015-05-22 16:09:12]	./\Data\KeyBlackList.pdat
[2015-05-22 16:09:12]	Error read file
[2015-05-22 16:09:12]	新词.txt
[2015-05-22 16:09:33]	Cannot open file 
[2015-05-22 16:09:33]	./\Data\KeyBlackList.pdat
[2015-05-22 16:09:33]	Error read file
[2015-05-22 16:09:33]	新词.txt
[2015-05-22 16:09:55]	Cannot open file 
[2015-05-22 16:09:55]	./\Data\KeyBlackList.pdat
[2015-05-22 16:09:55]	Error read file
[2015-05-22 16:09:55]	新词.txt
[2015-05-22 16:10:17]	Cannot open file 
[2015-05-22 16:10:17]	./\Data\KeyBlackList.pdat
[2015-05-22 16:10:17]	Error read file
[2015-05-22 16:10:17]	新词.txt
[2015-05-22 16:10:40]	Cannot open file 
[2015-05-22 16:10:40]	./\Data\KeyBlackList.pdat
[2015-05-22 16:10:40]	Error read file
[2015-05-22 16:10:40]	新词.txt
[2015-05-22 16:11:04]	Cannot open file 
[2015-05-22 16:11:04]	./\Data\KeyBlackList.pdat
[2015-05-22 16:11:04]	Error read file
[2015-05-22 16:11:04]	新词.txt
[2015-05-22 16:21:24]	Cannot open file 
[2015-05-22 16:21:24]	./\Data\KeyBlackList.pdat
[2015-05-22 16:21:24]	Error read file
[2015-05-22 16:21:24]	新词.txt
[2015-05-22 16:21:38]	Cannot open file 
[2015-05-22 16:21:38]	./\Data\KeyBlackList.pdat
[2015-05-22 16:21:38]	Error read file
[2015-05-22 16:21:38]	新词.txt
[2015-05-22 16:21:52]	Cannot open file 
[2015-05-22 16:21:52]	./\Data\KeyBlackList.pdat
[2015-05-22 16:21:52]	Error read file
[2015-05-22 16:21:52]	新词.txt
[2015-05-22 16:22:06]	Cannot open file 
[2015-05-22 16:22:06]	./\Data\KeyBlackList.pdat
[2015-05-22 16:22:06]	Error read file
[2015-05-22 16:22:06]	新词.txt
[2015-05-22 16:22:22]	Cannot open file 
[2015-05-22 16:22:22]	./\Data\KeyBlackList.pdat
[2015-05-22 16:22:22]	Error read file
[2015-05-22 16:22:22]	新词.txt
[2015-05-22 16:22:38]	Cannot open file 
[2015-05-22 16:22:38]	./\Data\KeyBlackList.pdat
[2015-05-22 16:22:38]	Error read file
[2015-05-22 16:22:38]	新词.txt
[2015-05-22 16:22:56]	Cannot open file 
[2015-05-22 16:22:56]	./\Data\KeyBlackList.pdat
[2015-05-22 16:22:56]	Error read file
[2015-05-22 16:22:56]	新词.txt
[2015-05-22 16:23:15]	Cannot open file 
[2015-05-22 16:23:15]	./\Data\KeyBlackList.pdat
[2015-05-22 16:23:15]	Error read file
[2015-05-22 16:23:15]	新词.txt
[2015-05-22 16:23:35]	Cannot open file 
[2015-05-22 16:23:35]	./\Data\KeyBlackList.pdat
[2015-05-22 16:23:35]	Error read file
[2015-05-22 16:23:35]	新词.txt
[2015-05-22 16:23:55]	Cannot open file 
[2015-05-22 16:23:55]	./\Data\KeyBlackList.pdat
[2015-05-22 16:23:55]	Error read file
[2015-05-22 16:23:55]	新词.txt
[2015-05-22 16:25:24]	Cannot open file 
[2015-05-22 16:25:24]	./\Data\KeyBlackList.pdat
[2015-05-22 16:25:24]	Error read file
[2015-05-22 16:25:24]	新词.txt
[2015-05-22 16:25:35]	Cannot open file 
[2015-05-22 16:25:35]	./\Data\KeyBlackList.pdat
[2015-05-22 16:25:36]	Error read file
[2015-05-22 16:25:36]	新词.txt
[2015-05-22 16:25:48]	Cannot open file 
[2015-05-22 16:25:48]	./\Data\KeyBlackList.pdat
[2015-05-22 16:25:48]	Error read file
[2015-05-22 16:25:48]	新词.txt
[2015-05-22 16:26:00]	Cannot open file 
[2015-05-22 16:26:00]	./\Data\KeyBlackList.pdat
[2015-05-22 16:26:00]	Error read file
[2015-05-22 16:26:00]	新词.txt
[2015-05-22 16:26:15]	Cannot open file 
[2015-05-22 16:26:15]	./\Data\KeyBlackList.pdat
[2015-05-22 16:26:15]	Error read file
[2015-05-22 16:26:15]	新词.txt
[2015-05-22 16:26:31]	Cannot open file 
[2015-05-22 16:26:31]	./\Data\KeyBlackList.pdat
[2015-05-22 16:26:31]	Error read file
[2015-05-22 16:26:31]	新词.txt
[2015-05-22 16:26:48]	Cannot open file 
[2015-05-22 16:26:48]	./\Data\KeyBlackList.pdat
[2015-05-22 16:26:48]	Error read file
[2015-05-22 16:26:48]	新词.txt
[2015-05-22 16:27:06]	Cannot open file 
[2015-05-22 16:27:06]	./\Data\KeyBlackList.pdat
[2015-05-22 16:27:06]	Error read file
[2015-05-22 16:27:06]	新词.txt
[2015-05-22 16:27:25]	Cannot open file 
[2015-05-22 16:27:25]	./\Data\KeyBlackList.pdat
[2015-05-22 16:27:25]	Error read file
[2015-05-22 16:27:25]	新词.txt
[2015-05-22 16:27:44]	Cannot open file 
[2015-05-22 16:27:44]	./\Data\KeyBlackList.pdat
[2015-05-22 16:27:44]	Error read file
[2015-05-22 16:27:44]	新词.txt
[2015-05-22 16:29:09]	Cannot open file 
[2015-05-22 16:29:09]	./\Data\KeyBlackList.pdat
[2015-05-22 16:29:09]	Error read file
[2015-05-22 16:29:09]	新词.txt
[2015-05-22 16:29:20]	Cannot open file 
[2015-05-22 16:29:20]	./\Data\KeyBlackList.pdat
[2015-05-22 16:29:20]	Error read file
[2015-05-22 16:29:20]	新词.txt
[2015-05-22 16:29:31]	Cannot open file 
[2015-05-22 16:29:31]	./\Data\KeyBlackList.pdat
[2015-05-22 16:29:31]	Error read file
[2015-05-22 16:29:31]	新词.txt
[2015-05-22 16:29:42]	Cannot open file 
[2015-05-22 16:29:42]	./\Data\KeyBlackList.pdat
[2015-05-22 16:29:42]	Error read file
[2015-05-22 16:29:42]	新词.txt
[2015-05-22 16:29:56]	Cannot open file 
[2015-05-22 16:29:56]	./\Data\KeyBlackList.pdat
[2015-05-22 16:29:56]	Error read file
[2015-05-22 16:29:56]	新词.txt
[2015-05-22 16:30:10]	Cannot open file 
[2015-05-22 16:30:10]	./\Data\KeyBlackList.pdat
[2015-05-22 16:30:10]	Error read file
[2015-05-22 16:30:10]	新词.txt
[2015-05-22 16:30:25]	Cannot open file 
[2015-05-22 16:30:25]	./\Data\KeyBlackList.pdat
[2015-05-22 16:30:25]	Error read file
[2015-05-22 16:30:25]	新词.txt
[2015-05-22 16:30:41]	Cannot open file 
[2015-05-22 16:30:41]	./\Data\KeyBlackList.pdat
[2015-05-22 16:30:41]	Error read file
[2015-05-22 16:30:41]	新词.txt
[2015-05-22 16:30:57]	Cannot open file 
[2015-05-22 16:30:57]	./\Data\KeyBlackList.pdat
[2015-05-22 16:30:57]	Error read file
[2015-05-22 16:30:57]	新词.txt
[2015-05-22 16:31:14]	Cannot open file 
[2015-05-22 16:31:14]	./\Data\KeyBlackList.pdat
[2015-05-22 16:31:14]	Error read file
[2015-05-22 16:31:14]	新词.txt
[2015-05-22 16:33:38]	Cannot open file 
[2015-05-22 16:33:38]	./\Data\KeyBlackList.pdat
[2015-05-22 16:33:38]	Error read file
[2015-05-22 16:33:38]	新词.txt
[2015-05-22 16:33:54]	Cannot open file 
[2015-05-22 16:33:54]	./\Data\KeyBlackList.pdat
[2015-05-22 16:33:54]	Error read file
[2015-05-22 16:33:54]	新词.txt
[2015-05-22 16:34:10]	Cannot open file 
[2015-05-22 16:34:10]	./\Data\KeyBlackList.pdat
[2015-05-22 16:34:10]	Error read file
[2015-05-22 16:34:10]	新词.txt
[2015-05-22 16:34:28]	Cannot open file 
[2015-05-22 16:34:28]	./\Data\KeyBlackList.pdat
[2015-05-22 16:34:28]	Error read file
[2015-05-22 16:34:28]	新词.txt
[2015-05-22 16:34:48]	Cannot open file 
[2015-05-22 16:34:48]	./\Data\KeyBlackList.pdat
[2015-05-22 16:34:48]	Error read file
[2015-05-22 16:34:48]	新词.txt
[2015-05-22 16:35:11]	Cannot open file 
[2015-05-22 16:35:11]	./\Data\KeyBlackList.pdat
[2015-05-22 16:35:11]	Error read file
[2015-05-22 16:35:11]	新词.txt
[2015-05-22 16:35:33]	Cannot open file 
[2015-05-22 16:35:33]	./\Data\KeyBlackList.pdat
[2015-05-22 16:35:33]	Error read file
[2015-05-22 16:35:33]	新词.txt
[2015-05-22 16:35:57]	Cannot open file 
[2015-05-22 16:35:57]	./\Data\KeyBlackList.pdat
[2015-05-22 16:35:58]	Error read file
[2015-05-22 16:35:58]	新词.txt
[2015-05-22 16:36:23]	Cannot open file 
[2015-05-22 16:36:23]	./\Data\KeyBlackList.pdat
[2015-05-22 16:36:23]	Error read file
[2015-05-22 16:36:23]	新词.txt
[2015-05-22 16:36:51]	Cannot open file 
[2015-05-22 16:36:51]	./\Data\KeyBlackList.pdat
[2015-05-22 16:36:51]	Error read file
[2015-05-22 16:36:51]	新词.txt
[2015-05-22 16:41:52]	Cannot open file 
[2015-05-22 16:41:52]	./\Data\KeyBlackList.pdat
[2015-05-22 16:41:52]	Error read file
[2015-05-22 16:41:52]	新词.txt
[2015-05-22 16:42:10]	Cannot open file 
[2015-05-22 16:42:10]	./\Data\KeyBlackList.pdat
[2015-05-22 16:42:10]	Error read file
[2015-05-22 16:42:10]	新词.txt
[2015-05-22 16:42:29]	Cannot open file 
[2015-05-22 16:42:29]	./\Data\KeyBlackList.pdat
[2015-05-22 16:42:29]	Error read file
[2015-05-22 16:42:29]	新词.txt
[2015-05-22 16:42:49]	Cannot open file 
[2015-05-22 16:42:49]	./\Data\KeyBlackList.pdat
[2015-05-22 16:42:49]	Error read file
[2015-05-22 16:42:49]	新词.txt
[2015-05-22 16:43:11]	Cannot open file 
[2015-05-22 16:43:11]	./\Data\KeyBlackList.pdat
[2015-05-22 16:43:11]	Error read file
[2015-05-22 16:43:11]	新词.txt
[2015-05-22 16:43:34]	Cannot open file 
[2015-05-22 16:43:34]	./\Data\KeyBlackList.pdat
[2015-05-22 16:43:34]	Error read file
[2015-05-22 16:43:34]	新词.txt
[2015-05-22 16:43:58]	Cannot open file 
[2015-05-22 16:43:58]	./\Data\KeyBlackList.pdat
[2015-05-22 16:43:58]	Error read file
[2015-05-22 16:43:58]	新词.txt
[2015-05-22 16:44:23]	Cannot open file 
[2015-05-22 16:44:23]	./\Data\KeyBlackList.pdat
[2015-05-22 16:44:23]	Error read file
[2015-05-22 16:44:23]	新词.txt
[2015-05-22 16:44:50]	Cannot open file 
[2015-05-22 16:44:50]	./\Data\KeyBlackList.pdat
[2015-05-22 16:44:50]	Error read file
[2015-05-22 16:44:50]	新词.txt
[2015-05-22 16:45:21]	Cannot open file 
[2015-05-22 16:45:21]	./\Data\KeyBlackList.pdat
[2015-05-22 16:45:21]	Error read file
[2015-05-22 16:45:21]	新词.txt
[2015-05-22 16:54:03]	Cannot open file 
[2015-05-22 16:54:03]	./\Data\KeyBlackList.pdat
[2015-05-22 16:54:03]	Error read file
[2015-05-22 16:54:03]	新词.txt
[2015-05-22 16:54:24]	Cannot open file 
[2015-05-22 16:54:24]	./\Data\KeyBlackList.pdat
[2015-05-22 16:54:24]	Error read file
[2015-05-22 16:54:24]	新词.txt
[2015-05-22 16:54:46]	Cannot open file 
[2015-05-22 16:54:46]	./\Data\KeyBlackList.pdat
[2015-05-22 16:54:46]	Error read file
[2015-05-22 16:54:46]	新词.txt
[2015-05-22 16:55:11]	Cannot open file 
[2015-05-22 16:55:11]	./\Data\KeyBlackList.pdat
[2015-05-22 16:55:11]	Error read file
[2015-05-22 16:55:11]	新词.txt
[2015-05-22 16:55:39]	Cannot open file 
[2015-05-22 16:55:39]	./\Data\KeyBlackList.pdat
[2015-05-22 16:55:39]	Error read file
[2015-05-22 16:55:39]	新词.txt
[2015-05-22 16:56:09]	Cannot open file 
[2015-05-22 16:56:09]	./\Data\KeyBlackList.pdat
[2015-05-22 16:56:09]	Error read file
[2015-05-22 16:56:09]	新词.txt
[2015-05-22 16:56:40]	Cannot open file 
[2015-05-22 16:56:40]	./\Data\KeyBlackList.pdat
[2015-05-22 16:56:40]	Error read file
[2015-05-22 16:56:40]	新词.txt
[2015-05-22 16:57:16]	Cannot open file 
[2015-05-22 16:57:16]	./\Data\KeyBlackList.pdat
[2015-05-22 16:57:16]	Error read file
[2015-05-22 16:57:16]	新词.txt
[2015-05-22 16:57:52]	Cannot open file 
[2015-05-22 16:57:52]	./\Data\KeyBlackList.pdat
[2015-05-22 16:57:52]	Error read file
[2015-05-22 16:57:52]	新词.txt
[2015-05-22 16:58:31]	Cannot open file 
[2015-05-22 16:58:31]	./\Data\KeyBlackList.pdat
[2015-05-22 16:58:31]	Error read file
[2015-05-22 16:58:31]	新词.txt
[2015-05-22 17:00:38]	Cannot open file 
[2015-05-22 17:00:38]	./\Data\KeyBlackList.pdat
[2015-05-22 17:00:38]	Error read file
[2015-05-22 17:00:38]	新词.txt
[2015-05-22 17:00:58]	Cannot open file 
[2015-05-22 17:00:58]	./\Data\KeyBlackList.pdat
[2015-05-22 17:00:58]	Error read file
[2015-05-22 17:00:58]	新词.txt
[2015-05-22 17:01:18]	Cannot open file 
[2015-05-22 17:01:18]	./\Data\KeyBlackList.pdat
[2015-05-22 17:01:18]	Error read file
[2015-05-22 17:01:18]	新词.txt
[2015-05-22 17:01:40]	Cannot open file 
[2015-05-22 17:01:40]	./\Data\KeyBlackList.pdat
[2015-05-22 17:01:40]	Error read file
[2015-05-22 17:01:40]	新词.txt
[2015-05-22 17:02:05]	Cannot open file 
[2015-05-22 17:02:05]	./\Data\KeyBlackList.pdat
[2015-05-22 17:02:05]	Error read file
[2015-05-22 17:02:05]	新词.txt
[2015-05-22 17:02:33]	Cannot open file 
[2015-05-22 17:02:33]	./\Data\KeyBlackList.pdat
[2015-05-22 17:02:33]	Error read file
[2015-05-22 17:02:33]	新词.txt
[2015-05-22 17:03:02]	Cannot open file 
[2015-05-22 17:03:02]	./\Data\KeyBlackList.pdat
[2015-05-22 17:03:02]	Error read file
[2015-05-22 17:03:02]	新词.txt
[2015-05-22 17:03:33]	Cannot open file 
[2015-05-22 17:03:33]	./\Data\KeyBlackList.pdat
[2015-05-22 17:03:33]	Error read file
[2015-05-22 17:03:33]	新词.txt
[2015-05-22 17:04:12]	Cannot open file 
[2015-05-22 17:04:12]	./\Data\KeyBlackList.pdat
[2015-05-22 17:04:12]	Error read file
[2015-05-22 17:04:12]	新词.txt
[2015-05-22 17:04:49]	Cannot open file 
[2015-05-22 17:04:49]	./\Data\KeyBlackList.pdat
[2015-05-22 17:04:49]	Error read file
[2015-05-22 17:04:49]	新词.txt
[2015-05-22 17:07:21]	Cannot open file 
[2015-05-22 17:07:21]	./\Data\KeyBlackList.pdat
[2015-05-22 17:07:21]	Error read file
[2015-05-22 17:07:21]	新词.txt
[2015-05-22 17:07:39]	Cannot open file 
[2015-05-22 17:07:39]	./\Data\KeyBlackList.pdat
[2015-05-22 17:07:39]	Error read file
[2015-05-22 17:07:39]	新词.txt
[2015-05-22 17:07:58]	Cannot open file 
[2015-05-22 17:07:58]	./\Data\KeyBlackList.pdat
[2015-05-22 17:07:58]	Error read file
[2015-05-22 17:07:58]	新词.txt
[2015-05-22 17:08:18]	Cannot open file 
[2015-05-22 17:08:18]	./\Data\KeyBlackList.pdat
[2015-05-22 17:08:18]	Error read file
[2015-05-22 17:08:18]	新词.txt
[2015-05-22 17:08:42]	Cannot open file 
[2015-05-22 17:08:42]	./\Data\KeyBlackList.pdat
[2015-05-22 17:08:42]	Error read file
[2015-05-22 17:08:42]	新词.txt
[2015-05-22 17:09:08]	Cannot open file 
[2015-05-22 17:09:08]	./\Data\KeyBlackList.pdat
[2015-05-22 17:09:08]	Error read file
[2015-05-22 17:09:08]	新词.txt
[2015-05-22 17:09:35]	Cannot open file 
[2015-05-22 17:09:35]	./\Data\KeyBlackList.pdat
[2015-05-22 17:09:35]	Error read file
[2015-05-22 17:09:35]	新词.txt
[2015-05-22 17:10:05]	Cannot open file 
[2015-05-22 17:10:05]	./\Data\KeyBlackList.pdat
[2015-05-22 17:10:05]	Error read file
[2015-05-22 17:10:05]	新词.txt
[2015-05-22 17:10:35]	Cannot open file 
[2015-05-22 17:10:35]	./\Data\KeyBlackList.pdat
[2015-05-22 17:10:35]	Error read file
[2015-05-22 17:10:35]	新词.txt
[2015-05-22 17:11:07]	Cannot open file 
[2015-05-22 17:11:07]	./\Data\KeyBlackList.pdat
[2015-05-22 17:11:07]	Error read file
[2015-05-22 17:11:07]	新词.txt
[2015-05-22 17:13:58]	Cannot open file 
[2015-05-22 17:13:58]	./\Data\KeyBlackList.pdat
[2015-05-22 17:13:58]	Error read file
[2015-05-22 17:13:58]	新词.txt
[2015-05-22 17:14:14]	Cannot open file 
[2015-05-22 17:14:14]	./\Data\KeyBlackList.pdat
[2015-05-22 17:14:14]	Error read file
[2015-05-22 17:14:14]	新词.txt
[2015-05-22 17:14:31]	Cannot open file 
[2015-05-22 17:14:31]	./\Data\KeyBlackList.pdat
[2015-05-22 17:14:31]	Error read file
[2015-05-22 17:14:31]	新词.txt
[2015-05-22 17:14:48]	Cannot open file 
[2015-05-22 17:14:48]	./\Data\KeyBlackList.pdat
[2015-05-22 17:14:48]	Error read file
[2015-05-22 17:14:48]	新词.txt
[2015-05-22 17:15:07]	Cannot open file 
[2015-05-22 17:15:07]	./\Data\KeyBlackList.pdat
[2015-05-22 17:15:07]	Error read file
[2015-05-22 17:15:07]	新词.txt
[2015-05-22 17:15:29]	Cannot open file 
[2015-05-22 17:15:29]	./\Data\KeyBlackList.pdat
[2015-05-22 17:15:29]	Error read file
[2015-05-22 17:15:29]	新词.txt
[2015-05-22 17:15:52]	Cannot open file 
[2015-05-22 17:15:52]	./\Data\KeyBlackList.pdat
[2015-05-22 17:15:52]	Error read file
[2015-05-22 17:15:52]	新词.txt
[2015-05-22 17:16:17]	Cannot open file 
[2015-05-22 17:16:17]	./\Data\KeyBlackList.pdat
[2015-05-22 17:16:17]	Error read file
[2015-05-22 17:16:17]	新词.txt
[2015-05-22 17:16:43]	Cannot open file 
[2015-05-22 17:16:43]	./\Data\KeyBlackList.pdat
[2015-05-22 17:16:43]	Error read file
[2015-05-22 17:16:43]	新词.txt
[2015-05-22 17:17:11]	Cannot open file 
[2015-05-22 17:17:11]	./\Data\KeyBlackList.pdat
[2015-05-22 17:17:11]	Error read file
[2015-05-22 17:17:11]	新词.txt
[2015-05-22 17:17:59]	Cannot open file 
[2015-05-22 17:17:59]	./\Data\KeyBlackList.pdat
[2015-05-22 17:17:59]	Error read file
[2015-05-22 17:17:59]	新词.txt
[2015-05-22 17:18:12]	Cannot open file 
[2015-05-22 17:18:12]	./\Data\KeyBlackList.pdat
[2015-05-22 17:18:12]	Error read file
[2015-05-22 17:18:12]	新词.txt
[2015-05-22 17:18:27]	Cannot open file 
[2015-05-22 17:18:27]	./\Data\KeyBlackList.pdat
[2015-05-22 17:18:27]	Error read file
[2015-05-22 17:18:27]	新词.txt
[2015-05-22 17:18:43]	Cannot open file 
[2015-05-22 17:18:43]	./\Data\KeyBlackList.pdat
[2015-05-22 17:18:43]	Error read file
[2015-05-22 17:18:43]	新词.txt
[2015-05-22 17:19:01]	Cannot open file 
[2015-05-22 17:19:01]	./\Data\KeyBlackList.pdat
[2015-05-22 17:19:01]	Error read file
[2015-05-22 17:19:01]	新词.txt
[2015-05-22 17:19:21]	Cannot open file 
[2015-05-22 17:19:21]	./\Data\KeyBlackList.pdat
[2015-05-22 17:19:21]	Error read file
[2015-05-22 17:19:21]	新词.txt
[2015-05-22 17:19:42]	Cannot open file 
[2015-05-22 17:19:42]	./\Data\KeyBlackList.pdat
[2015-05-22 17:19:42]	Error read file
[2015-05-22 17:19:42]	新词.txt
[2015-05-22 17:20:04]	Cannot open file 
[2015-05-22 17:20:04]	./\Data\KeyBlackList.pdat
[2015-05-22 17:20:04]	Error read file
[2015-05-22 17:20:04]	新词.txt
[2015-05-22 17:20:28]	Cannot open file 
[2015-05-22 17:20:28]	./\Data\KeyBlackList.pdat
[2015-05-22 17:20:28]	Error read file
[2015-05-22 17:20:28]	新词.txt
[2015-05-22 17:20:53]	Cannot open file 
[2015-05-22 17:20:53]	./\Data\KeyBlackList.pdat
[2015-05-22 17:20:53]	Error read file
[2015-05-22 17:20:53]	新词.txt
[2015-05-22 17:26:04]	Cannot open file 
[2015-05-22 17:26:04]	./\Data\KeyBlackList.pdat
[2015-05-22 17:26:04]	Error read file
[2015-05-22 17:26:04]	新词.txt
[2015-05-22 17:26:15]	Cannot open file 
[2015-05-22 17:26:15]	./\Data\KeyBlackList.pdat
[2015-05-22 17:26:15]	Error read file
[2015-05-22 17:26:15]	新词.txt
[2015-05-22 17:26:26]	Cannot open file 
[2015-05-22 17:26:26]	./\Data\KeyBlackList.pdat
[2015-05-22 17:26:27]	Error read file
[2015-05-22 17:26:27]	新词.txt
[2015-05-22 17:26:40]	Cannot open file 
[2015-05-22 17:26:40]	./\Data\KeyBlackList.pdat
[2015-05-22 17:26:40]	Error read file
[2015-05-22 17:26:40]	新词.txt
[2015-05-22 17:26:56]	Cannot open file 
[2015-05-22 17:26:56]	./\Data\KeyBlackList.pdat
[2015-05-22 17:26:56]	Error read file
[2015-05-22 17:26:56]	新词.txt
[2015-05-22 17:27:13]	Cannot open file 
[2015-05-22 17:27:13]	./\Data\KeyBlackList.pdat
[2015-05-22 17:27:13]	Error read file
[2015-05-22 17:27:13]	新词.txt
[2015-05-22 17:27:31]	Cannot open file 
[2015-05-22 17:27:31]	./\Data\KeyBlackList.pdat
[2015-05-22 17:27:31]	Error read file
[2015-05-22 17:27:31]	新词.txt
[2015-05-22 17:27:50]	Cannot open file 
[2015-05-22 17:27:50]	./\Data\KeyBlackList.pdat
[2015-05-22 17:27:50]	Error read file
[2015-05-22 17:27:50]	新词.txt
[2015-05-22 17:28:11]	Cannot open file 
[2015-05-22 17:28:11]	./\Data\KeyBlackList.pdat
[2015-05-22 17:28:11]	Error read file
[2015-05-22 17:28:11]	新词.txt
[2015-05-22 17:28:33]	Cannot open file 
[2015-05-22 17:28:33]	./\Data\KeyBlackList.pdat
[2015-05-22 17:28:33]	Error read file
[2015-05-22 17:28:33]	新词.txt
