[2015-11-01 00:01:07]	Cannot open file 
[2015-11-01 00:01:07]	./\Data\KeyBlackList.pdat
[2015-11-01 00:01:07]	Error read file
[2015-11-01 00:01:07]	新词.txt
[2015-11-01 00:03:56]	Cannot open file 
[2015-11-01 00:03:56]	./\Data\KeyBlackList.pdat
[2015-11-01 00:03:57]	Error read file
[2015-11-01 00:03:57]	新词.txt
[2015-11-01 00:06:51]	Cannot open file 
[2015-11-01 00:06:51]	./\Data\KeyBlackList.pdat
[2015-11-01 00:06:51]	Error read file
[2015-11-01 00:06:51]	新词.txt
[2015-11-01 00:09:44]	Cannot open file 
[2015-11-01 00:09:44]	./\Data\KeyBlackList.pdat
[2015-11-01 00:09:44]	Error read file
[2015-11-01 00:09:44]	新词.txt
[2015-11-01 00:12:38]	Cannot open file 
[2015-11-01 00:12:38]	./\Data\KeyBlackList.pdat
[2015-11-01 00:12:38]	Error read file
[2015-11-01 00:12:38]	新词.txt
[2015-11-01 00:15:34]	Cannot open file 
[2015-11-01 00:15:34]	./\Data\KeyBlackList.pdat
[2015-11-01 00:15:34]	Error read file
[2015-11-01 00:15:34]	新词.txt
[2015-11-01 00:18:33]	Cannot open file 
[2015-11-01 00:18:33]	./\Data\KeyBlackList.pdat
[2015-11-01 00:18:33]	Error read file
[2015-11-01 00:18:33]	新词.txt
[2015-11-01 00:21:49]	Cannot open file 
[2015-11-01 00:21:49]	./\Data\KeyBlackList.pdat
[2015-11-01 00:21:49]	Error read file
[2015-11-01 00:21:49]	新词.txt
[2015-11-01 00:24:47]	Cannot open file 
[2015-11-01 00:24:47]	./\Data\KeyBlackList.pdat
[2015-11-01 00:24:47]	Error read file
[2015-11-01 00:24:47]	新词.txt
[2015-11-01 00:27:42]	Cannot open file 
[2015-11-01 00:27:42]	./\Data\KeyBlackList.pdat
[2015-11-01 00:27:42]	Error read file
[2015-11-01 00:27:42]	新词.txt
[2015-11-01 00:30:39]	Cannot open file 
[2015-11-01 00:30:39]	./\Data\KeyBlackList.pdat
[2015-11-01 00:30:39]	Error read file
[2015-11-01 00:30:39]	新词.txt
[2015-11-01 00:33:36]	Cannot open file 
[2015-11-01 00:33:36]	./\Data\KeyBlackList.pdat
[2015-11-01 00:33:36]	Error read file
[2015-11-01 00:33:36]	新词.txt
[2015-11-01 00:36:34]	Cannot open file 
[2015-11-01 00:36:34]	./\Data\KeyBlackList.pdat
[2015-11-01 00:36:34]	Error read file
[2015-11-01 00:36:34]	新词.txt
[2015-11-01 00:39:33]	Cannot open file 
[2015-11-01 00:39:33]	./\Data\KeyBlackList.pdat
[2015-11-01 00:39:33]	Error read file
[2015-11-01 00:39:33]	新词.txt
[2015-11-01 00:42:32]	Cannot open file 
[2015-11-01 00:42:32]	./\Data\KeyBlackList.pdat
[2015-11-01 00:42:32]	Error read file
[2015-11-01 00:42:32]	新词.txt
[2015-11-01 00:45:33]	Cannot open file 
[2015-11-01 00:45:33]	./\Data\KeyBlackList.pdat
[2015-11-01 00:45:33]	Error read file
[2015-11-01 00:45:33]	新词.txt
[2015-11-01 00:48:35]	Cannot open file 
[2015-11-01 00:48:35]	./\Data\KeyBlackList.pdat
[2015-11-01 00:48:35]	Error read file
[2015-11-01 00:48:35]	新词.txt
[2015-11-01 00:51:36]	Cannot open file 
[2015-11-01 00:51:36]	./\Data\KeyBlackList.pdat
[2015-11-01 00:51:36]	Error read file
[2015-11-01 00:51:36]	新词.txt
[2015-11-01 00:54:38]	Cannot open file 
[2015-11-01 00:54:38]	./\Data\KeyBlackList.pdat
[2015-11-01 00:54:38]	Error read file
[2015-11-01 00:54:38]	新词.txt
[2015-11-01 00:57:41]	Cannot open file 
[2015-11-01 00:57:41]	./\Data\KeyBlackList.pdat
[2015-11-01 00:57:41]	Error read file
[2015-11-01 00:57:41]	新词.txt
[2015-11-01 01:00:47]	Cannot open file 
[2015-11-01 01:00:47]	./\Data\KeyBlackList.pdat
[2015-11-01 01:00:47]	Error read file
[2015-11-01 01:00:47]	新词.txt
[2015-11-01 01:03:50]	Cannot open file 
[2015-11-01 01:03:50]	./\Data\KeyBlackList.pdat
[2015-11-01 01:03:50]	Error read file
[2015-11-01 01:03:50]	新词.txt
[2015-11-01 01:06:56]	Cannot open file 
[2015-11-01 01:06:56]	./\Data\KeyBlackList.pdat
[2015-11-01 01:06:56]	Error read file
[2015-11-01 01:06:56]	新词.txt
[2015-11-01 01:10:03]	Cannot open file 
[2015-11-01 01:10:03]	./\Data\KeyBlackList.pdat
[2015-11-01 01:10:03]	Error read file
[2015-11-01 01:10:03]	新词.txt
[2015-11-01 01:13:09]	Cannot open file 
[2015-11-01 01:13:09]	./\Data\KeyBlackList.pdat
[2015-11-01 01:13:09]	Error read file
[2015-11-01 01:13:09]	新词.txt
[2015-11-01 01:16:17]	Cannot open file 
[2015-11-01 01:16:17]	./\Data\KeyBlackList.pdat
[2015-11-01 01:16:17]	Error read file
[2015-11-01 01:16:17]	新词.txt
[2015-11-01 01:19:25]	Cannot open file 
[2015-11-01 01:19:25]	./\Data\KeyBlackList.pdat
[2015-11-01 01:19:25]	Error read file
[2015-11-01 01:19:25]	新词.txt
[2015-11-01 01:22:37]	Cannot open file 
[2015-11-01 01:22:37]	./\Data\KeyBlackList.pdat
[2015-11-01 01:22:37]	Error read file
[2015-11-01 01:22:37]	新词.txt
[2015-11-01 01:25:47]	Cannot open file 
[2015-11-01 01:25:47]	./\Data\KeyBlackList.pdat
[2015-11-01 01:25:47]	Error read file
[2015-11-01 01:25:47]	新词.txt
[2015-11-01 01:28:57]	Cannot open file 
[2015-11-01 01:28:57]	./\Data\KeyBlackList.pdat
[2015-11-01 01:28:57]	Error read file
[2015-11-01 01:28:57]	新词.txt
[2015-11-01 01:32:09]	Cannot open file 
[2015-11-01 01:32:09]	./\Data\KeyBlackList.pdat
[2015-11-01 01:32:09]	Error read file
[2015-11-01 01:32:09]	新词.txt
[2015-11-01 01:35:22]	Cannot open file 
[2015-11-01 01:35:22]	./\Data\KeyBlackList.pdat
[2015-11-01 01:35:22]	Error read file
[2015-11-01 01:35:22]	新词.txt
[2015-11-01 01:38:35]	Cannot open file 
[2015-11-01 01:38:35]	./\Data\KeyBlackList.pdat
[2015-11-01 01:38:35]	Error read file
[2015-11-01 01:38:35]	新词.txt
[2015-11-01 01:41:49]	Cannot open file 
[2015-11-01 01:41:49]	./\Data\KeyBlackList.pdat
[2015-11-01 01:41:49]	Error read file
[2015-11-01 01:41:49]	新词.txt
[2015-11-01 01:45:05]	Cannot open file 
[2015-11-01 01:45:05]	./\Data\KeyBlackList.pdat
[2015-11-01 01:45:05]	Error read file
[2015-11-01 01:45:05]	新词.txt
[2015-11-01 01:48:22]	Cannot open file 
[2015-11-01 01:48:22]	./\Data\KeyBlackList.pdat
[2015-11-01 01:48:23]	Error read file
[2015-11-01 01:48:23]	新词.txt
[2015-11-01 01:51:38]	Cannot open file 
[2015-11-01 01:51:38]	./\Data\KeyBlackList.pdat
[2015-11-01 01:51:38]	Error read file
[2015-11-01 01:51:38]	新词.txt
[2015-11-01 01:54:55]	Cannot open file 
[2015-11-01 01:54:55]	./\Data\KeyBlackList.pdat
[2015-11-01 01:54:55]	Error read file
[2015-11-01 01:54:55]	新词.txt
[2015-11-01 01:58:11]	Cannot open file 
[2015-11-01 01:58:11]	./\Data\KeyBlackList.pdat
[2015-11-01 01:58:11]	Error read file
[2015-11-01 01:58:11]	新词.txt
[2015-11-01 02:01:28]	Cannot open file 
[2015-11-01 02:01:28]	./\Data\KeyBlackList.pdat
[2015-11-01 02:01:28]	Error read file
[2015-11-01 02:01:28]	新词.txt
[2015-11-01 02:04:46]	Cannot open file 
[2015-11-01 02:04:46]	./\Data\KeyBlackList.pdat
[2015-11-01 02:04:46]	Error read file
[2015-11-01 02:04:46]	新词.txt
[2015-11-01 02:08:06]	Cannot open file 
[2015-11-01 02:08:06]	./\Data\KeyBlackList.pdat
[2015-11-01 02:08:06]	Error read file
[2015-11-01 02:08:06]	新词.txt
[2015-11-01 02:11:26]	Cannot open file 
[2015-11-01 02:11:26]	./\Data\KeyBlackList.pdat
[2015-11-01 02:11:26]	Error read file
[2015-11-01 02:11:26]	新词.txt
[2015-11-01 02:14:47]	Cannot open file 
[2015-11-01 02:14:47]	./\Data\KeyBlackList.pdat
[2015-11-01 02:14:47]	Error read file
[2015-11-01 02:14:47]	新词.txt
[2015-11-01 02:18:11]	Cannot open file 
[2015-11-01 02:18:11]	./\Data\KeyBlackList.pdat
[2015-11-01 02:18:11]	Error read file
[2015-11-01 02:18:11]	新词.txt
[2015-11-01 02:21:37]	Cannot open file 
[2015-11-01 02:21:37]	./\Data\KeyBlackList.pdat
[2015-11-01 02:21:37]	Error read file
[2015-11-01 02:21:37]	新词.txt
[2015-11-01 02:25:01]	Cannot open file 
[2015-11-01 02:25:01]	./\Data\KeyBlackList.pdat
[2015-11-01 02:25:01]	Error read file
[2015-11-01 02:25:01]	新词.txt
[2015-11-01 02:28:25]	Cannot open file 
[2015-11-01 02:28:25]	./\Data\KeyBlackList.pdat
[2015-11-01 02:28:25]	Error read file
[2015-11-01 02:28:25]	新词.txt
[2015-11-01 02:31:50]	Cannot open file 
[2015-11-01 02:31:50]	./\Data\KeyBlackList.pdat
[2015-11-01 02:31:50]	Error read file
[2015-11-01 02:31:50]	新词.txt
[2015-11-01 11:27:18]	Cannot open file 
[2015-11-01 11:27:18]	./\Data\KeyBlackList.pdat
[2015-11-01 11:27:18]	Error read file
[2015-11-01 11:27:18]	新词.txt
[2015-11-01 11:27:32]	Cannot open file 
[2015-11-01 11:27:32]	./\Data\KeyBlackList.pdat
[2015-11-01 11:27:32]	Error read file
[2015-11-01 11:27:32]	新词.txt
[2015-11-01 11:27:46]	Cannot open file 
[2015-11-01 11:27:46]	./\Data\KeyBlackList.pdat
[2015-11-01 11:27:46]	Error read file
[2015-11-01 11:27:46]	新词.txt
[2015-11-01 11:28:01]	Cannot open file 
[2015-11-01 11:28:01]	./\Data\KeyBlackList.pdat
[2015-11-01 11:28:01]	Error read file
[2015-11-01 11:28:01]	新词.txt
[2015-11-01 11:28:15]	Cannot open file 
[2015-11-01 11:28:15]	./\Data\KeyBlackList.pdat
[2015-11-01 11:28:15]	Error read file
[2015-11-01 11:28:15]	新词.txt
[2015-11-01 11:28:33]	Cannot open file 
[2015-11-01 11:28:33]	./\Data\KeyBlackList.pdat
[2015-11-01 11:28:33]	Error read file
[2015-11-01 11:28:33]	新词.txt
[2015-11-01 11:28:52]	Cannot open file 
[2015-11-01 11:28:52]	./\Data\KeyBlackList.pdat
[2015-11-01 11:28:52]	Error read file
[2015-11-01 11:28:52]	新词.txt
[2015-11-01 11:29:12]	Cannot open file 
[2015-11-01 11:29:12]	./\Data\KeyBlackList.pdat
[2015-11-01 11:29:12]	Error read file
[2015-11-01 11:29:12]	新词.txt
[2015-11-01 11:29:34]	Cannot open file 
[2015-11-01 11:29:34]	./\Data\KeyBlackList.pdat
[2015-11-01 11:29:34]	Error read file
[2015-11-01 11:29:34]	新词.txt
[2015-11-01 11:29:58]	Cannot open file 
[2015-11-01 11:29:58]	./\Data\KeyBlackList.pdat
[2015-11-01 11:29:58]	Error read file
[2015-11-01 11:29:58]	新词.txt
[2015-11-01 11:30:22]	Cannot open file 
[2015-11-01 11:30:22]	./\Data\KeyBlackList.pdat
[2015-11-01 11:30:22]	Error read file
[2015-11-01 11:30:22]	新词.txt
[2015-11-01 11:30:47]	Cannot open file 
[2015-11-01 11:30:47]	./\Data\KeyBlackList.pdat
[2015-11-01 11:30:47]	Error read file
[2015-11-01 11:30:47]	新词.txt
[2015-11-01 11:31:12]	Cannot open file 
[2015-11-01 11:31:12]	./\Data\KeyBlackList.pdat
[2015-11-01 11:31:12]	Error read file
[2015-11-01 11:31:12]	新词.txt
[2015-11-01 11:31:37]	Cannot open file 
[2015-11-01 11:31:37]	./\Data\KeyBlackList.pdat
[2015-11-01 11:31:37]	Error read file
[2015-11-01 11:31:37]	新词.txt
[2015-11-01 11:32:04]	Cannot open file 
[2015-11-01 11:32:04]	./\Data\KeyBlackList.pdat
[2015-11-01 11:32:04]	Error read file
[2015-11-01 11:32:04]	新词.txt
[2015-11-01 11:32:32]	Cannot open file 
[2015-11-01 11:32:32]	./\Data\KeyBlackList.pdat
[2015-11-01 11:32:32]	Error read file
[2015-11-01 11:32:32]	新词.txt
[2015-11-01 11:33:01]	Cannot open file 
[2015-11-01 11:33:01]	./\Data\KeyBlackList.pdat
[2015-11-01 11:33:01]	Error read file
[2015-11-01 11:33:01]	新词.txt
[2015-11-01 11:33:31]	Cannot open file 
[2015-11-01 11:33:31]	./\Data\KeyBlackList.pdat
[2015-11-01 11:33:31]	Error read file
[2015-11-01 11:33:31]	新词.txt
[2015-11-01 11:34:01]	Cannot open file 
[2015-11-01 11:34:01]	./\Data\KeyBlackList.pdat
[2015-11-01 11:34:01]	Error read file
[2015-11-01 11:34:01]	新词.txt
[2015-11-01 11:34:33]	Cannot open file 
[2015-11-01 11:34:33]	./\Data\KeyBlackList.pdat
[2015-11-01 11:34:33]	Error read file
[2015-11-01 11:34:33]	新词.txt
[2015-11-01 11:35:05]	Cannot open file 
[2015-11-01 11:35:05]	./\Data\KeyBlackList.pdat
[2015-11-01 11:35:05]	Error read file
[2015-11-01 11:35:05]	新词.txt
[2015-11-01 11:35:41]	Cannot open file 
[2015-11-01 11:35:41]	./\Data\KeyBlackList.pdat
[2015-11-01 11:35:41]	Error read file
[2015-11-01 11:35:41]	新词.txt
[2015-11-01 11:36:16]	Cannot open file 
[2015-11-01 11:36:16]	./\Data\KeyBlackList.pdat
[2015-11-01 11:36:16]	Error read file
[2015-11-01 11:36:16]	新词.txt
[2015-11-01 11:36:53]	Cannot open file 
[2015-11-01 11:36:53]	./\Data\KeyBlackList.pdat
[2015-11-01 11:36:53]	Error read file
[2015-11-01 11:36:53]	新词.txt
[2015-11-01 11:37:29]	Cannot open file 
[2015-11-01 11:37:29]	./\Data\KeyBlackList.pdat
[2015-11-01 11:37:29]	Error read file
[2015-11-01 11:37:29]	新词.txt
[2015-11-01 11:38:07]	Cannot open file 
[2015-11-01 11:38:07]	./\Data\KeyBlackList.pdat
[2015-11-01 11:38:07]	Error read file
[2015-11-01 11:38:07]	新词.txt
[2015-11-01 11:38:47]	Cannot open file 
[2015-11-01 11:38:47]	./\Data\KeyBlackList.pdat
[2015-11-01 11:38:47]	Error read file
[2015-11-01 11:38:47]	新词.txt
[2015-11-01 11:39:27]	Cannot open file 
[2015-11-01 11:39:27]	./\Data\KeyBlackList.pdat
[2015-11-01 11:39:28]	Error read file
[2015-11-01 11:39:28]	新词.txt
[2015-11-01 11:40:10]	Cannot open file 
[2015-11-01 11:40:10]	./\Data\KeyBlackList.pdat
[2015-11-01 11:40:10]	Error read file
[2015-11-01 11:40:10]	新词.txt
[2015-11-01 11:40:53]	Cannot open file 
[2015-11-01 11:40:53]	./\Data\KeyBlackList.pdat
[2015-11-01 11:40:53]	Error read file
[2015-11-01 11:40:53]	新词.txt
[2015-11-01 11:41:36]	Cannot open file 
[2015-11-01 11:41:36]	./\Data\KeyBlackList.pdat
[2015-11-01 11:41:36]	Error read file
[2015-11-01 11:41:36]	新词.txt
[2015-11-01 11:42:20]	Cannot open file 
[2015-11-01 11:42:20]	./\Data\KeyBlackList.pdat
[2015-11-01 11:42:20]	Error read file
[2015-11-01 11:42:20]	新词.txt
[2015-11-01 11:43:06]	Cannot open file 
[2015-11-01 11:43:06]	./\Data\KeyBlackList.pdat
[2015-11-01 11:43:06]	Error read file
[2015-11-01 11:43:06]	新词.txt
[2015-11-01 11:43:53]	Cannot open file 
[2015-11-01 11:43:53]	./\Data\KeyBlackList.pdat
[2015-11-01 11:43:53]	Error read file
[2015-11-01 11:43:53]	新词.txt
[2015-11-01 11:44:42]	Cannot open file 
[2015-11-01 11:44:42]	./\Data\KeyBlackList.pdat
[2015-11-01 11:44:42]	Error read file
[2015-11-01 11:44:42]	新词.txt
[2015-11-01 11:45:29]	Cannot open file 
[2015-11-01 11:45:29]	./\Data\KeyBlackList.pdat
[2015-11-01 11:45:29]	Error read file
[2015-11-01 11:45:29]	新词.txt
[2015-11-01 11:46:19]	Cannot open file 
[2015-11-01 11:46:19]	./\Data\KeyBlackList.pdat
[2015-11-01 11:46:19]	Error read file
[2015-11-01 11:46:19]	新词.txt
[2015-11-01 11:47:10]	Cannot open file 
[2015-11-01 11:47:10]	./\Data\KeyBlackList.pdat
[2015-11-01 11:47:10]	Error read file
[2015-11-01 11:47:10]	新词.txt
[2015-11-01 11:48:01]	Cannot open file 
[2015-11-01 11:48:01]	./\Data\KeyBlackList.pdat
[2015-11-01 11:48:01]	Error read file
[2015-11-01 11:48:01]	新词.txt
[2015-11-01 11:48:51]	Cannot open file 
[2015-11-01 11:48:51]	./\Data\KeyBlackList.pdat
[2015-11-01 11:48:51]	Error read file
[2015-11-01 11:48:51]	新词.txt
[2015-11-01 11:49:43]	Cannot open file 
[2015-11-01 11:49:43]	./\Data\KeyBlackList.pdat
[2015-11-01 11:49:43]	Error read file
[2015-11-01 11:49:43]	新词.txt
[2015-11-01 11:50:37]	Cannot open file 
[2015-11-01 11:50:37]	./\Data\KeyBlackList.pdat
[2015-11-01 11:50:37]	Error read file
[2015-11-01 11:50:37]	新词.txt
[2015-11-01 11:51:33]	Cannot open file 
[2015-11-01 11:51:33]	./\Data\KeyBlackList.pdat
[2015-11-01 11:51:33]	Error read file
[2015-11-01 11:51:33]	新词.txt
[2015-11-01 11:52:30]	Cannot open file 
[2015-11-01 11:52:30]	./\Data\KeyBlackList.pdat
[2015-11-01 11:52:30]	Error read file
[2015-11-01 11:52:30]	新词.txt
[2015-11-01 11:53:28]	Cannot open file 
[2015-11-01 11:53:28]	./\Data\KeyBlackList.pdat
[2015-11-01 11:53:28]	Error read file
[2015-11-01 11:53:28]	新词.txt
[2015-11-01 11:54:25]	Cannot open file 
[2015-11-01 11:54:25]	./\Data\KeyBlackList.pdat
[2015-11-01 11:54:25]	Error read file
[2015-11-01 11:54:25]	新词.txt
[2015-11-01 11:55:23]	Cannot open file 
[2015-11-01 11:55:23]	./\Data\KeyBlackList.pdat
[2015-11-01 11:55:24]	Error read file
[2015-11-01 11:55:24]	新词.txt
[2015-11-01 11:56:23]	Cannot open file 
[2015-11-01 11:56:23]	./\Data\KeyBlackList.pdat
[2015-11-01 11:56:23]	Error read file
[2015-11-01 11:56:23]	新词.txt
[2015-11-01 11:57:25]	Cannot open file 
[2015-11-01 11:57:25]	./\Data\KeyBlackList.pdat
[2015-11-01 11:57:25]	Error read file
[2015-11-01 11:57:25]	新词.txt
[2015-11-01 11:58:26]	Cannot open file 
[2015-11-01 11:58:26]	./\Data\KeyBlackList.pdat
[2015-11-01 11:58:26]	Error read file
[2015-11-01 11:58:26]	新词.txt
[2015-11-01 11:59:29]	Cannot open file 
[2015-11-01 11:59:29]	./\Data\KeyBlackList.pdat
[2015-11-01 11:59:29]	Error read file
[2015-11-01 11:59:29]	新词.txt
[2015-11-01 12:00:35]	Cannot open file 
[2015-11-01 12:00:35]	./\Data\KeyBlackList.pdat
[2015-11-01 12:00:35]	Error read file
[2015-11-01 12:00:35]	新词.txt
[2015-11-01 12:01:41]	Cannot open file 
[2015-11-01 12:01:41]	./\Data\KeyBlackList.pdat
[2015-11-01 12:01:41]	Error read file
[2015-11-01 12:01:41]	新词.txt
[2015-11-01 12:02:46]	Cannot open file 
[2015-11-01 12:02:46]	./\Data\KeyBlackList.pdat
[2015-11-01 12:02:46]	Error read file
[2015-11-01 12:02:46]	新词.txt
[2015-11-01 12:03:55]	Cannot open file 
[2015-11-01 12:03:55]	./\Data\KeyBlackList.pdat
[2015-11-01 12:03:55]	Error read file
[2015-11-01 12:03:55]	新词.txt
[2015-11-01 12:05:05]	Cannot open file 
[2015-11-01 12:05:05]	./\Data\KeyBlackList.pdat
[2015-11-01 12:05:05]	Error read file
[2015-11-01 12:05:05]	新词.txt
[2015-11-01 12:06:15]	Cannot open file 
[2015-11-01 12:06:15]	./\Data\KeyBlackList.pdat
[2015-11-01 12:06:15]	Error read file
[2015-11-01 12:06:15]	新词.txt
[2015-11-01 12:07:27]	Cannot open file 
[2015-11-01 12:07:27]	./\Data\KeyBlackList.pdat
[2015-11-01 12:07:27]	Error read file
[2015-11-01 12:07:27]	新词.txt
[2015-11-01 12:08:41]	Cannot open file 
[2015-11-01 12:08:41]	./\Data\KeyBlackList.pdat
[2015-11-01 12:08:41]	Error read file
[2015-11-01 12:08:41]	新词.txt
[2015-11-01 12:09:55]	Cannot open file 
[2015-11-01 12:09:55]	./\Data\KeyBlackList.pdat
[2015-11-01 12:09:55]	Error read file
[2015-11-01 12:09:55]	新词.txt
[2015-11-01 12:11:10]	Cannot open file 
[2015-11-01 12:11:10]	./\Data\KeyBlackList.pdat
[2015-11-01 12:11:10]	Error read file
[2015-11-01 12:11:10]	新词.txt
[2015-11-01 12:12:26]	Cannot open file 
[2015-11-01 12:12:26]	./\Data\KeyBlackList.pdat
[2015-11-01 12:12:26]	Error read file
[2015-11-01 12:12:26]	新词.txt
[2015-11-01 12:13:43]	Cannot open file 
[2015-11-01 12:13:43]	./\Data\KeyBlackList.pdat
[2015-11-01 12:13:43]	Error read file
[2015-11-01 12:13:43]	新词.txt
[2015-11-01 12:15:02]	Cannot open file 
[2015-11-01 12:15:02]	./\Data\KeyBlackList.pdat
[2015-11-01 12:15:02]	Error read file
[2015-11-01 12:15:02]	新词.txt
[2015-11-01 12:16:21]	Cannot open file 
[2015-11-01 12:16:21]	./\Data\KeyBlackList.pdat
[2015-11-01 12:16:21]	Error read file
[2015-11-01 12:16:21]	新词.txt
[2015-11-01 12:17:42]	Cannot open file 
[2015-11-01 12:17:42]	./\Data\KeyBlackList.pdat
[2015-11-01 12:17:42]	Error read file
[2015-11-01 12:17:42]	新词.txt
[2015-11-01 12:19:03]	Cannot open file 
[2015-11-01 12:19:03]	./\Data\KeyBlackList.pdat
[2015-11-01 12:19:03]	Error read file
[2015-11-01 12:19:03]	新词.txt
[2015-11-01 12:20:31]	Cannot open file 
[2015-11-01 12:20:31]	./\Data\KeyBlackList.pdat
[2015-11-01 12:20:31]	Error read file
[2015-11-01 12:20:31]	新词.txt
[2015-11-01 12:21:55]	Cannot open file 
[2015-11-01 12:21:55]	./\Data\KeyBlackList.pdat
[2015-11-01 12:21:55]	Error read file
[2015-11-01 12:21:55]	新词.txt
[2015-11-01 12:23:22]	Cannot open file 
[2015-11-01 12:23:22]	./\Data\KeyBlackList.pdat
[2015-11-01 12:23:22]	Error read file
[2015-11-01 12:23:22]	新词.txt
[2015-11-01 12:24:48]	Cannot open file 
[2015-11-01 12:24:48]	./\Data\KeyBlackList.pdat
[2015-11-01 12:24:48]	Error read file
[2015-11-01 12:24:48]	新词.txt
[2015-11-01 12:26:15]	Cannot open file 
[2015-11-01 12:26:15]	./\Data\KeyBlackList.pdat
[2015-11-01 12:26:15]	Error read file
[2015-11-01 12:26:15]	新词.txt
[2015-11-01 12:27:47]	Cannot open file 
[2015-11-01 12:27:47]	./\Data\KeyBlackList.pdat
[2015-11-01 12:27:47]	Error read file
[2015-11-01 12:27:47]	新词.txt
[2015-11-01 12:29:16]	Cannot open file 
[2015-11-01 12:29:16]	./\Data\KeyBlackList.pdat
[2015-11-01 12:29:16]	Error read file
[2015-11-01 12:29:16]	新词.txt
[2015-11-01 12:30:46]	Cannot open file 
[2015-11-01 12:30:46]	./\Data\KeyBlackList.pdat
[2015-11-01 12:30:46]	Error read file
[2015-11-01 12:30:46]	新词.txt
[2015-11-01 12:32:24]	Cannot open file 
[2015-11-01 12:32:24]	./\Data\KeyBlackList.pdat
[2015-11-01 12:32:24]	Error read file
[2015-11-01 12:32:24]	新词.txt
[2015-11-01 12:33:57]	Cannot open file 
[2015-11-01 12:33:57]	./\Data\KeyBlackList.pdat
[2015-11-01 12:33:57]	Error read file
[2015-11-01 12:33:57]	新词.txt
[2015-11-01 12:35:30]	Cannot open file 
[2015-11-01 12:35:30]	./\Data\KeyBlackList.pdat
[2015-11-01 12:35:30]	Error read file
[2015-11-01 12:35:30]	新词.txt
[2015-11-01 12:37:01]	Cannot open file 
[2015-11-01 12:37:01]	./\Data\KeyBlackList.pdat
[2015-11-01 12:37:01]	Error read file
[2015-11-01 12:37:01]	新词.txt
[2015-11-01 12:38:35]	Cannot open file 
[2015-11-01 12:38:35]	./\Data\KeyBlackList.pdat
[2015-11-01 12:38:35]	Error read file
[2015-11-01 12:38:35]	新词.txt
[2015-11-01 12:40:10]	Cannot open file 
[2015-11-01 12:40:10]	./\Data\KeyBlackList.pdat
[2015-11-01 12:40:10]	Error read file
[2015-11-01 12:40:10]	新词.txt
[2015-11-01 12:41:44]	Cannot open file 
[2015-11-01 12:41:44]	./\Data\KeyBlackList.pdat
[2015-11-01 12:41:44]	Error read file
[2015-11-01 12:41:44]	新词.txt
[2015-11-01 12:43:21]	Cannot open file 
[2015-11-01 12:43:21]	./\Data\KeyBlackList.pdat
[2015-11-01 12:43:21]	Error read file
[2015-11-01 12:43:21]	新词.txt
[2015-11-01 12:44:59]	Cannot open file 
[2015-11-01 12:45:00]	./\Data\KeyBlackList.pdat
[2015-11-01 12:45:00]	Error read file
[2015-11-01 12:45:00]	新词.txt
[2015-11-01 12:46:38]	Cannot open file 
[2015-11-01 12:46:38]	./\Data\KeyBlackList.pdat
[2015-11-01 12:46:38]	Error read file
[2015-11-01 12:46:38]	新词.txt
[2015-11-01 12:48:19]	Cannot open file 
[2015-11-01 12:48:19]	./\Data\KeyBlackList.pdat
[2015-11-01 12:48:19]	Error read file
[2015-11-01 12:48:19]	新词.txt
[2015-11-01 12:49:59]	Cannot open file 
[2015-11-01 12:49:59]	./\Data\KeyBlackList.pdat
[2015-11-01 12:49:59]	Error read file
[2015-11-01 12:49:59]	新词.txt
[2015-11-01 12:51:40]	Cannot open file 
[2015-11-01 12:51:40]	./\Data\KeyBlackList.pdat
[2015-11-01 12:51:40]	Error read file
[2015-11-01 12:51:40]	新词.txt
[2015-11-01 12:53:24]	Cannot open file 
[2015-11-01 12:53:24]	./\Data\KeyBlackList.pdat
[2015-11-01 12:53:24]	Error read file
[2015-11-01 12:53:24]	新词.txt
[2015-11-01 12:55:19]	Cannot open file 
[2015-11-01 12:55:19]	./\Data\KeyBlackList.pdat
[2015-11-01 12:55:19]	Error read file
[2015-11-01 12:55:19]	新词.txt
[2015-11-01 12:57:10]	Cannot open file 
[2015-11-01 12:57:10]	./\Data\KeyBlackList.pdat
[2015-11-01 12:57:11]	Error read file
[2015-11-01 12:57:11]	新词.txt
[2015-11-01 12:58:57]	Cannot open file 
[2015-11-01 12:58:57]	./\Data\KeyBlackList.pdat
[2015-11-01 12:58:57]	Error read file
[2015-11-01 12:58:57]	新词.txt
[2015-11-01 13:00:43]	Cannot open file 
[2015-11-01 13:00:43]	./\Data\KeyBlackList.pdat
[2015-11-01 13:00:43]	Error read file
[2015-11-01 13:00:43]	新词.txt
[2015-11-01 13:02:30]	Cannot open file 
[2015-11-01 13:02:30]	./\Data\KeyBlackList.pdat
[2015-11-01 13:02:30]	Error read file
[2015-11-01 13:02:30]	新词.txt
[2015-11-01 13:04:19]	Cannot open file 
[2015-11-01 13:04:19]	./\Data\KeyBlackList.pdat
[2015-11-01 13:04:19]	Error read file
[2015-11-01 13:04:19]	新词.txt
[2015-11-01 13:06:11]	Cannot open file 
[2015-11-01 13:06:11]	./\Data\KeyBlackList.pdat
[2015-11-01 13:06:11]	Error read file
[2015-11-01 13:06:11]	新词.txt
[2015-11-01 13:08:01]	Cannot open file 
[2015-11-01 13:08:01]	./\Data\KeyBlackList.pdat
[2015-11-01 13:08:01]	Error read file
[2015-11-01 13:08:01]	新词.txt
[2015-11-01 13:09:58]	Cannot open file 
[2015-11-01 13:09:58]	./\Data\KeyBlackList.pdat
[2015-11-01 13:09:58]	Error read file
[2015-11-01 13:09:58]	新词.txt
[2015-11-01 13:11:56]	Cannot open file 
[2015-11-01 13:11:56]	./\Data\KeyBlackList.pdat
[2015-11-01 13:11:56]	Error read file
[2015-11-01 13:11:56]	新词.txt
[2015-11-01 13:13:50]	Cannot open file 
[2015-11-01 13:13:50]	./\Data\KeyBlackList.pdat
[2015-11-01 13:13:50]	Error read file
[2015-11-01 13:13:50]	新词.txt
[2015-11-01 13:15:44]	Cannot open file 
[2015-11-01 13:15:44]	./\Data\KeyBlackList.pdat
[2015-11-01 13:15:44]	Error read file
[2015-11-01 13:15:44]	新词.txt
[2015-11-01 13:17:37]	Cannot open file 
[2015-11-01 13:17:37]	./\Data\KeyBlackList.pdat
[2015-11-01 13:17:37]	Error read file
[2015-11-01 13:17:37]	新词.txt
[2015-11-01 13:19:33]	Cannot open file 
[2015-11-01 13:19:33]	./\Data\KeyBlackList.pdat
[2015-11-01 13:19:33]	Error read file
[2015-11-01 13:19:33]	新词.txt
[2015-11-01 13:21:35]	Cannot open file 
[2015-11-01 13:21:35]	./\Data\KeyBlackList.pdat
[2015-11-01 13:21:35]	Error read file
[2015-11-01 13:21:35]	新词.txt
[2015-11-01 13:23:34]	Cannot open file 
[2015-11-01 13:23:34]	./\Data\KeyBlackList.pdat
[2015-11-01 13:23:34]	Error read file
[2015-11-01 13:23:34]	新词.txt
[2015-11-01 13:25:32]	Cannot open file 
[2015-11-01 13:25:32]	./\Data\KeyBlackList.pdat
[2015-11-01 13:25:32]	Error read file
[2015-11-01 13:25:32]	新词.txt
[2015-11-01 13:27:36]	Cannot open file 
[2015-11-01 13:27:36]	./\Data\KeyBlackList.pdat
[2015-11-01 13:27:36]	Error read file
[2015-11-01 13:27:36]	新词.txt
[2015-11-01 13:29:40]	Cannot open file 
[2015-11-01 13:29:40]	./\Data\KeyBlackList.pdat
[2015-11-01 13:29:40]	Error read file
[2015-11-01 13:29:40]	新词.txt
[2015-11-01 13:31:43]	Cannot open file 
[2015-11-01 13:31:43]	./\Data\KeyBlackList.pdat
[2015-11-01 13:31:44]	Error read file
[2015-11-01 13:31:44]	新词.txt
[2015-11-01 13:33:49]	Cannot open file 
[2015-11-01 13:33:49]	./\Data\KeyBlackList.pdat
[2015-11-01 13:33:49]	Error read file
[2015-11-01 13:33:49]	新词.txt
[2015-11-01 13:35:58]	Cannot open file 
[2015-11-01 13:35:58]	./\Data\KeyBlackList.pdat
[2015-11-01 13:35:58]	Error read file
[2015-11-01 13:35:58]	新词.txt
[2015-11-01 13:38:04]	Cannot open file 
[2015-11-01 13:38:04]	./\Data\KeyBlackList.pdat
[2015-11-01 13:38:04]	Error read file
[2015-11-01 13:38:04]	新词.txt
[2015-11-01 13:40:14]	Cannot open file 
[2015-11-01 13:40:14]	./\Data\KeyBlackList.pdat
[2015-11-01 13:40:14]	Error read file
[2015-11-01 13:40:14]	新词.txt
[2015-11-01 13:42:25]	Cannot open file 
[2015-11-01 13:42:25]	./\Data\KeyBlackList.pdat
[2015-11-01 13:42:25]	Error read file
[2015-11-01 13:42:25]	新词.txt
[2015-11-01 13:44:38]	Cannot open file 
[2015-11-01 13:44:38]	./\Data\KeyBlackList.pdat
[2015-11-01 13:44:38]	Error read file
[2015-11-01 13:44:38]	新词.txt
[2015-11-01 13:46:54]	Cannot open file 
[2015-11-01 13:46:54]	./\Data\KeyBlackList.pdat
[2015-11-01 13:46:54]	Error read file
[2015-11-01 13:46:54]	新词.txt
[2015-11-01 13:49:08]	Cannot open file 
[2015-11-01 13:49:08]	./\Data\KeyBlackList.pdat
[2015-11-01 13:49:08]	Error read file
[2015-11-01 13:49:08]	新词.txt
[2015-11-01 13:51:25]	Cannot open file 
[2015-11-01 13:51:25]	./\Data\KeyBlackList.pdat
[2015-11-01 13:51:25]	Error read file
[2015-11-01 13:51:25]	新词.txt
[2015-11-01 13:53:43]	Cannot open file 
[2015-11-01 13:53:43]	./\Data\KeyBlackList.pdat
[2015-11-01 13:53:43]	Error read file
[2015-11-01 13:53:43]	新词.txt
[2015-11-01 13:56:04]	Cannot open file 
[2015-11-01 13:56:04]	./\Data\KeyBlackList.pdat
[2015-11-01 13:56:04]	Error read file
[2015-11-01 13:56:04]	新词.txt
[2015-11-01 13:58:25]	Cannot open file 
[2015-11-01 13:58:25]	./\Data\KeyBlackList.pdat
[2015-11-01 13:58:25]	Error read file
[2015-11-01 13:58:25]	新词.txt
[2015-11-01 14:00:46]	Cannot open file 
[2015-11-01 14:00:47]	./\Data\KeyBlackList.pdat
[2015-11-01 14:00:47]	Error read file
[2015-11-01 14:00:47]	新词.txt
[2015-11-01 14:03:07]	Cannot open file 
[2015-11-01 14:03:07]	./\Data\KeyBlackList.pdat
[2015-11-01 14:03:07]	Error read file
[2015-11-01 14:03:07]	新词.txt
[2015-11-01 14:05:28]	Cannot open file 
[2015-11-01 14:05:28]	./\Data\KeyBlackList.pdat
[2015-11-01 14:05:28]	Error read file
[2015-11-01 14:05:28]	新词.txt
[2015-11-01 14:07:50]	Cannot open file 
[2015-11-01 14:07:50]	./\Data\KeyBlackList.pdat
[2015-11-01 14:07:50]	Error read file
[2015-11-01 14:07:50]	新词.txt
[2015-11-01 14:10:11]	Cannot open file 
[2015-11-01 14:10:11]	./\Data\KeyBlackList.pdat
[2015-11-01 14:10:11]	Error read file
[2015-11-01 14:10:11]	新词.txt
[2015-11-01 14:12:36]	Cannot open file 
[2015-11-01 14:12:36]	./\Data\KeyBlackList.pdat
[2015-11-01 14:12:36]	Error read file
[2015-11-01 14:12:36]	新词.txt
[2015-11-01 14:15:02]	Cannot open file 
[2015-11-01 14:15:02]	./\Data\KeyBlackList.pdat
[2015-11-01 14:15:02]	Error read file
[2015-11-01 14:15:02]	新词.txt
[2015-11-01 14:17:26]	Cannot open file 
[2015-11-01 14:17:26]	./\Data\KeyBlackList.pdat
[2015-11-01 14:17:26]	Error read file
[2015-11-01 14:17:26]	新词.txt
[2015-11-01 14:19:51]	Cannot open file 
[2015-11-01 14:19:51]	./\Data\KeyBlackList.pdat
[2015-11-01 14:19:51]	Error read file
[2015-11-01 14:19:51]	新词.txt
[2015-11-01 14:22:18]	Cannot open file 
[2015-11-01 14:22:18]	./\Data\KeyBlackList.pdat
[2015-11-01 14:22:18]	Error read file
[2015-11-01 14:22:18]	新词.txt
[2015-11-01 14:24:48]	Cannot open file 
[2015-11-01 14:24:48]	./\Data\KeyBlackList.pdat
[2015-11-01 14:24:48]	Error read file
[2015-11-01 14:24:48]	新词.txt
[2015-11-01 14:27:18]	Cannot open file 
[2015-11-01 14:27:18]	./\Data\KeyBlackList.pdat
[2015-11-01 14:27:18]	Error read file
[2015-11-01 14:27:18]	新词.txt
[2015-11-01 14:29:50]	Cannot open file 
[2015-11-01 14:29:50]	./\Data\KeyBlackList.pdat
[2015-11-01 14:29:50]	Error read file
[2015-11-01 14:29:50]	新词.txt
[2015-11-01 14:32:21]	Cannot open file 
[2015-11-01 14:32:21]	./\Data\KeyBlackList.pdat
[2015-11-01 14:32:21]	Error read file
[2015-11-01 14:32:21]	新词.txt
[2015-11-01 14:34:52]	Cannot open file 
[2015-11-01 14:34:52]	./\Data\KeyBlackList.pdat
[2015-11-01 14:34:52]	Error read file
[2015-11-01 14:34:52]	新词.txt
[2015-11-01 14:37:23]	Cannot open file 
[2015-11-01 14:37:23]	./\Data\KeyBlackList.pdat
[2015-11-01 14:37:23]	Error read file
[2015-11-01 14:37:23]	新词.txt
[2015-11-01 14:39:57]	Cannot open file 
[2015-11-01 14:39:57]	./\Data\KeyBlackList.pdat
[2015-11-01 14:39:57]	Error read file
[2015-11-01 14:39:57]	新词.txt
[2015-11-01 14:42:30]	Cannot open file 
[2015-11-01 14:42:30]	./\Data\KeyBlackList.pdat
[2015-11-01 14:42:30]	Error read file
[2015-11-01 14:42:30]	新词.txt
[2015-11-01 14:45:09]	Cannot open file 
[2015-11-01 14:45:09]	./\Data\KeyBlackList.pdat
[2015-11-01 14:45:09]	Error read file
[2015-11-01 14:45:09]	新词.txt
[2015-11-01 14:47:47]	Cannot open file 
[2015-11-01 14:47:47]	./\Data\KeyBlackList.pdat
[2015-11-01 14:47:47]	Error read file
[2015-11-01 14:47:47]	新词.txt
[2015-11-01 14:50:25]	Cannot open file 
[2015-11-01 14:50:25]	./\Data\KeyBlackList.pdat
[2015-11-01 14:50:26]	Error read file
[2015-11-01 14:50:26]	新词.txt
[2015-11-01 14:53:04]	Cannot open file 
[2015-11-01 14:53:04]	./\Data\KeyBlackList.pdat
[2015-11-01 14:53:04]	Error read file
[2015-11-01 14:53:04]	新词.txt
[2015-11-01 14:55:43]	Cannot open file 
[2015-11-01 14:55:43]	./\Data\KeyBlackList.pdat
[2015-11-01 14:55:43]	Error read file
[2015-11-01 14:55:43]	新词.txt
[2015-11-01 14:58:24]	Cannot open file 
[2015-11-01 14:58:24]	./\Data\KeyBlackList.pdat
[2015-11-01 14:58:24]	Error read file
[2015-11-01 14:58:24]	新词.txt
[2015-11-01 15:01:20]	Cannot open file 
[2015-11-01 15:01:20]	./\Data\KeyBlackList.pdat
[2015-11-01 15:01:20]	Error read file
[2015-11-01 15:01:20]	新词.txt
[2015-11-01 15:04:11]	Cannot open file 
[2015-11-01 15:04:11]	./\Data\KeyBlackList.pdat
[2015-11-01 15:04:11]	Error read file
[2015-11-01 15:04:11]	新词.txt
[2015-11-01 15:06:57]	Cannot open file 
[2015-11-01 15:06:57]	./\Data\KeyBlackList.pdat
[2015-11-01 15:06:57]	Error read file
[2015-11-01 15:06:57]	新词.txt
[2015-11-01 15:09:42]	Cannot open file 
[2015-11-01 15:09:42]	./\Data\KeyBlackList.pdat
[2015-11-01 15:09:42]	Error read file
[2015-11-01 15:09:42]	新词.txt
[2015-11-01 15:12:30]	Cannot open file 
[2015-11-01 15:12:30]	./\Data\KeyBlackList.pdat
[2015-11-01 15:12:30]	Error read file
[2015-11-01 15:12:30]	新词.txt
[2015-11-01 15:15:18]	Cannot open file 
[2015-11-01 15:15:18]	./\Data\KeyBlackList.pdat
[2015-11-01 15:15:18]	Error read file
[2015-11-01 15:15:18]	新词.txt
[2015-11-01 15:18:12]	Cannot open file 
[2015-11-01 15:18:12]	./\Data\KeyBlackList.pdat
[2015-11-01 15:18:12]	Error read file
[2015-11-01 15:18:12]	新词.txt
[2015-11-01 15:21:08]	Cannot open file 
[2015-11-01 15:21:08]	./\Data\KeyBlackList.pdat
[2015-11-01 15:21:08]	Error read file
[2015-11-01 15:21:08]	新词.txt
[2015-11-01 16:23:35]	Cannot open file 
[2015-11-01 16:23:35]	./\Data\KeyBlackList.pdat
[2015-11-01 16:23:35]	Error read file
[2015-11-01 16:23:35]	新词.txt
[2015-11-01 16:23:46]	Cannot open file 
[2015-11-01 16:23:46]	./\Data\KeyBlackList.pdat
[2015-11-01 16:23:46]	Error read file
[2015-11-01 16:23:46]	新词.txt
[2015-11-01 16:23:56]	Cannot open file 
[2015-11-01 16:23:56]	./\Data\KeyBlackList.pdat
[2015-11-01 16:23:56]	Error read file
[2015-11-01 16:23:56]	新词.txt
[2015-11-01 16:24:09]	Cannot open file 
[2015-11-01 16:24:09]	./\Data\KeyBlackList.pdat
[2015-11-01 16:24:09]	Error read file
[2015-11-01 16:24:09]	新词.txt
[2015-11-01 16:24:24]	Cannot open file 
[2015-11-01 16:24:24]	./\Data\KeyBlackList.pdat
[2015-11-01 16:24:24]	Error read file
[2015-11-01 16:24:24]	新词.txt
[2015-11-01 16:24:40]	Cannot open file 
[2015-11-01 16:24:40]	./\Data\KeyBlackList.pdat
[2015-11-01 16:24:40]	Error read file
[2015-11-01 16:24:40]	新词.txt
[2015-11-01 16:24:57]	Cannot open file 
[2015-11-01 16:24:57]	./\Data\KeyBlackList.pdat
[2015-11-01 16:24:57]	Error read file
[2015-11-01 16:24:57]	新词.txt
[2015-11-01 16:25:16]	Cannot open file 
[2015-11-01 16:25:16]	./\Data\KeyBlackList.pdat
[2015-11-01 16:25:16]	Error read file
[2015-11-01 16:25:16]	新词.txt
[2015-11-01 16:25:37]	Cannot open file 
[2015-11-01 16:25:37]	./\Data\KeyBlackList.pdat
[2015-11-01 16:25:37]	Error read file
[2015-11-01 16:25:37]	新词.txt
[2015-11-01 16:25:58]	Cannot open file 
[2015-11-01 16:25:58]	./\Data\KeyBlackList.pdat
[2015-11-01 16:25:58]	Error read file
[2015-11-01 16:25:58]	新词.txt
[2015-11-01 16:26:21]	Cannot open file 
[2015-11-01 16:26:21]	./\Data\KeyBlackList.pdat
[2015-11-01 16:26:21]	Error read file
[2015-11-01 16:26:21]	新词.txt
[2015-11-01 16:26:49]	Cannot open file 
[2015-11-01 16:26:49]	./\Data\KeyBlackList.pdat
[2015-11-01 16:26:49]	Error read file
[2015-11-01 16:26:49]	新词.txt
[2015-11-01 16:27:20]	Cannot open file 
[2015-11-01 16:27:20]	./\Data\KeyBlackList.pdat
[2015-11-01 16:27:20]	Error read file
[2015-11-01 16:27:20]	新词.txt
[2015-11-01 16:27:54]	Cannot open file 
[2015-11-01 16:27:54]	./\Data\KeyBlackList.pdat
[2015-11-01 16:27:55]	Error read file
[2015-11-01 16:27:55]	新词.txt
[2015-11-01 16:28:33]	Cannot open file 
[2015-11-01 16:28:33]	./\Data\KeyBlackList.pdat
[2015-11-01 16:28:33]	Error read file
[2015-11-01 16:28:33]	新词.txt
[2015-11-01 16:29:21]	Cannot open file 
[2015-11-01 16:29:21]	./\Data\KeyBlackList.pdat
[2015-11-01 16:29:21]	Error read file
[2015-11-01 16:29:21]	新词.txt
[2015-11-01 16:29:48]	Cannot open file 
[2015-11-01 16:29:48]	./\Data\KeyBlackList.pdat
[2015-11-01 16:29:48]	Error read file
[2015-11-01 16:29:48]	新词.txt
[2015-11-01 16:30:16]	Cannot open file 
[2015-11-01 16:30:16]	./\Data\KeyBlackList.pdat
[2015-11-01 16:30:16]	Error read file
[2015-11-01 16:30:16]	新词.txt
[2015-11-01 16:30:45]	Cannot open file 
[2015-11-01 16:30:45]	./\Data\KeyBlackList.pdat
[2015-11-01 16:30:45]	Error read file
[2015-11-01 16:30:45]	新词.txt
[2015-11-01 16:31:17]	Cannot open file 
[2015-11-01 16:31:17]	./\Data\KeyBlackList.pdat
[2015-11-01 16:31:17]	Error read file
[2015-11-01 16:31:17]	新词.txt
[2015-11-01 16:31:49]	Cannot open file 
[2015-11-01 16:31:49]	./\Data\KeyBlackList.pdat
[2015-11-01 16:31:49]	Error read file
[2015-11-01 16:31:49]	新词.txt
[2015-11-01 16:32:24]	Cannot open file 
[2015-11-01 16:32:24]	./\Data\KeyBlackList.pdat
[2015-11-01 16:32:24]	Error read file
[2015-11-01 16:32:24]	新词.txt
[2015-11-01 16:33:01]	Cannot open file 
[2015-11-01 16:33:01]	./\Data\KeyBlackList.pdat
[2015-11-01 16:33:01]	Error read file
[2015-11-01 16:33:01]	新词.txt
[2015-11-01 16:33:38]	Cannot open file 
[2015-11-01 16:33:38]	./\Data\KeyBlackList.pdat
[2015-11-01 16:33:38]	Error read file
[2015-11-01 16:33:38]	新词.txt
[2015-11-01 16:34:17]	Cannot open file 
[2015-11-01 16:34:17]	./\Data\KeyBlackList.pdat
[2015-11-01 16:34:17]	Error read file
[2015-11-01 16:34:17]	新词.txt
[2015-11-01 16:34:57]	Cannot open file 
[2015-11-01 16:34:57]	./\Data\KeyBlackList.pdat
[2015-11-01 16:34:57]	Error read file
[2015-11-01 16:34:57]	新词.txt
[2015-11-01 16:35:42]	Cannot open file 
[2015-11-01 16:35:42]	./\Data\KeyBlackList.pdat
[2015-11-01 16:35:42]	Error read file
[2015-11-01 16:35:42]	新词.txt
[2015-11-01 16:36:31]	Cannot open file 
[2015-11-01 16:36:31]	./\Data\KeyBlackList.pdat
[2015-11-01 16:36:31]	Error read file
[2015-11-01 16:36:31]	新词.txt
[2015-11-01 16:37:23]	Cannot open file 
[2015-11-01 16:37:23]	./\Data\KeyBlackList.pdat
[2015-11-01 16:37:23]	Error read file
[2015-11-01 16:37:23]	新词.txt
[2015-11-01 16:38:18]	Cannot open file 
[2015-11-01 16:38:18]	./\Data\KeyBlackList.pdat
[2015-11-01 16:38:18]	Error read file
[2015-11-01 16:38:18]	新词.txt
[2015-11-01 16:42:27]	Cannot open file 
[2015-11-01 16:42:28]	./\Data\KeyBlackList.pdat
[2015-11-01 16:42:28]	Error read file
[2015-11-01 16:42:28]	新词.txt
[2015-11-01 16:42:38]	Cannot open file 
[2015-11-01 16:42:38]	./\Data\KeyBlackList.pdat
[2015-11-01 16:42:38]	Error read file
[2015-11-01 16:42:38]	新词.txt
[2015-11-01 16:42:48]	Cannot open file 
[2015-11-01 16:42:48]	./\Data\KeyBlackList.pdat
[2015-11-01 16:42:48]	Error read file
[2015-11-01 16:42:48]	新词.txt
[2015-11-01 16:43:01]	Cannot open file 
[2015-11-01 16:43:01]	./\Data\KeyBlackList.pdat
[2015-11-01 16:43:01]	Error read file
[2015-11-01 16:43:01]	新词.txt
[2015-11-01 16:43:15]	Cannot open file 
[2015-11-01 16:43:15]	./\Data\KeyBlackList.pdat
[2015-11-01 16:43:15]	Error read file
[2015-11-01 16:43:15]	新词.txt
[2015-11-01 16:43:30]	Cannot open file 
[2015-11-01 16:43:30]	./\Data\KeyBlackList.pdat
[2015-11-01 16:43:30]	Error read file
[2015-11-01 16:43:30]	新词.txt
[2015-11-01 16:43:46]	Cannot open file 
[2015-11-01 16:43:46]	./\Data\KeyBlackList.pdat
[2015-11-01 16:43:46]	Error read file
[2015-11-01 16:43:46]	新词.txt
[2015-11-01 16:44:05]	Cannot open file 
[2015-11-01 16:44:05]	./\Data\KeyBlackList.pdat
[2015-11-01 16:44:05]	Error read file
[2015-11-01 16:44:05]	新词.txt
[2015-11-01 16:44:26]	Cannot open file 
[2015-11-01 16:44:26]	./\Data\KeyBlackList.pdat
[2015-11-01 16:44:26]	Error read file
[2015-11-01 16:44:26]	新词.txt
[2015-11-01 16:44:47]	Cannot open file 
[2015-11-01 16:44:47]	./\Data\KeyBlackList.pdat
[2015-11-01 16:44:47]	Error read file
[2015-11-01 16:44:47]	新词.txt
[2015-11-01 16:45:09]	Cannot open file 
[2015-11-01 16:45:09]	./\Data\KeyBlackList.pdat
[2015-11-01 16:45:09]	Error read file
[2015-11-01 16:45:09]	新词.txt
[2015-11-01 16:45:37]	Cannot open file 
[2015-11-01 16:45:37]	./\Data\KeyBlackList.pdat
[2015-11-01 16:45:37]	Error read file
[2015-11-01 16:45:37]	新词.txt
[2015-11-01 16:46:07]	Cannot open file 
[2015-11-01 16:46:07]	./\Data\KeyBlackList.pdat
[2015-11-01 16:46:07]	Error read file
[2015-11-01 16:46:07]	新词.txt
[2015-11-01 16:46:40]	Cannot open file 
[2015-11-01 16:46:40]	./\Data\KeyBlackList.pdat
[2015-11-01 16:46:40]	Error read file
[2015-11-01 16:46:40]	新词.txt
[2015-11-01 16:47:18]	Cannot open file 
[2015-11-01 16:47:18]	./\Data\KeyBlackList.pdat
[2015-11-01 16:47:18]	Error read file
[2015-11-01 16:47:18]	新词.txt
[2015-11-01 16:47:28]	Cannot open file 
[2015-11-01 16:47:28]	./\Data\KeyBlackList.pdat
[2015-11-01 16:47:28]	Error read file
[2015-11-01 16:47:28]	新词.txt
[2015-11-01 16:47:53]	Cannot open file 
[2015-11-01 16:47:53]	./\Data\KeyBlackList.pdat
[2015-11-01 16:47:53]	Error read file
[2015-11-01 16:47:53]	新词.txt
[2015-11-01 16:48:19]	Cannot open file 
[2015-11-01 16:48:19]	./\Data\KeyBlackList.pdat
[2015-11-01 16:48:19]	Error read file
[2015-11-01 16:48:19]	新词.txt
[2015-11-01 16:48:47]	Cannot open file 
[2015-11-01 16:48:47]	./\Data\KeyBlackList.pdat
[2015-11-01 16:48:47]	Error read file
[2015-11-01 16:48:47]	新词.txt
[2015-11-01 16:49:17]	Cannot open file 
[2015-11-01 16:49:17]	./\Data\KeyBlackList.pdat
[2015-11-01 16:49:17]	Error read file
[2015-11-01 16:49:17]	新词.txt
[2015-11-01 16:49:47]	Cannot open file 
[2015-11-01 16:49:47]	./\Data\KeyBlackList.pdat
[2015-11-01 16:49:48]	Error read file
[2015-11-01 16:49:48]	新词.txt
[2015-11-01 16:50:20]	Cannot open file 
[2015-11-01 16:50:20]	./\Data\KeyBlackList.pdat
[2015-11-01 16:50:20]	Error read file
[2015-11-01 16:50:20]	新词.txt
[2015-11-01 16:50:54]	Cannot open file 
[2015-11-01 16:50:54]	./\Data\KeyBlackList.pdat
[2015-11-01 16:50:54]	Error read file
[2015-11-01 16:50:54]	新词.txt
[2015-11-01 16:51:31]	Cannot open file 
[2015-11-01 16:51:31]	./\Data\KeyBlackList.pdat
[2015-11-01 16:51:31]	Error read file
[2015-11-01 16:51:31]	新词.txt
[2015-11-01 16:52:09]	Cannot open file 
[2015-11-01 16:52:09]	./\Data\KeyBlackList.pdat
[2015-11-01 16:52:09]	Error read file
[2015-11-01 16:52:09]	新词.txt
[2015-11-01 16:52:48]	Cannot open file 
[2015-11-01 16:52:48]	./\Data\KeyBlackList.pdat
[2015-11-01 16:52:48]	Error read file
[2015-11-01 16:52:48]	新词.txt
[2015-11-01 16:53:32]	Cannot open file 
[2015-11-01 16:53:32]	./\Data\KeyBlackList.pdat
[2015-11-01 16:53:32]	Error read file
[2015-11-01 16:53:32]	新词.txt
[2015-11-01 16:54:23]	Cannot open file 
[2015-11-01 16:54:23]	./\Data\KeyBlackList.pdat
[2015-11-01 16:54:23]	Error read file
[2015-11-01 16:54:23]	新词.txt
[2015-11-01 16:55:15]	Cannot open file 
[2015-11-01 16:55:15]	./\Data\KeyBlackList.pdat
[2015-11-01 16:55:15]	Error read file
[2015-11-01 16:55:15]	新词.txt
[2015-11-01 16:55:25]	Cannot open file 
[2015-11-01 16:55:25]	./\Data\KeyBlackList.pdat
[2015-11-01 16:55:25]	Error read file
[2015-11-01 16:55:25]	新词.txt
[2015-11-01 16:55:35]	Cannot open file 
[2015-11-01 16:55:35]	./\Data\KeyBlackList.pdat
[2015-11-01 16:55:35]	Error read file
[2015-11-01 16:55:35]	新词.txt
[2015-11-01 16:56:14]	Cannot open file 
[2015-11-01 16:56:14]	./\Data\KeyBlackList.pdat
[2015-11-01 16:56:14]	Error read file
[2015-11-01 16:56:14]	新词.txt
[2015-11-01 16:56:54]	Cannot open file 
[2015-11-01 16:56:54]	./\Data\KeyBlackList.pdat
[2015-11-01 16:56:54]	Error read file
[2015-11-01 16:56:54]	新词.txt
[2015-11-01 16:57:35]	Cannot open file 
[2015-11-01 16:57:35]	./\Data\KeyBlackList.pdat
[2015-11-01 16:57:35]	Error read file
[2015-11-01 16:57:35]	新词.txt
[2015-11-01 16:58:17]	Cannot open file 
[2015-11-01 16:58:17]	./\Data\KeyBlackList.pdat
[2015-11-01 16:58:17]	Error read file
[2015-11-01 16:58:17]	新词.txt
[2015-11-01 16:59:02]	Cannot open file 
[2015-11-01 16:59:02]	./\Data\KeyBlackList.pdat
[2015-11-01 16:59:02]	Error read file
[2015-11-01 16:59:02]	新词.txt
[2015-11-01 16:59:48]	Cannot open file 
[2015-11-01 16:59:48]	./\Data\KeyBlackList.pdat
[2015-11-01 16:59:48]	Error read file
[2015-11-01 16:59:48]	新词.txt
[2015-11-01 17:00:34]	Cannot open file 
[2015-11-01 17:00:34]	./\Data\KeyBlackList.pdat
[2015-11-01 17:00:34]	Error read file
[2015-11-01 17:00:34]	新词.txt
[2015-11-01 17:01:23]	Cannot open file 
[2015-11-01 17:01:23]	./\Data\KeyBlackList.pdat
[2015-11-01 17:01:23]	Error read file
[2015-11-01 17:01:23]	新词.txt
[2015-11-01 17:02:15]	Cannot open file 
[2015-11-01 17:02:15]	./\Data\KeyBlackList.pdat
[2015-11-01 17:02:15]	Error read file
[2015-11-01 17:02:15]	新词.txt
[2015-11-01 17:03:07]	Cannot open file 
[2015-11-01 17:03:07]	./\Data\KeyBlackList.pdat
[2015-11-01 17:03:07]	Error read file
[2015-11-01 17:03:07]	新词.txt
[2015-11-01 17:04:07]	Cannot open file 
[2015-11-01 17:04:07]	./\Data\KeyBlackList.pdat
[2015-11-01 17:04:07]	Error read file
[2015-11-01 17:04:07]	新词.txt
[2015-11-01 17:05:11]	Cannot open file 
[2015-11-01 17:05:11]	./\Data\KeyBlackList.pdat
[2015-11-01 17:05:11]	Error read file
[2015-11-01 17:05:11]	新词.txt
[2015-11-01 17:06:18]	Cannot open file 
[2015-11-01 17:06:18]	./\Data\KeyBlackList.pdat
[2015-11-01 17:06:18]	Error read file
[2015-11-01 17:06:18]	新词.txt
[2015-11-01 17:06:28]	Cannot open file 
[2015-11-01 17:06:28]	./\Data\KeyBlackList.pdat
[2015-11-01 17:06:28]	Error read file
[2015-11-01 17:06:28]	新词.txt
[2015-11-01 17:06:37]	Cannot open file 
[2015-11-01 17:06:37]	./\Data\KeyBlackList.pdat
[2015-11-01 17:06:37]	Error read file
[2015-11-01 17:06:37]	新词.txt
[2015-11-01 17:07:29]	Cannot open file 
[2015-11-01 17:07:29]	./\Data\KeyBlackList.pdat
[2015-11-01 17:07:29]	Error read file
[2015-11-01 17:07:29]	新词.txt
[2015-11-01 17:08:23]	Cannot open file 
[2015-11-01 17:08:23]	./\Data\KeyBlackList.pdat
[2015-11-01 17:08:23]	Error read file
[2015-11-01 17:08:23]	新词.txt
[2015-11-01 17:09:18]	Cannot open file 
[2015-11-01 17:09:18]	./\Data\KeyBlackList.pdat
[2015-11-01 17:09:18]	Error read file
[2015-11-01 17:09:18]	新词.txt
[2015-11-01 17:10:16]	Cannot open file 
[2015-11-01 17:10:16]	./\Data\KeyBlackList.pdat
[2015-11-01 17:10:16]	Error read file
[2015-11-01 17:10:16]	新词.txt
[2015-11-01 17:11:14]	Cannot open file 
[2015-11-01 17:11:14]	./\Data\KeyBlackList.pdat
[2015-11-01 17:11:14]	Error read file
[2015-11-01 17:11:14]	新词.txt
[2015-11-01 17:12:15]	Cannot open file 
[2015-11-01 17:12:15]	./\Data\KeyBlackList.pdat
[2015-11-01 17:12:15]	Error read file
[2015-11-01 17:12:15]	新词.txt
[2015-11-01 17:13:17]	Cannot open file 
[2015-11-01 17:13:17]	./\Data\KeyBlackList.pdat
[2015-11-01 17:13:17]	Error read file
[2015-11-01 17:13:17]	新词.txt
[2015-11-01 17:14:22]	Cannot open file 
[2015-11-01 17:14:22]	./\Data\KeyBlackList.pdat
[2015-11-01 17:14:22]	Error read file
[2015-11-01 17:14:22]	新词.txt
[2015-11-01 17:15:28]	Cannot open file 
[2015-11-01 17:15:28]	./\Data\KeyBlackList.pdat
[2015-11-01 17:15:28]	Error read file
[2015-11-01 17:15:28]	新词.txt
[2015-11-01 17:16:35]	Cannot open file 
[2015-11-01 17:16:35]	./\Data\KeyBlackList.pdat
[2015-11-01 17:16:35]	Error read file
[2015-11-01 17:16:35]	新词.txt
[2015-11-01 17:17:51]	Cannot open file 
[2015-11-01 17:17:51]	./\Data\KeyBlackList.pdat
[2015-11-01 17:17:51]	Error read file
[2015-11-01 17:17:51]	新词.txt
[2015-11-01 17:19:11]	Cannot open file 
[2015-11-01 17:19:11]	./\Data\KeyBlackList.pdat
[2015-11-01 17:19:12]	Error read file
[2015-11-01 17:19:12]	新词.txt
[2015-11-01 17:19:21]	Cannot open file 
[2015-11-01 17:19:21]	./\Data\KeyBlackList.pdat
[2015-11-01 17:19:21]	Error read file
[2015-11-01 17:19:21]	新词.txt
[2015-11-01 17:19:31]	Cannot open file 
[2015-11-01 17:19:31]	./\Data\KeyBlackList.pdat
[2015-11-01 17:19:31]	Error read file
[2015-11-01 17:19:31]	新词.txt
[2015-11-01 17:19:41]	Cannot open file 
[2015-11-01 17:19:41]	./\Data\KeyBlackList.pdat
[2015-11-01 17:19:42]	Error read file
[2015-11-01 17:19:42]	新词.txt
[2015-11-01 17:20:46]	Cannot open file 
[2015-11-01 17:20:46]	./\Data\KeyBlackList.pdat
[2015-11-01 17:20:47]	Error read file
[2015-11-01 17:20:47]	新词.txt
[2015-11-01 17:21:53]	Cannot open file 
[2015-11-01 17:21:53]	./\Data\KeyBlackList.pdat
[2015-11-01 17:21:53]	Error read file
[2015-11-01 17:21:53]	新词.txt
[2015-11-01 17:23:02]	Cannot open file 
[2015-11-01 17:23:02]	./\Data\KeyBlackList.pdat
[2015-11-01 17:23:02]	Error read file
[2015-11-01 17:23:02]	新词.txt
[2015-11-01 17:24:12]	Cannot open file 
[2015-11-01 17:24:12]	./\Data\KeyBlackList.pdat
[2015-11-01 17:24:12]	Error read file
[2015-11-01 17:24:12]	新词.txt
[2015-11-01 17:25:24]	Cannot open file 
[2015-11-01 17:25:24]	./\Data\KeyBlackList.pdat
[2015-11-01 17:25:24]	Error read file
[2015-11-01 17:25:24]	新词.txt
[2015-11-01 17:26:38]	Cannot open file 
[2015-11-01 17:26:38]	./\Data\KeyBlackList.pdat
[2015-11-01 17:26:38]	Error read file
[2015-11-01 17:26:38]	新词.txt
[2015-11-01 17:27:54]	Cannot open file 
[2015-11-01 17:27:54]	./\Data\KeyBlackList.pdat
[2015-11-01 17:27:54]	Error read file
[2015-11-01 17:27:54]	新词.txt
[2015-11-01 17:29:15]	Cannot open file 
[2015-11-01 17:29:15]	./\Data\KeyBlackList.pdat
[2015-11-01 17:29:15]	Error read file
[2015-11-01 17:29:15]	新词.txt
[2015-11-01 17:30:34]	Cannot open file 
[2015-11-01 17:30:34]	./\Data\KeyBlackList.pdat
[2015-11-01 17:30:34]	Error read file
[2015-11-01 17:30:34]	新词.txt
[2015-11-01 17:31:56]	Cannot open file 
[2015-11-01 17:31:56]	./\Data\KeyBlackList.pdat
[2015-11-01 17:31:56]	Error read file
[2015-11-01 17:31:56]	新词.txt
[2015-11-01 17:33:24]	Cannot open file 
[2015-11-01 17:33:24]	./\Data\KeyBlackList.pdat
[2015-11-01 17:33:24]	Error read file
[2015-11-01 17:33:24]	新词.txt
[2015-11-01 17:33:34]	Cannot open file 
[2015-11-01 17:33:34]	./\Data\KeyBlackList.pdat
[2015-11-01 17:33:34]	Error read file
[2015-11-01 17:33:34]	新词.txt
[2015-11-01 17:33:44]	Cannot open file 
[2015-11-01 17:33:44]	./\Data\KeyBlackList.pdat
[2015-11-01 17:33:44]	Error read file
[2015-11-01 17:33:44]	新词.txt
[2015-11-01 17:33:54]	Cannot open file 
[2015-11-01 17:33:54]	./\Data\KeyBlackList.pdat
[2015-11-01 17:33:54]	Error read file
[2015-11-01 17:33:54]	新词.txt
[2015-11-01 17:36:54]	Cannot open file 
[2015-11-01 17:36:54]	./\Data\KeyBlackList.pdat
[2015-11-01 17:36:54]	Error read file
[2015-11-01 17:36:54]	新词.txt
[2015-11-01 17:57:17]	Cannot open file 
[2015-11-01 17:57:17]	./\Data\KeyBlackList.pdat
[2015-11-01 17:57:17]	Error read file
[2015-11-01 17:57:17]	新词.txt
[2015-11-01 18:03:24]	Cannot open file 
[2015-11-01 18:03:24]	./\Data\KeyBlackList.pdat
[2015-11-01 18:03:24]	Error read file
[2015-11-01 18:03:24]	新词.txt
[2015-11-01 18:05:47]	Cannot open file 
[2015-11-01 18:05:47]	./\Data\KeyBlackList.pdat
[2015-11-01 18:05:47]	Error read file
[2015-11-01 18:05:47]	新词.txt
[2015-11-01 18:06:49]	Cannot open file 
[2015-11-01 18:06:49]	./\Data\KeyBlackList.pdat
[2015-11-01 18:06:49]	Error read file
[2015-11-01 18:06:49]	新词.txt
[2015-11-01 18:06:59]	Cannot open file 
[2015-11-01 18:06:59]	./\Data\KeyBlackList.pdat
[2015-11-01 18:06:59]	Error read file
[2015-11-01 18:06:59]	新词.txt
[2015-11-01 18:07:09]	Cannot open file 
[2015-11-01 18:07:09]	./\Data\KeyBlackList.pdat
[2015-11-01 18:07:09]	Error read file
[2015-11-01 18:07:09]	新词.txt
[2015-11-01 18:07:22]	Cannot open file 
[2015-11-01 18:07:22]	./\Data\KeyBlackList.pdat
[2015-11-01 18:07:22]	Error read file
[2015-11-01 18:07:22]	新词.txt
[2015-11-01 18:07:37]	Cannot open file 
[2015-11-01 18:07:37]	./\Data\KeyBlackList.pdat
[2015-11-01 18:07:37]	Error read file
[2015-11-01 18:07:37]	新词.txt
[2015-11-01 18:07:52]	Cannot open file 
[2015-11-01 18:07:52]	./\Data\KeyBlackList.pdat
[2015-11-01 18:07:52]	Error read file
[2015-11-01 18:07:52]	新词.txt
[2015-11-01 18:08:09]	Cannot open file 
[2015-11-01 18:08:09]	./\Data\KeyBlackList.pdat
[2015-11-01 18:08:09]	Error read file
[2015-11-01 18:08:09]	新词.txt
[2015-11-01 18:08:27]	Cannot open file 
[2015-11-01 18:08:27]	./\Data\KeyBlackList.pdat
[2015-11-01 18:08:27]	Error read file
[2015-11-01 18:08:27]	新词.txt
[2015-11-01 18:08:47]	Cannot open file 
[2015-11-01 18:08:47]	./\Data\KeyBlackList.pdat
[2015-11-01 18:08:47]	Error read file
[2015-11-01 18:08:47]	新词.txt
[2015-11-01 18:09:08]	Cannot open file 
[2015-11-01 18:09:08]	./\Data\KeyBlackList.pdat
[2015-11-01 18:09:08]	Error read file
[2015-11-01 18:09:08]	新词.txt
[2015-11-01 18:09:32]	Cannot open file 
[2015-11-01 18:09:32]	./\Data\KeyBlackList.pdat
[2015-11-01 18:09:32]	Error read file
[2015-11-01 18:09:32]	新词.txt
[2015-11-01 18:10:00]	Cannot open file 
[2015-11-01 18:10:00]	./\Data\KeyBlackList.pdat
[2015-11-01 18:10:00]	Error read file
[2015-11-01 18:10:01]	新词.txt
[2015-11-01 18:10:32]	Cannot open file 
[2015-11-01 18:10:32]	./\Data\KeyBlackList.pdat
[2015-11-01 18:10:32]	Error read file
[2015-11-01 18:10:32]	新词.txt
[2015-11-01 18:11:05]	Cannot open file 
[2015-11-01 18:11:05]	./\Data\KeyBlackList.pdat
[2015-11-01 18:11:05]	Error read file
[2015-11-01 18:11:05]	新词.txt
[2015-11-01 18:11:44]	Cannot open file 
[2015-11-01 18:11:44]	./\Data\KeyBlackList.pdat
[2015-11-01 18:11:44]	Error read file
[2015-11-01 18:11:44]	新词.txt
[2015-11-01 18:18:53]	Cannot open file 
[2015-11-01 18:18:53]	./\Data\KeyBlackList.pdat
[2015-11-01 18:18:53]	Error read file
[2015-11-01 18:18:53]	新词.txt
[2015-11-01 18:19:03]	Cannot open file 
[2015-11-01 18:19:03]	./\Data\KeyBlackList.pdat
[2015-11-01 18:19:04]	Error read file
[2015-11-01 18:19:04]	新词.txt
[2015-11-01 18:19:14]	Cannot open file 
[2015-11-01 18:19:14]	./\Data\KeyBlackList.pdat
[2015-11-01 18:19:14]	Error read file
[2015-11-01 18:19:14]	新词.txt
[2015-11-01 18:19:26]	Cannot open file 
[2015-11-01 18:19:26]	./\Data\KeyBlackList.pdat
[2015-11-01 18:19:26]	Error read file
[2015-11-01 18:19:26]	新词.txt
[2015-11-01 18:19:40]	Cannot open file 
[2015-11-01 18:19:40]	./\Data\KeyBlackList.pdat
[2015-11-01 18:19:40]	Error read file
[2015-11-01 18:19:40]	新词.txt
[2015-11-01 18:19:56]	Cannot open file 
[2015-11-01 18:19:56]	./\Data\KeyBlackList.pdat
[2015-11-01 18:19:56]	Error read file
[2015-11-01 18:19:56]	新词.txt
[2015-11-01 18:20:13]	Cannot open file 
[2015-11-01 18:20:13]	./\Data\KeyBlackList.pdat
[2015-11-01 18:20:13]	Error read file
[2015-11-01 18:20:13]	新词.txt
[2015-11-01 18:20:31]	Cannot open file 
[2015-11-01 18:20:31]	./\Data\KeyBlackList.pdat
[2015-11-01 18:20:31]	Error read file
[2015-11-01 18:20:31]	新词.txt
[2015-11-01 18:20:51]	Cannot open file 
[2015-11-01 18:20:51]	./\Data\KeyBlackList.pdat
[2015-11-01 18:20:51]	Error read file
[2015-11-01 18:20:51]	新词.txt
[2015-11-01 18:21:13]	Cannot open file 
[2015-11-01 18:21:13]	./\Data\KeyBlackList.pdat
[2015-11-01 18:21:13]	Error read file
[2015-11-01 18:21:13]	新词.txt
[2015-11-01 18:21:35]	Cannot open file 
[2015-11-01 18:21:35]	./\Data\KeyBlackList.pdat
[2015-11-01 18:21:35]	Error read file
[2015-11-01 18:21:35]	新词.txt
[2015-11-01 18:22:02]	Cannot open file 
[2015-11-01 18:22:02]	./\Data\KeyBlackList.pdat
[2015-11-01 18:22:02]	Error read file
[2015-11-01 18:22:02]	新词.txt
[2015-11-01 18:22:33]	Cannot open file 
[2015-11-01 18:22:33]	./\Data\KeyBlackList.pdat
[2015-11-01 18:22:33]	Error read file
[2015-11-01 18:22:33]	新词.txt
[2015-11-01 18:23:06]	Cannot open file 
[2015-11-01 18:23:06]	./\Data\KeyBlackList.pdat
[2015-11-01 18:23:06]	Error read file
[2015-11-01 18:23:07]	新词.txt
[2015-11-01 18:23:44]	Cannot open file 
[2015-11-01 18:23:44]	./\Data\KeyBlackList.pdat
[2015-11-01 18:23:44]	Error read file
[2015-11-01 18:23:44]	新词.txt
[2015-11-01 18:25:53]	Cannot open file 
[2015-11-01 18:25:53]	./\Data\KeyBlackList.pdat
[2015-11-01 18:25:53]	Error read file
[2015-11-01 18:25:53]	新词.txt
[2015-11-01 18:26:03]	Cannot open file 
[2015-11-01 18:26:03]	./\Data\KeyBlackList.pdat
[2015-11-01 18:26:03]	Error read file
[2015-11-01 18:26:03]	新词.txt
[2015-11-01 18:26:13]	Cannot open file 
[2015-11-01 18:26:13]	./\Data\KeyBlackList.pdat
[2015-11-01 18:26:13]	Error read file
[2015-11-01 18:26:13]	新词.txt
[2015-11-01 18:26:26]	Cannot open file 
[2015-11-01 18:26:26]	./\Data\KeyBlackList.pdat
[2015-11-01 18:26:26]	Error read file
[2015-11-01 18:26:26]	新词.txt
[2015-11-01 18:26:40]	Cannot open file 
[2015-11-01 18:26:40]	./\Data\KeyBlackList.pdat
[2015-11-01 18:26:40]	Error read file
[2015-11-01 18:26:40]	新词.txt
[2015-11-01 18:26:55]	Cannot open file 
[2015-11-01 18:26:55]	./\Data\KeyBlackList.pdat
[2015-11-01 18:26:55]	Error read file
[2015-11-01 18:26:55]	新词.txt
[2015-11-01 18:27:12]	Cannot open file 
[2015-11-01 18:27:12]	./\Data\KeyBlackList.pdat
[2015-11-01 18:27:12]	Error read file
[2015-11-01 18:27:12]	新词.txt
[2015-11-01 18:27:30]	Cannot open file 
[2015-11-01 18:27:30]	./\Data\KeyBlackList.pdat
[2015-11-01 18:27:30]	Error read file
[2015-11-01 18:27:30]	新词.txt
[2015-11-01 18:27:49]	Cannot open file 
[2015-11-01 18:27:49]	./\Data\KeyBlackList.pdat
[2015-11-01 18:27:49]	Error read file
[2015-11-01 18:27:49]	新词.txt
[2015-11-01 18:28:10]	Cannot open file 
[2015-11-01 18:28:10]	./\Data\KeyBlackList.pdat
[2015-11-01 18:28:10]	Error read file
[2015-11-01 18:28:10]	新词.txt
[2015-11-01 18:28:32]	Cannot open file 
[2015-11-01 18:28:32]	./\Data\KeyBlackList.pdat
[2015-11-01 18:28:32]	Error read file
[2015-11-01 18:28:32]	新词.txt
[2015-11-01 18:28:59]	Cannot open file 
[2015-11-01 18:28:59]	./\Data\KeyBlackList.pdat
[2015-11-01 18:28:59]	Error read file
[2015-11-01 18:28:59]	新词.txt
[2015-11-01 18:29:32]	Cannot open file 
[2015-11-01 18:29:32]	./\Data\KeyBlackList.pdat
[2015-11-01 18:29:32]	Error read file
[2015-11-01 18:29:32]	新词.txt
[2015-11-01 18:30:05]	Cannot open file 
[2015-11-01 18:30:05]	./\Data\KeyBlackList.pdat
[2015-11-01 18:30:05]	Error read file
[2015-11-01 18:30:05]	新词.txt
[2015-11-01 18:30:47]	Cannot open file 
[2015-11-01 18:30:47]	./\Data\KeyBlackList.pdat
[2015-11-01 18:30:47]	Error read file
[2015-11-01 18:30:47]	新词.txt
[2015-11-01 18:30:58]	Cannot open file 
[2015-11-01 18:30:58]	./\Data\KeyBlackList.pdat
[2015-11-01 18:30:58]	Error read file
[2015-11-01 18:30:58]	新词.txt
[2015-11-01 18:31:23]	Cannot open file 
[2015-11-01 18:31:23]	./\Data\KeyBlackList.pdat
[2015-11-01 18:31:23]	Error read file
[2015-11-01 18:31:23]	新词.txt
[2015-11-01 18:31:50]	Cannot open file 
[2015-11-01 18:31:50]	./\Data\KeyBlackList.pdat
[2015-11-01 18:31:50]	Error read file
[2015-11-01 18:31:50]	新词.txt
[2015-11-01 18:32:18]	Cannot open file 
[2015-11-01 18:32:18]	./\Data\KeyBlackList.pdat
[2015-11-01 18:32:18]	Error read file
[2015-11-01 18:32:18]	新词.txt
[2015-11-01 18:32:48]	Cannot open file 
[2015-11-01 18:32:48]	./\Data\KeyBlackList.pdat
[2015-11-01 18:32:48]	Error read file
[2015-11-01 18:32:48]	新词.txt
[2015-11-01 18:33:20]	Cannot open file 
[2015-11-01 18:33:20]	./\Data\KeyBlackList.pdat
[2015-11-01 18:33:20]	Error read file
[2015-11-01 18:33:20]	新词.txt
[2015-11-01 18:33:53]	Cannot open file 
[2015-11-01 18:33:53]	./\Data\KeyBlackList.pdat
[2015-11-01 18:33:53]	Error read file
[2015-11-01 18:33:53]	新词.txt
[2015-11-01 18:34:29]	Cannot open file 
[2015-11-01 18:34:29]	./\Data\KeyBlackList.pdat
[2015-11-01 18:34:29]	Error read file
[2015-11-01 18:34:29]	新词.txt
[2015-11-01 18:35:05]	Cannot open file 
[2015-11-01 18:35:05]	./\Data\KeyBlackList.pdat
[2015-11-01 18:35:05]	Error read file
[2015-11-01 18:35:05]	新词.txt
[2015-11-01 18:35:44]	Cannot open file 
[2015-11-01 18:35:44]	./\Data\KeyBlackList.pdat
[2015-11-01 18:35:44]	Error read file
[2015-11-01 18:35:44]	新词.txt
[2015-11-01 18:36:23]	Cannot open file 
[2015-11-01 18:36:23]	./\Data\KeyBlackList.pdat
[2015-11-01 18:36:24]	Error read file
[2015-11-01 18:36:24]	新词.txt
[2015-11-01 18:37:08]	Cannot open file 
[2015-11-01 18:37:08]	./\Data\KeyBlackList.pdat
[2015-11-01 18:37:08]	Error read file
[2015-11-01 18:37:08]	新词.txt
[2015-11-01 18:37:57]	Cannot open file 
[2015-11-01 18:37:57]	./\Data\KeyBlackList.pdat
[2015-11-01 18:37:57]	Error read file
[2015-11-01 18:37:57]	新词.txt
[2015-11-01 18:38:50]	Cannot open file 
[2015-11-01 18:38:50]	./\Data\KeyBlackList.pdat
[2015-11-01 18:38:50]	Error read file
[2015-11-01 18:38:50]	新词.txt
[2015-11-01 18:38:59]	Cannot open file 
[2015-11-01 18:38:59]	./\Data\KeyBlackList.pdat
[2015-11-01 18:38:59]	Error read file
[2015-11-01 18:38:59]	新词.txt
[2015-11-01 18:39:38]	Cannot open file 
[2015-11-01 18:39:38]	./\Data\KeyBlackList.pdat
[2015-11-01 18:39:38]	Error read file
[2015-11-01 18:39:38]	新词.txt
[2015-11-01 18:40:19]	Cannot open file 
[2015-11-01 18:40:19]	./\Data\KeyBlackList.pdat
[2015-11-01 18:40:19]	Error read file
[2015-11-01 18:40:19]	新词.txt
[2015-11-01 18:41:01]	Cannot open file 
[2015-11-01 18:41:01]	./\Data\KeyBlackList.pdat
[2015-11-01 18:41:01]	Error read file
[2015-11-01 18:41:01]	新词.txt
[2015-11-01 18:41:44]	Cannot open file 
[2015-11-01 18:41:44]	./\Data\KeyBlackList.pdat
[2015-11-01 18:41:44]	Error read file
[2015-11-01 18:41:44]	新词.txt
[2015-11-01 18:42:27]	Cannot open file 
[2015-11-01 18:42:27]	./\Data\KeyBlackList.pdat
[2015-11-01 18:42:27]	Error read file
[2015-11-01 18:42:27]	新词.txt
[2015-11-01 18:43:13]	Cannot open file 
[2015-11-01 18:43:13]	./\Data\KeyBlackList.pdat
[2015-11-01 18:43:13]	Error read file
[2015-11-01 18:43:13]	新词.txt
[2015-11-01 18:44:01]	Cannot open file 
[2015-11-01 18:44:01]	./\Data\KeyBlackList.pdat
[2015-11-01 18:44:01]	Error read file
[2015-11-01 18:44:01]	新词.txt
[2015-11-01 18:44:51]	Cannot open file 
[2015-11-01 18:44:51]	./\Data\KeyBlackList.pdat
[2015-11-01 18:44:51]	Error read file
[2015-11-01 18:44:51]	新词.txt
[2015-11-01 18:45:41]	Cannot open file 
[2015-11-01 18:45:41]	./\Data\KeyBlackList.pdat
[2015-11-01 18:45:41]	Error read file
[2015-11-01 18:45:41]	新词.txt
[2015-11-01 18:46:32]	Cannot open file 
[2015-11-01 18:46:32]	./\Data\KeyBlackList.pdat
[2015-11-01 18:46:32]	Error read file
[2015-11-01 18:46:32]	新词.txt
[2015-11-01 18:47:32]	Cannot open file 
[2015-11-01 18:47:32]	./\Data\KeyBlackList.pdat
[2015-11-01 18:47:32]	Error read file
[2015-11-01 18:47:32]	新词.txt
[2015-11-01 18:48:42]	Cannot open file 
[2015-11-01 18:48:42]	./\Data\KeyBlackList.pdat
[2015-11-01 18:48:42]	Error read file
[2015-11-01 18:48:42]	新词.txt
[2015-11-01 18:49:48]	Cannot open file 
[2015-11-01 18:49:48]	./\Data\KeyBlackList.pdat
[2015-11-01 18:49:48]	Error read file
[2015-11-01 18:49:48]	新词.txt
[2015-11-01 18:49:57]	Cannot open file 
[2015-11-01 18:49:57]	./\Data\KeyBlackList.pdat
[2015-11-01 18:49:57]	Error read file
[2015-11-01 18:49:57]	新词.txt
[2015-11-01 18:50:49]	Cannot open file 
[2015-11-01 18:50:49]	./\Data\KeyBlackList.pdat
[2015-11-01 18:50:49]	Error read file
[2015-11-01 18:50:49]	新词.txt
[2015-11-01 18:51:41]	Cannot open file 
[2015-11-01 18:51:41]	./\Data\KeyBlackList.pdat
[2015-11-01 18:51:41]	Error read file
[2015-11-01 18:51:41]	新词.txt
[2015-11-01 18:52:37]	Cannot open file 
[2015-11-01 18:52:37]	./\Data\KeyBlackList.pdat
[2015-11-01 18:52:37]	Error read file
[2015-11-01 18:52:37]	新词.txt
[2015-11-01 18:53:34]	Cannot open file 
[2015-11-01 18:53:34]	./\Data\KeyBlackList.pdat
[2015-11-01 18:53:34]	Error read file
[2015-11-01 18:53:34]	新词.txt
[2015-11-01 18:54:33]	Cannot open file 
[2015-11-01 18:54:33]	./\Data\KeyBlackList.pdat
[2015-11-01 18:54:33]	Error read file
[2015-11-01 18:54:33]	新词.txt
[2015-11-01 18:55:32]	Cannot open file 
[2015-11-01 18:55:32]	./\Data\KeyBlackList.pdat
[2015-11-01 18:55:32]	Error read file
[2015-11-01 18:55:32]	新词.txt
[2015-11-01 18:56:34]	Cannot open file 
[2015-11-01 18:56:34]	./\Data\KeyBlackList.pdat
[2015-11-01 18:56:34]	Error read file
[2015-11-01 18:56:34]	新词.txt
[2015-11-01 18:57:39]	Cannot open file 
[2015-11-01 18:57:39]	./\Data\KeyBlackList.pdat
[2015-11-01 18:57:39]	Error read file
[2015-11-01 18:57:39]	新词.txt
[2015-11-01 18:58:46]	Cannot open file 
[2015-11-01 18:58:46]	./\Data\KeyBlackList.pdat
[2015-11-01 18:58:46]	Error read file
[2015-11-01 18:58:46]	新词.txt
[2015-11-01 18:59:55]	Cannot open file 
[2015-11-01 18:59:55]	./\Data\KeyBlackList.pdat
[2015-11-01 18:59:55]	Error read file
[2015-11-01 18:59:55]	新词.txt
[2015-11-01 19:01:11]	Cannot open file 
[2015-11-01 19:01:11]	./\Data\KeyBlackList.pdat
[2015-11-01 19:01:12]	Error read file
[2015-11-01 19:01:12]	新词.txt
[2015-11-01 19:02:27]	Cannot open file 
[2015-11-01 19:02:27]	./\Data\KeyBlackList.pdat
[2015-11-01 19:02:28]	Error read file
[2015-11-01 19:02:28]	新词.txt
[2015-11-01 19:02:36]	Cannot open file 
[2015-11-01 19:02:36]	./\Data\KeyBlackList.pdat
[2015-11-01 19:02:36]	Error read file
[2015-11-01 19:02:36]	新词.txt
[2015-11-01 19:03:41]	Cannot open file 
[2015-11-01 19:03:41]	./\Data\KeyBlackList.pdat
[2015-11-01 19:03:41]	Error read file
[2015-11-01 19:03:41]	新词.txt
[2015-11-01 19:04:49]	Cannot open file 
[2015-11-01 19:04:50]	./\Data\KeyBlackList.pdat
[2015-11-01 19:04:50]	Error read file
[2015-11-01 19:04:50]	新词.txt
[2015-11-01 19:05:57]	Cannot open file 
[2015-11-01 19:05:57]	./\Data\KeyBlackList.pdat
[2015-11-01 19:05:57]	Error read file
[2015-11-01 19:05:57]	新词.txt
[2015-11-01 19:07:06]	Cannot open file 
[2015-11-01 19:07:06]	./\Data\KeyBlackList.pdat
[2015-11-01 19:07:06]	Error read file
[2015-11-01 19:07:06]	新词.txt
[2015-11-01 19:08:18]	Cannot open file 
[2015-11-01 19:08:18]	./\Data\KeyBlackList.pdat
[2015-11-01 19:08:18]	Error read file
[2015-11-01 19:08:18]	新词.txt
[2015-11-01 19:09:32]	Cannot open file 
[2015-11-01 19:09:32]	./\Data\KeyBlackList.pdat
[2015-11-01 19:09:32]	Error read file
[2015-11-01 19:09:32]	新词.txt
[2015-11-01 19:10:50]	Cannot open file 
[2015-11-01 19:10:50]	./\Data\KeyBlackList.pdat
[2015-11-01 19:10:50]	Error read file
[2015-11-01 19:10:50]	新词.txt
[2015-11-01 19:12:05]	Cannot open file 
[2015-11-01 19:12:05]	./\Data\KeyBlackList.pdat
[2015-11-01 19:12:05]	Error read file
[2015-11-01 19:12:06]	新词.txt
[2015-11-01 19:13:25]	Cannot open file 
[2015-11-01 19:13:25]	./\Data\KeyBlackList.pdat
[2015-11-01 19:13:25]	Error read file
[2015-11-01 19:13:25]	新词.txt
[2015-11-01 19:14:42]	Cannot open file 
[2015-11-01 19:14:42]	./\Data\KeyBlackList.pdat
[2015-11-01 19:14:42]	Error read file
[2015-11-01 19:14:42]	新词.txt
[2015-11-01 19:16:10]	Cannot open file 
[2015-11-01 19:16:10]	./\Data\KeyBlackList.pdat
[2015-11-01 19:16:10]	Error read file
[2015-11-01 19:16:10]	新词.txt
