[2015-10-31 09:45:46]	Cannot open file 
[2015-10-31 09:45:46]	./\Data\KeyBlackList.pdat
[2015-10-31 09:45:46]	Error read file
[2015-10-31 09:45:46]	新词.txt
[2015-10-31 09:45:59]	Cannot open file 
[2015-10-31 09:45:59]	./\Data\KeyBlackList.pdat
[2015-10-31 09:45:59]	Error read file
[2015-10-31 09:45:59]	新词.txt
[2015-10-31 09:46:15]	Cannot open file 
[2015-10-31 09:46:15]	./\Data\KeyBlackList.pdat
[2015-10-31 09:46:15]	Error read file
[2015-10-31 09:46:15]	新词.txt
[2015-10-31 09:46:36]	Cannot open file 
[2015-10-31 09:46:36]	./\Data\KeyBlackList.pdat
[2015-10-31 09:46:36]	Error read file
[2015-10-31 09:46:36]	新词.txt
[2015-10-31 09:47:09]	Cannot open file 
[2015-10-31 09:47:09]	./\Data\KeyBlackList.pdat
[2015-10-31 09:47:09]	Error read file
[2015-10-31 09:47:09]	新词.txt
[2015-10-31 09:47:30]	Cannot open file 
[2015-10-31 09:47:30]	./\Data\KeyBlackList.pdat
[2015-10-31 09:47:30]	Error read file
[2015-10-31 09:47:30]	新词.txt
[2015-10-31 09:48:02]	Cannot open file 
[2015-10-31 09:48:02]	./\Data\KeyBlackList.pdat
[2015-10-31 09:48:02]	Error read file
[2015-10-31 09:48:02]	新词.txt
[2015-10-31 09:48:13]	Cannot open file 
[2015-10-31 09:48:13]	./\Data\KeyBlackList.pdat
[2015-10-31 09:48:13]	Error read file
[2015-10-31 09:48:13]	新词.txt
[2015-10-31 09:48:28]	Cannot open file 
[2015-10-31 09:48:28]	./\Data\KeyBlackList.pdat
[2015-10-31 09:48:28]	Error read file
[2015-10-31 09:48:29]	新词.txt
[2015-10-31 09:48:40]	Cannot open file 
[2015-10-31 09:48:40]	./\Data\KeyBlackList.pdat
[2015-10-31 09:48:40]	Error read file
[2015-10-31 09:48:40]	新词.txt
[2015-10-31 09:48:50]	Cannot open file 
[2015-10-31 09:48:50]	./\Data\KeyBlackList.pdat
[2015-10-31 09:48:50]	Error read file
[2015-10-31 09:48:50]	新词.txt
[2015-10-31 09:49:02]	Cannot open file 
[2015-10-31 09:49:02]	./\Data\KeyBlackList.pdat
[2015-10-31 09:49:02]	Error read file
[2015-10-31 09:49:02]	新词.txt
[2015-10-31 09:49:21]	Cannot open file 
[2015-10-31 09:49:21]	./\Data\KeyBlackList.pdat
[2015-10-31 09:49:21]	Error read file
[2015-10-31 09:49:21]	新词.txt
[2015-10-31 09:49:36]	Cannot open file 
[2015-10-31 09:49:36]	./\Data\KeyBlackList.pdat
[2015-10-31 09:49:36]	Error read file
[2015-10-31 09:49:36]	新词.txt
[2015-10-31 09:49:56]	Cannot open file 
[2015-10-31 09:49:56]	./\Data\KeyBlackList.pdat
[2015-10-31 09:49:56]	Error read file
[2015-10-31 09:49:56]	新词.txt
[2015-10-31 09:50:26]	Cannot open file 
[2015-10-31 09:50:26]	./\Data\KeyBlackList.pdat
[2015-10-31 09:50:26]	Error read file
[2015-10-31 09:50:26]	新词.txt
[2015-10-31 09:50:45]	Cannot open file 
[2015-10-31 09:50:45]	./\Data\KeyBlackList.pdat
[2015-10-31 09:50:45]	Error read file
[2015-10-31 09:50:45]	新词.txt
[2015-10-31 09:51:13]	Cannot open file 
[2015-10-31 09:51:13]	./\Data\KeyBlackList.pdat
[2015-10-31 09:51:13]	Error read file
[2015-10-31 09:51:13]	新词.txt
[2015-10-31 09:51:55]	Cannot open file 
[2015-10-31 09:51:55]	./\Data\KeyBlackList.pdat
[2015-10-31 09:51:55]	Error read file
[2015-10-31 09:51:55]	新词.txt
[2015-10-31 09:52:18]	Cannot open file 
[2015-10-31 09:52:18]	./\Data\KeyBlackList.pdat
[2015-10-31 09:52:18]	Error read file
[2015-10-31 09:52:18]	新词.txt
[2015-10-31 09:52:53]	Cannot open file 
[2015-10-31 09:52:53]	./\Data\KeyBlackList.pdat
[2015-10-31 09:52:53]	Error read file
[2015-10-31 09:52:53]	新词.txt
[2015-10-31 09:53:45]	Cannot open file 
[2015-10-31 09:53:45]	./\Data\KeyBlackList.pdat
[2015-10-31 09:53:45]	Error read file
[2015-10-31 09:53:45]	新词.txt
[2015-10-31 09:54:13]	Cannot open file 
[2015-10-31 09:54:13]	./\Data\KeyBlackList.pdat
[2015-10-31 09:54:13]	Error read file
[2015-10-31 09:54:13]	新词.txt
[2015-10-31 09:54:56]	Cannot open file 
[2015-10-31 09:54:56]	./\Data\KeyBlackList.pdat
[2015-10-31 09:54:56]	Error read file
[2015-10-31 09:54:56]	新词.txt
[2015-10-31 09:55:57]	Cannot open file 
[2015-10-31 09:55:57]	./\Data\KeyBlackList.pdat
[2015-10-31 09:55:57]	Error read file
[2015-10-31 09:55:57]	新词.txt
[2015-10-31 09:56:27]	Cannot open file 
[2015-10-31 09:56:27]	./\Data\KeyBlackList.pdat
[2015-10-31 09:56:27]	Error read file
[2015-10-31 09:56:27]	新词.txt
[2015-10-31 09:57:15]	Cannot open file 
[2015-10-31 09:57:15]	./\Data\KeyBlackList.pdat
[2015-10-31 09:57:15]	Error read file
[2015-10-31 09:57:15]	新词.txt
[2015-10-31 09:58:29]	Cannot open file 
[2015-10-31 09:58:29]	./\Data\KeyBlackList.pdat
[2015-10-31 09:58:29]	Error read file
[2015-10-31 09:58:29]	新词.txt
[2015-10-31 09:59:03]	Cannot open file 
[2015-10-31 09:59:03]	./\Data\KeyBlackList.pdat
[2015-10-31 09:59:03]	Error read file
[2015-10-31 09:59:03]	新词.txt
[2015-10-31 09:59:59]	Cannot open file 
[2015-10-31 09:59:59]	./\Data\KeyBlackList.pdat
[2015-10-31 09:59:59]	Error read file
[2015-10-31 09:59:59]	新词.txt
[2015-10-31 10:01:21]	Cannot open file 
[2015-10-31 10:01:21]	./\Data\KeyBlackList.pdat
[2015-10-31 10:01:21]	Error read file
[2015-10-31 10:01:21]	新词.txt
[2015-10-31 10:02:00]	Cannot open file 
[2015-10-31 10:02:00]	./\Data\KeyBlackList.pdat
[2015-10-31 10:02:00]	Error read file
[2015-10-31 10:02:00]	新词.txt
[2015-10-31 10:03:03]	Cannot open file 
[2015-10-31 10:03:03]	./\Data\KeyBlackList.pdat
[2015-10-31 10:03:03]	Error read file
[2015-10-31 10:03:03]	新词.txt
[2015-10-31 10:04:35]	Cannot open file 
[2015-10-31 10:04:35]	./\Data\KeyBlackList.pdat
[2015-10-31 10:04:35]	Error read file
[2015-10-31 10:04:35]	新词.txt
[2015-10-31 10:05:17]	Cannot open file 
[2015-10-31 10:05:17]	./\Data\KeyBlackList.pdat
[2015-10-31 10:05:17]	Error read file
[2015-10-31 10:05:17]	新词.txt
[2015-10-31 10:06:28]	Cannot open file 
[2015-10-31 10:06:28]	./\Data\KeyBlackList.pdat
[2015-10-31 10:06:28]	Error read file
[2015-10-31 10:06:28]	新词.txt
[2015-10-31 10:08:11]	Cannot open file 
[2015-10-31 10:08:11]	./\Data\KeyBlackList.pdat
[2015-10-31 10:08:11]	Error read file
[2015-10-31 10:08:11]	新词.txt
[2015-10-31 10:08:58]	Cannot open file 
[2015-10-31 10:08:58]	./\Data\KeyBlackList.pdat
[2015-10-31 10:08:58]	Error read file
[2015-10-31 10:08:58]	新词.txt
[2015-10-31 10:10:17]	Cannot open file 
[2015-10-31 10:10:17]	./\Data\KeyBlackList.pdat
[2015-10-31 10:10:17]	Error read file
[2015-10-31 10:10:17]	新词.txt
[2015-10-31 10:16:58]	Cannot open file 
[2015-10-31 10:16:58]	./\Data\KeyBlackList.pdat
[2015-10-31 10:16:58]	Error read file
[2015-10-31 10:16:58]	新词.txt
[2015-10-31 10:17:09]	Cannot open file 
[2015-10-31 10:17:09]	./\Data\KeyBlackList.pdat
[2015-10-31 10:17:09]	Error read file
[2015-10-31 10:17:09]	新词.txt
[2015-10-31 10:17:20]	Cannot open file 
[2015-10-31 10:17:20]	./\Data\KeyBlackList.pdat
[2015-10-31 10:17:20]	Error read file
[2015-10-31 10:17:20]	新词.txt
[2015-10-31 10:17:37]	Cannot open file 
[2015-10-31 10:17:37]	./\Data\KeyBlackList.pdat
[2015-10-31 10:17:37]	Error read file
[2015-10-31 10:17:37]	新词.txt
[2015-10-31 10:17:51]	Cannot open file 
[2015-10-31 10:17:51]	./\Data\KeyBlackList.pdat
[2015-10-31 10:17:51]	Error read file
[2015-10-31 10:17:51]	新词.txt
[2015-10-31 10:18:08]	Cannot open file 
[2015-10-31 10:18:08]	./\Data\KeyBlackList.pdat
[2015-10-31 10:18:08]	Error read file
[2015-10-31 10:18:08]	新词.txt
[2015-10-31 10:18:32]	Cannot open file 
[2015-10-31 10:18:32]	./\Data\KeyBlackList.pdat
[2015-10-31 10:18:32]	Error read file
[2015-10-31 10:18:32]	新词.txt
[2015-10-31 10:18:48]	Cannot open file 
[2015-10-31 10:18:48]	./\Data\KeyBlackList.pdat
[2015-10-31 10:18:48]	Error read file
[2015-10-31 10:18:48]	新词.txt
[2015-10-31 10:19:09]	Cannot open file 
[2015-10-31 10:19:09]	./\Data\KeyBlackList.pdat
[2015-10-31 10:19:09]	Error read file
[2015-10-31 10:19:09]	新词.txt
[2015-10-31 10:19:41]	Cannot open file 
[2015-10-31 10:19:41]	./\Data\KeyBlackList.pdat
[2015-10-31 10:19:41]	Error read file
[2015-10-31 10:19:41]	新词.txt
[2015-10-31 10:20:00]	Cannot open file 
[2015-10-31 10:20:00]	./\Data\KeyBlackList.pdat
[2015-10-31 10:20:00]	Error read file
[2015-10-31 10:20:00]	新词.txt
[2015-10-31 10:20:26]	Cannot open file 
[2015-10-31 10:20:26]	./\Data\KeyBlackList.pdat
[2015-10-31 10:20:26]	Error read file
[2015-10-31 10:20:26]	新词.txt
[2015-10-31 10:21:05]	Cannot open file 
[2015-10-31 10:21:05]	./\Data\KeyBlackList.pdat
[2015-10-31 10:21:05]	Error read file
[2015-10-31 10:21:05]	新词.txt
[2015-10-31 10:21:26]	Cannot open file 
[2015-10-31 10:21:26]	./\Data\KeyBlackList.pdat
[2015-10-31 10:21:26]	Error read file
[2015-10-31 10:21:26]	新词.txt
[2015-10-31 10:21:57]	Cannot open file 
[2015-10-31 10:21:57]	./\Data\KeyBlackList.pdat
[2015-10-31 10:21:57]	Error read file
[2015-10-31 10:21:57]	新词.txt
[2015-10-31 10:22:42]	Cannot open file 
[2015-10-31 10:22:42]	./\Data\KeyBlackList.pdat
[2015-10-31 10:22:42]	Error read file
[2015-10-31 10:22:42]	新词.txt
[2015-10-31 10:23:06]	Cannot open file 
[2015-10-31 10:23:06]	./\Data\KeyBlackList.pdat
[2015-10-31 10:23:06]	Error read file
[2015-10-31 10:23:06]	新词.txt
[2015-10-31 10:23:40]	Cannot open file 
[2015-10-31 10:23:40]	./\Data\KeyBlackList.pdat
[2015-10-31 10:23:40]	Error read file
[2015-10-31 10:23:40]	新词.txt
[2015-10-31 10:24:33]	Cannot open file 
[2015-10-31 10:24:33]	./\Data\KeyBlackList.pdat
[2015-10-31 10:24:33]	Error read file
[2015-10-31 10:24:33]	新词.txt
[2015-10-31 10:24:59]	Cannot open file 
[2015-10-31 10:24:59]	./\Data\KeyBlackList.pdat
[2015-10-31 10:24:59]	Error read file
[2015-10-31 10:24:59]	新词.txt
[2015-10-31 10:25:39]	Cannot open file 
[2015-10-31 10:25:39]	./\Data\KeyBlackList.pdat
[2015-10-31 10:25:39]	Error read file
[2015-10-31 10:25:39]	新词.txt
[2015-10-31 10:26:38]	Cannot open file 
[2015-10-31 10:26:38]	./\Data\KeyBlackList.pdat
[2015-10-31 10:26:38]	Error read file
[2015-10-31 10:26:38]	新词.txt
[2015-10-31 10:27:06]	Cannot open file 
[2015-10-31 10:27:06]	./\Data\KeyBlackList.pdat
[2015-10-31 10:27:06]	Error read file
[2015-10-31 10:27:06]	新词.txt
[2015-10-31 10:27:51]	Cannot open file 
[2015-10-31 10:27:51]	./\Data\KeyBlackList.pdat
[2015-10-31 10:27:51]	Error read file
[2015-10-31 10:27:51]	新词.txt
[2015-10-31 10:28:57]	Cannot open file 
[2015-10-31 10:28:57]	./\Data\KeyBlackList.pdat
[2015-10-31 10:28:57]	Error read file
[2015-10-31 10:28:57]	新词.txt
[2015-10-31 10:29:28]	Cannot open file 
[2015-10-31 10:29:28]	./\Data\KeyBlackList.pdat
[2015-10-31 10:29:28]	Error read file
[2015-10-31 10:29:28]	新词.txt
[2015-10-31 10:30:17]	Cannot open file 
[2015-10-31 10:30:17]	./\Data\KeyBlackList.pdat
[2015-10-31 10:30:17]	Error read file
[2015-10-31 10:30:17]	新词.txt
[2015-10-31 10:31:29]	Cannot open file 
[2015-10-31 10:31:29]	./\Data\KeyBlackList.pdat
[2015-10-31 10:31:29]	Error read file
[2015-10-31 10:31:29]	新词.txt
[2015-10-31 10:32:02]	Cannot open file 
[2015-10-31 10:32:02]	./\Data\KeyBlackList.pdat
[2015-10-31 10:32:02]	Error read file
[2015-10-31 10:32:02]	新词.txt
[2015-10-31 10:32:54]	Cannot open file 
[2015-10-31 10:32:54]	./\Data\KeyBlackList.pdat
[2015-10-31 10:32:54]	Error read file
[2015-10-31 10:32:54]	新词.txt
[2015-10-31 10:53:40]	Cannot open file 
[2015-10-31 10:53:40]	./\Data\KeyBlackList.pdat
[2015-10-31 10:53:40]	Error read file
[2015-10-31 10:53:40]	新词.txt
[2015-10-31 10:53:51]	Cannot open file 
[2015-10-31 10:53:51]	./\Data\KeyBlackList.pdat
[2015-10-31 10:53:51]	Error read file
[2015-10-31 10:53:51]	新词.txt
[2015-10-31 10:54:03]	Cannot open file 
[2015-10-31 10:54:03]	./\Data\KeyBlackList.pdat
[2015-10-31 10:54:03]	Error read file
[2015-10-31 10:54:03]	新词.txt
[2015-10-31 10:54:15]	Cannot open file 
[2015-10-31 10:54:15]	./\Data\KeyBlackList.pdat
[2015-10-31 10:54:15]	Error read file
[2015-10-31 10:54:15]	新词.txt
[2015-10-31 10:54:29]	Cannot open file 
[2015-10-31 10:54:29]	./\Data\KeyBlackList.pdat
[2015-10-31 10:54:29]	Error read file
[2015-10-31 10:54:29]	新词.txt
[2015-10-31 10:54:44]	Cannot open file 
[2015-10-31 10:54:44]	./\Data\KeyBlackList.pdat
[2015-10-31 10:54:44]	Error read file
[2015-10-31 10:54:44]	新词.txt
[2015-10-31 10:55:00]	Cannot open file 
[2015-10-31 10:55:00]	./\Data\KeyBlackList.pdat
[2015-10-31 10:55:00]	Error read file
[2015-10-31 10:55:00]	新词.txt
[2015-10-31 10:55:15]	Cannot open file 
[2015-10-31 10:55:15]	./\Data\KeyBlackList.pdat
[2015-10-31 10:55:15]	Error read file
[2015-10-31 10:55:15]	新词.txt
[2015-10-31 10:55:32]	Cannot open file 
[2015-10-31 10:55:32]	./\Data\KeyBlackList.pdat
[2015-10-31 10:55:32]	Error read file
[2015-10-31 10:55:32]	新词.txt
[2015-10-31 10:55:49]	Cannot open file 
[2015-10-31 10:55:49]	./\Data\KeyBlackList.pdat
[2015-10-31 10:55:49]	Error read file
[2015-10-31 10:55:49]	新词.txt
[2015-10-31 10:56:07]	Cannot open file 
[2015-10-31 10:56:07]	./\Data\KeyBlackList.pdat
[2015-10-31 10:56:07]	Error read file
[2015-10-31 10:56:07]	新词.txt
[2015-10-31 10:56:27]	Cannot open file 
[2015-10-31 10:56:27]	./\Data\KeyBlackList.pdat
[2015-10-31 10:56:27]	Error read file
[2015-10-31 10:56:27]	新词.txt
[2015-10-31 10:56:46]	Cannot open file 
[2015-10-31 10:56:46]	./\Data\KeyBlackList.pdat
[2015-10-31 10:56:46]	Error read file
[2015-10-31 10:56:46]	新词.txt
[2015-10-31 10:57:07]	Cannot open file 
[2015-10-31 10:57:07]	./\Data\KeyBlackList.pdat
[2015-10-31 10:57:07]	Error read file
[2015-10-31 10:57:07]	新词.txt
[2015-10-31 10:57:27]	Cannot open file 
[2015-10-31 10:57:27]	./\Data\KeyBlackList.pdat
[2015-10-31 10:57:27]	Error read file
[2015-10-31 10:57:27]	新词.txt
[2015-10-31 10:57:49]	Cannot open file 
[2015-10-31 10:57:49]	./\Data\KeyBlackList.pdat
[2015-10-31 10:57:49]	Error read file
[2015-10-31 10:57:49]	新词.txt
[2015-10-31 10:58:11]	Cannot open file 
[2015-10-31 10:58:11]	./\Data\KeyBlackList.pdat
[2015-10-31 10:58:12]	Error read file
[2015-10-31 10:58:12]	新词.txt
[2015-10-31 10:58:35]	Cannot open file 
[2015-10-31 10:58:35]	./\Data\KeyBlackList.pdat
[2015-10-31 10:58:35]	Error read file
[2015-10-31 10:58:35]	新词.txt
[2015-10-31 10:58:57]	Cannot open file 
[2015-10-31 10:58:57]	./\Data\KeyBlackList.pdat
[2015-10-31 10:58:58]	Error read file
[2015-10-31 10:58:58]	新词.txt
[2015-10-31 10:59:22]	Cannot open file 
[2015-10-31 10:59:22]	./\Data\KeyBlackList.pdat
[2015-10-31 10:59:22]	Error read file
[2015-10-31 10:59:22]	新词.txt
[2015-10-31 10:59:46]	Cannot open file 
[2015-10-31 10:59:46]	./\Data\KeyBlackList.pdat
[2015-10-31 10:59:46]	Error read file
[2015-10-31 10:59:46]	新词.txt
[2015-10-31 11:00:11]	Cannot open file 
[2015-10-31 11:00:11]	./\Data\KeyBlackList.pdat
[2015-10-31 11:00:11]	Error read file
[2015-10-31 11:00:11]	新词.txt
[2015-10-31 11:00:37]	Cannot open file 
[2015-10-31 11:00:37]	./\Data\KeyBlackList.pdat
[2015-10-31 11:00:37]	Error read file
[2015-10-31 11:00:37]	新词.txt
[2015-10-31 11:01:03]	Cannot open file 
[2015-10-31 11:01:03]	./\Data\KeyBlackList.pdat
[2015-10-31 11:01:03]	Error read file
[2015-10-31 11:01:03]	新词.txt
[2015-10-31 11:01:30]	Cannot open file 
[2015-10-31 11:01:30]	./\Data\KeyBlackList.pdat
[2015-10-31 11:01:30]	Error read file
[2015-10-31 11:01:30]	新词.txt
[2015-10-31 11:01:57]	Cannot open file 
[2015-10-31 11:01:57]	./\Data\KeyBlackList.pdat
[2015-10-31 11:01:57]	Error read file
[2015-10-31 11:01:57]	新词.txt
[2015-10-31 11:02:24]	Cannot open file 
[2015-10-31 11:02:24]	./\Data\KeyBlackList.pdat
[2015-10-31 11:02:24]	Error read file
[2015-10-31 11:02:24]	新词.txt
[2015-10-31 11:02:53]	Cannot open file 
[2015-10-31 11:02:53]	./\Data\KeyBlackList.pdat
[2015-10-31 11:02:53]	Error read file
[2015-10-31 11:02:53]	新词.txt
[2015-10-31 11:03:22]	Cannot open file 
[2015-10-31 11:03:22]	./\Data\KeyBlackList.pdat
[2015-10-31 11:03:22]	Error read file
[2015-10-31 11:03:22]	新词.txt
[2015-10-31 11:03:52]	Cannot open file 
[2015-10-31 11:03:52]	./\Data\KeyBlackList.pdat
[2015-10-31 11:03:52]	Error read file
[2015-10-31 11:03:52]	新词.txt
[2015-10-31 11:04:24]	Cannot open file 
[2015-10-31 11:04:24]	./\Data\KeyBlackList.pdat
[2015-10-31 11:04:24]	Error read file
[2015-10-31 11:04:24]	新词.txt
[2015-10-31 11:04:54]	Cannot open file 
[2015-10-31 11:04:54]	./\Data\KeyBlackList.pdat
[2015-10-31 11:04:54]	Error read file
[2015-10-31 11:04:54]	新词.txt
[2015-10-31 11:05:24]	Cannot open file 
[2015-10-31 11:05:24]	./\Data\KeyBlackList.pdat
[2015-10-31 11:05:25]	Error read file
[2015-10-31 11:05:25]	新词.txt
[2015-10-31 11:05:56]	Cannot open file 
[2015-10-31 11:05:56]	./\Data\KeyBlackList.pdat
[2015-10-31 11:05:56]	Error read file
[2015-10-31 11:05:56]	新词.txt
[2015-10-31 11:06:27]	Cannot open file 
[2015-10-31 11:06:27]	./\Data\KeyBlackList.pdat
[2015-10-31 11:06:27]	Error read file
[2015-10-31 11:06:27]	新词.txt
[2015-10-31 11:07:01]	Cannot open file 
[2015-10-31 11:07:01]	./\Data\KeyBlackList.pdat
[2015-10-31 11:07:01]	Error read file
[2015-10-31 11:07:01]	新词.txt
[2015-10-31 11:07:32]	Cannot open file 
[2015-10-31 11:07:32]	./\Data\KeyBlackList.pdat
[2015-10-31 11:07:32]	Error read file
[2015-10-31 11:07:32]	新词.txt
[2015-10-31 11:08:06]	Cannot open file 
[2015-10-31 11:08:06]	./\Data\KeyBlackList.pdat
[2015-10-31 11:08:06]	Error read file
[2015-10-31 11:08:06]	新词.txt
[2015-10-31 11:08:39]	Cannot open file 
[2015-10-31 11:08:39]	./\Data\KeyBlackList.pdat
[2015-10-31 11:08:39]	Error read file
[2015-10-31 11:08:39]	新词.txt
[2015-10-31 11:09:15]	Cannot open file 
[2015-10-31 11:09:15]	./\Data\KeyBlackList.pdat
[2015-10-31 11:09:15]	Error read file
[2015-10-31 11:09:15]	新词.txt
[2015-10-31 11:09:51]	Cannot open file 
[2015-10-31 11:09:51]	./\Data\KeyBlackList.pdat
[2015-10-31 11:09:51]	Error read file
[2015-10-31 11:09:51]	新词.txt
[2015-10-31 11:10:27]	Cannot open file 
[2015-10-31 11:10:27]	./\Data\KeyBlackList.pdat
[2015-10-31 11:10:27]	Error read file
[2015-10-31 11:10:27]	新词.txt
[2015-10-31 11:11:02]	Cannot open file 
[2015-10-31 11:11:02]	./\Data\KeyBlackList.pdat
[2015-10-31 11:11:02]	Error read file
[2015-10-31 11:11:02]	新词.txt
[2015-10-31 11:11:38]	Cannot open file 
[2015-10-31 11:11:38]	./\Data\KeyBlackList.pdat
[2015-10-31 11:11:38]	Error read file
[2015-10-31 11:11:38]	新词.txt
[2015-10-31 11:12:15]	Cannot open file 
[2015-10-31 11:12:15]	./\Data\KeyBlackList.pdat
[2015-10-31 11:12:15]	Error read file
[2015-10-31 11:12:15]	新词.txt
[2015-10-31 11:12:53]	Cannot open file 
[2015-10-31 11:12:53]	./\Data\KeyBlackList.pdat
[2015-10-31 11:12:53]	Error read file
[2015-10-31 11:12:53]	新词.txt
[2015-10-31 11:13:32]	Cannot open file 
[2015-10-31 11:13:32]	./\Data\KeyBlackList.pdat
[2015-10-31 11:13:32]	Error read file
[2015-10-31 11:13:32]	新词.txt
[2015-10-31 11:14:11]	Cannot open file 
[2015-10-31 11:14:11]	./\Data\KeyBlackList.pdat
[2015-10-31 11:14:11]	Error read file
[2015-10-31 11:14:11]	新词.txt
[2015-10-31 11:14:51]	Cannot open file 
[2015-10-31 11:14:51]	./\Data\KeyBlackList.pdat
[2015-10-31 11:14:51]	Error read file
[2015-10-31 11:14:51]	新词.txt
[2015-10-31 11:15:32]	Cannot open file 
[2015-10-31 11:15:32]	./\Data\KeyBlackList.pdat
[2015-10-31 11:15:32]	Error read file
[2015-10-31 11:15:32]	新词.txt
[2015-10-31 11:16:15]	Cannot open file 
[2015-10-31 11:16:15]	./\Data\KeyBlackList.pdat
[2015-10-31 11:16:15]	Error read file
[2015-10-31 11:16:15]	新词.txt
[2015-10-31 11:16:56]	Cannot open file 
[2015-10-31 11:16:56]	./\Data\KeyBlackList.pdat
[2015-10-31 11:16:56]	Error read file
[2015-10-31 11:16:56]	新词.txt
[2015-10-31 11:17:38]	Cannot open file 
[2015-10-31 11:17:38]	./\Data\KeyBlackList.pdat
[2015-10-31 11:17:39]	Error read file
[2015-10-31 11:17:39]	新词.txt
[2015-10-31 11:18:21]	Cannot open file 
[2015-10-31 11:18:21]	./\Data\KeyBlackList.pdat
[2015-10-31 11:18:21]	Error read file
[2015-10-31 11:18:21]	新词.txt
[2015-10-31 11:19:04]	Cannot open file 
[2015-10-31 11:19:04]	./\Data\KeyBlackList.pdat
[2015-10-31 11:19:04]	Error read file
[2015-10-31 11:19:04]	新词.txt
[2015-10-31 11:19:48]	Cannot open file 
[2015-10-31 11:19:48]	./\Data\KeyBlackList.pdat
[2015-10-31 11:19:48]	Error read file
[2015-10-31 11:19:48]	新词.txt
[2015-10-31 11:20:31]	Cannot open file 
[2015-10-31 11:20:31]	./\Data\KeyBlackList.pdat
[2015-10-31 11:20:31]	Error read file
[2015-10-31 11:20:31]	新词.txt
[2015-10-31 11:21:15]	Cannot open file 
[2015-10-31 11:21:15]	./\Data\KeyBlackList.pdat
[2015-10-31 11:21:15]	Error read file
[2015-10-31 11:21:15]	新词.txt
[2015-10-31 11:22:01]	Cannot open file 
[2015-10-31 11:22:01]	./\Data\KeyBlackList.pdat
[2015-10-31 11:22:01]	Error read file
[2015-10-31 11:22:01]	新词.txt
[2015-10-31 11:22:47]	Cannot open file 
[2015-10-31 11:22:47]	./\Data\KeyBlackList.pdat
[2015-10-31 11:22:47]	Error read file
[2015-10-31 11:22:47]	新词.txt
[2015-10-31 11:23:33]	Cannot open file 
[2015-10-31 11:23:33]	./\Data\KeyBlackList.pdat
[2015-10-31 11:23:33]	Error read file
[2015-10-31 11:23:33]	新词.txt
[2015-10-31 11:24:20]	Cannot open file 
[2015-10-31 11:24:20]	./\Data\KeyBlackList.pdat
[2015-10-31 11:24:21]	Error read file
[2015-10-31 11:24:21]	新词.txt
[2015-10-31 11:25:09]	Cannot open file 
[2015-10-31 11:25:09]	./\Data\KeyBlackList.pdat
[2015-10-31 11:25:09]	Error read file
[2015-10-31 11:25:09]	新词.txt
[2015-10-31 11:25:58]	Cannot open file 
[2015-10-31 11:25:58]	./\Data\KeyBlackList.pdat
[2015-10-31 11:25:58]	Error read file
[2015-10-31 11:25:58]	新词.txt
[2015-10-31 11:26:47]	Cannot open file 
[2015-10-31 11:26:47]	./\Data\KeyBlackList.pdat
[2015-10-31 11:26:47]	Error read file
[2015-10-31 11:26:47]	新词.txt
[2015-10-31 11:27:36]	Cannot open file 
[2015-10-31 11:27:36]	./\Data\KeyBlackList.pdat
[2015-10-31 11:27:36]	Error read file
[2015-10-31 11:27:36]	新词.txt
[2015-10-31 11:28:26]	Cannot open file 
[2015-10-31 11:28:26]	./\Data\KeyBlackList.pdat
[2015-10-31 11:28:26]	Error read file
[2015-10-31 11:28:26]	新词.txt
[2015-10-31 11:29:17]	Cannot open file 
[2015-10-31 11:29:17]	./\Data\KeyBlackList.pdat
[2015-10-31 11:29:17]	Error read file
[2015-10-31 11:29:17]	新词.txt
[2015-10-31 11:30:08]	Cannot open file 
[2015-10-31 11:30:08]	./\Data\KeyBlackList.pdat
[2015-10-31 11:30:08]	Error read file
[2015-10-31 11:30:08]	新词.txt
[2015-10-31 11:31:01]	Cannot open file 
[2015-10-31 11:31:01]	./\Data\KeyBlackList.pdat
[2015-10-31 11:31:01]	Error read file
[2015-10-31 11:31:01]	新词.txt
[2015-10-31 11:31:54]	Cannot open file 
[2015-10-31 11:31:54]	./\Data\KeyBlackList.pdat
[2015-10-31 11:31:54]	Error read file
[2015-10-31 11:31:54]	新词.txt
[2015-10-31 11:32:47]	Cannot open file 
[2015-10-31 11:32:47]	./\Data\KeyBlackList.pdat
[2015-10-31 11:32:47]	Error read file
[2015-10-31 11:32:47]	新词.txt
[2015-10-31 11:33:41]	Cannot open file 
[2015-10-31 11:33:41]	./\Data\KeyBlackList.pdat
[2015-10-31 11:33:41]	Error read file
[2015-10-31 11:33:41]	新词.txt
[2015-10-31 11:34:36]	Cannot open file 
[2015-10-31 11:34:36]	./\Data\KeyBlackList.pdat
[2015-10-31 11:34:36]	Error read file
[2015-10-31 11:34:36]	新词.txt
[2015-10-31 11:35:31]	Cannot open file 
[2015-10-31 11:35:31]	./\Data\KeyBlackList.pdat
[2015-10-31 11:35:31]	Error read file
[2015-10-31 11:35:31]	新词.txt
[2015-10-31 11:36:26]	Cannot open file 
[2015-10-31 11:36:26]	./\Data\KeyBlackList.pdat
[2015-10-31 11:36:26]	Error read file
[2015-10-31 11:36:26]	新词.txt
[2015-10-31 11:37:22]	Cannot open file 
[2015-10-31 11:37:22]	./\Data\KeyBlackList.pdat
[2015-10-31 11:37:22]	Error read file
[2015-10-31 11:37:22]	新词.txt
[2015-10-31 11:38:19]	Cannot open file 
[2015-10-31 11:38:19]	./\Data\KeyBlackList.pdat
[2015-10-31 11:38:19]	Error read file
[2015-10-31 11:38:19]	新词.txt
[2015-10-31 11:39:17]	Cannot open file 
[2015-10-31 11:39:17]	./\Data\KeyBlackList.pdat
[2015-10-31 11:39:17]	Error read file
[2015-10-31 11:39:17]	新词.txt
[2015-10-31 11:40:14]	Cannot open file 
[2015-10-31 11:40:14]	./\Data\KeyBlackList.pdat
[2015-10-31 11:40:14]	Error read file
[2015-10-31 11:40:14]	新词.txt
[2015-10-31 11:41:13]	Cannot open file 
[2015-10-31 11:41:13]	./\Data\KeyBlackList.pdat
[2015-10-31 11:41:13]	Error read file
[2015-10-31 11:41:13]	新词.txt
[2015-10-31 11:42:13]	Cannot open file 
[2015-10-31 11:42:13]	./\Data\KeyBlackList.pdat
[2015-10-31 11:42:13]	Error read file
[2015-10-31 11:42:13]	新词.txt
[2015-10-31 11:43:13]	Cannot open file 
[2015-10-31 11:43:13]	./\Data\KeyBlackList.pdat
[2015-10-31 11:43:13]	Error read file
[2015-10-31 11:43:13]	新词.txt
[2015-10-31 11:44:15]	Cannot open file 
[2015-10-31 11:44:15]	./\Data\KeyBlackList.pdat
[2015-10-31 11:44:15]	Error read file
[2015-10-31 11:44:15]	新词.txt
[2015-10-31 11:45:17]	Cannot open file 
[2015-10-31 11:45:17]	./\Data\KeyBlackList.pdat
[2015-10-31 11:45:17]	Error read file
[2015-10-31 11:45:17]	新词.txt
[2015-10-31 11:46:18]	Cannot open file 
[2015-10-31 11:46:18]	./\Data\KeyBlackList.pdat
[2015-10-31 11:46:18]	Error read file
[2015-10-31 11:46:18]	新词.txt
[2015-10-31 11:47:19]	Cannot open file 
[2015-10-31 11:47:19]	./\Data\KeyBlackList.pdat
[2015-10-31 11:47:19]	Error read file
[2015-10-31 11:47:19]	新词.txt
[2015-10-31 11:48:22]	Cannot open file 
[2015-10-31 11:48:22]	./\Data\KeyBlackList.pdat
[2015-10-31 11:48:22]	Error read file
[2015-10-31 11:48:22]	新词.txt
[2015-10-31 11:49:24]	Cannot open file 
[2015-10-31 11:49:24]	./\Data\KeyBlackList.pdat
[2015-10-31 11:49:24]	Error read file
[2015-10-31 11:49:24]	新词.txt
[2015-10-31 11:50:27]	Cannot open file 
[2015-10-31 11:50:27]	./\Data\KeyBlackList.pdat
[2015-10-31 11:50:27]	Error read file
[2015-10-31 11:50:27]	新词.txt
[2015-10-31 11:51:30]	Cannot open file 
[2015-10-31 11:51:30]	./\Data\KeyBlackList.pdat
[2015-10-31 11:51:30]	Error read file
[2015-10-31 11:51:30]	新词.txt
[2015-10-31 11:52:34]	Cannot open file 
[2015-10-31 11:52:34]	./\Data\KeyBlackList.pdat
[2015-10-31 11:52:34]	Error read file
[2015-10-31 11:52:34]	新词.txt
[2015-10-31 11:53:39]	Cannot open file 
[2015-10-31 11:53:39]	./\Data\KeyBlackList.pdat
[2015-10-31 11:53:39]	Error read file
[2015-10-31 11:53:39]	新词.txt
[2015-10-31 11:54:46]	Cannot open file 
[2015-10-31 11:54:46]	./\Data\KeyBlackList.pdat
[2015-10-31 11:54:46]	Error read file
[2015-10-31 11:54:46]	新词.txt
[2015-10-31 11:55:52]	Cannot open file 
[2015-10-31 11:55:52]	./\Data\KeyBlackList.pdat
[2015-10-31 11:55:52]	Error read file
[2015-10-31 11:55:52]	新词.txt
[2015-10-31 11:56:56]	Cannot open file 
[2015-10-31 11:56:56]	./\Data\KeyBlackList.pdat
[2015-10-31 11:56:57]	Error read file
[2015-10-31 11:56:57]	新词.txt
[2015-10-31 11:58:04]	Cannot open file 
[2015-10-31 11:58:04]	./\Data\KeyBlackList.pdat
[2015-10-31 11:58:04]	Error read file
[2015-10-31 11:58:04]	新词.txt
[2015-10-31 11:59:12]	Cannot open file 
[2015-10-31 11:59:12]	./\Data\KeyBlackList.pdat
[2015-10-31 11:59:12]	Error read file
[2015-10-31 11:59:12]	新词.txt
[2015-10-31 12:00:23]	Cannot open file 
[2015-10-31 12:00:23]	./\Data\KeyBlackList.pdat
[2015-10-31 12:00:23]	Error read file
[2015-10-31 12:00:23]	新词.txt
[2015-10-31 12:01:34]	Cannot open file 
[2015-10-31 12:01:34]	./\Data\KeyBlackList.pdat
[2015-10-31 12:01:34]	Error read file
[2015-10-31 12:01:34]	新词.txt
[2015-10-31 12:02:44]	Cannot open file 
[2015-10-31 12:02:44]	./\Data\KeyBlackList.pdat
[2015-10-31 12:02:44]	Error read file
[2015-10-31 12:02:44]	新词.txt
[2015-10-31 12:03:55]	Cannot open file 
[2015-10-31 12:03:55]	./\Data\KeyBlackList.pdat
[2015-10-31 12:03:55]	Error read file
[2015-10-31 12:03:55]	新词.txt
[2015-10-31 12:05:06]	Cannot open file 
[2015-10-31 12:05:06]	./\Data\KeyBlackList.pdat
[2015-10-31 12:05:06]	Error read file
[2015-10-31 12:05:06]	新词.txt
[2015-10-31 12:06:18]	Cannot open file 
[2015-10-31 12:06:18]	./\Data\KeyBlackList.pdat
[2015-10-31 12:06:18]	Error read file
[2015-10-31 12:06:18]	新词.txt
[2015-10-31 12:07:31]	Cannot open file 
[2015-10-31 12:07:31]	./\Data\KeyBlackList.pdat
[2015-10-31 12:07:31]	Error read file
[2015-10-31 12:07:31]	新词.txt
[2015-10-31 12:08:45]	Cannot open file 
[2015-10-31 12:08:45]	./\Data\KeyBlackList.pdat
[2015-10-31 12:08:45]	Error read file
[2015-10-31 12:08:45]	新词.txt
[2015-10-31 12:09:57]	Cannot open file 
[2015-10-31 12:09:57]	./\Data\KeyBlackList.pdat
[2015-10-31 12:09:58]	Error read file
[2015-10-31 12:09:58]	新词.txt
[2015-10-31 12:11:13]	Cannot open file 
[2015-10-31 12:11:13]	./\Data\KeyBlackList.pdat
[2015-10-31 12:11:13]	Error read file
[2015-10-31 12:11:13]	新词.txt
[2015-10-31 12:12:27]	Cannot open file 
[2015-10-31 12:12:27]	./\Data\KeyBlackList.pdat
[2015-10-31 12:12:27]	Error read file
[2015-10-31 12:12:27]	新词.txt
[2015-10-31 12:13:43]	Cannot open file 
[2015-10-31 12:13:43]	./\Data\KeyBlackList.pdat
[2015-10-31 12:13:43]	Error read file
[2015-10-31 12:13:43]	新词.txt
[2015-10-31 12:15:00]	Cannot open file 
[2015-10-31 12:15:00]	./\Data\KeyBlackList.pdat
[2015-10-31 12:15:00]	Error read file
[2015-10-31 12:15:00]	新词.txt
[2015-10-31 12:16:16]	Cannot open file 
[2015-10-31 12:16:16]	./\Data\KeyBlackList.pdat
[2015-10-31 12:16:16]	Error read file
[2015-10-31 12:16:16]	新词.txt
[2015-10-31 12:17:34]	Cannot open file 
[2015-10-31 12:17:34]	./\Data\KeyBlackList.pdat
[2015-10-31 12:17:34]	Error read file
[2015-10-31 12:17:34]	新词.txt
[2015-10-31 12:18:53]	Cannot open file 
[2015-10-31 12:18:53]	./\Data\KeyBlackList.pdat
[2015-10-31 12:18:53]	Error read file
[2015-10-31 12:18:53]	新词.txt
[2015-10-31 12:20:14]	Cannot open file 
[2015-10-31 12:20:14]	./\Data\KeyBlackList.pdat
[2015-10-31 12:20:14]	Error read file
[2015-10-31 12:20:14]	新词.txt
[2015-10-31 12:21:34]	Cannot open file 
[2015-10-31 12:21:34]	./\Data\KeyBlackList.pdat
[2015-10-31 12:21:35]	Error read file
[2015-10-31 12:21:35]	新词.txt
[2015-10-31 12:22:55]	Cannot open file 
[2015-10-31 12:22:55]	./\Data\KeyBlackList.pdat
[2015-10-31 12:22:55]	Error read file
[2015-10-31 12:22:55]	新词.txt
[2015-10-31 12:24:16]	Cannot open file 
[2015-10-31 12:24:16]	./\Data\KeyBlackList.pdat
[2015-10-31 12:24:16]	Error read file
[2015-10-31 12:24:16]	新词.txt
[2015-10-31 12:25:37]	Cannot open file 
[2015-10-31 12:25:37]	./\Data\KeyBlackList.pdat
[2015-10-31 12:25:37]	Error read file
[2015-10-31 12:25:37]	新词.txt
[2015-10-31 12:26:59]	Cannot open file 
[2015-10-31 12:26:59]	./\Data\KeyBlackList.pdat
[2015-10-31 12:26:59]	Error read file
[2015-10-31 12:26:59]	新词.txt
[2015-10-31 12:28:22]	Cannot open file 
[2015-10-31 12:28:22]	./\Data\KeyBlackList.pdat
[2015-10-31 12:28:22]	Error read file
[2015-10-31 12:28:22]	新词.txt
[2015-10-31 12:29:44]	Cannot open file 
[2015-10-31 12:29:44]	./\Data\KeyBlackList.pdat
[2015-10-31 12:29:44]	Error read file
[2015-10-31 12:29:44]	新词.txt
[2015-10-31 12:31:09]	Cannot open file 
[2015-10-31 12:31:09]	./\Data\KeyBlackList.pdat
[2015-10-31 12:31:09]	Error read file
[2015-10-31 12:31:09]	新词.txt
[2015-10-31 12:32:33]	Cannot open file 
[2015-10-31 12:32:33]	./\Data\KeyBlackList.pdat
[2015-10-31 12:32:33]	Error read file
[2015-10-31 12:32:33]	新词.txt
[2015-10-31 12:33:58]	Cannot open file 
[2015-10-31 12:33:58]	./\Data\KeyBlackList.pdat
[2015-10-31 12:33:58]	Error read file
[2015-10-31 12:33:58]	新词.txt
[2015-10-31 12:35:23]	Cannot open file 
[2015-10-31 12:35:23]	./\Data\KeyBlackList.pdat
[2015-10-31 12:35:23]	Error read file
[2015-10-31 12:35:23]	新词.txt
[2015-10-31 12:36:50]	Cannot open file 
[2015-10-31 12:36:50]	./\Data\KeyBlackList.pdat
[2015-10-31 12:36:50]	Error read file
[2015-10-31 12:36:50]	新词.txt
[2015-10-31 12:38:16]	Cannot open file 
[2015-10-31 12:38:16]	./\Data\KeyBlackList.pdat
[2015-10-31 12:38:16]	Error read file
[2015-10-31 12:38:16]	新词.txt
[2015-10-31 12:39:42]	Cannot open file 
[2015-10-31 12:39:42]	./\Data\KeyBlackList.pdat
[2015-10-31 12:39:42]	Error read file
[2015-10-31 12:39:42]	新词.txt
[2015-10-31 12:41:10]	Cannot open file 
[2015-10-31 12:41:10]	./\Data\KeyBlackList.pdat
[2015-10-31 12:41:10]	Error read file
[2015-10-31 12:41:10]	新词.txt
[2015-10-31 12:42:38]	Cannot open file 
[2015-10-31 12:42:38]	./\Data\KeyBlackList.pdat
[2015-10-31 12:42:38]	Error read file
[2015-10-31 12:42:38]	新词.txt
[2015-10-31 12:44:07]	Cannot open file 
[2015-10-31 12:44:07]	./\Data\KeyBlackList.pdat
[2015-10-31 12:44:07]	Error read file
[2015-10-31 12:44:07]	新词.txt
[2015-10-31 12:45:38]	Cannot open file 
[2015-10-31 12:45:38]	./\Data\KeyBlackList.pdat
[2015-10-31 12:45:38]	Error read file
[2015-10-31 12:45:39]	新词.txt
[2015-10-31 12:47:08]	Cannot open file 
[2015-10-31 12:47:08]	./\Data\KeyBlackList.pdat
[2015-10-31 12:47:08]	Error read file
[2015-10-31 12:47:08]	新词.txt
[2015-10-31 12:48:39]	Cannot open file 
[2015-10-31 12:48:39]	./\Data\KeyBlackList.pdat
[2015-10-31 12:48:39]	Error read file
[2015-10-31 12:48:39]	新词.txt
[2015-10-31 12:50:12]	Cannot open file 
[2015-10-31 12:50:12]	./\Data\KeyBlackList.pdat
[2015-10-31 12:50:12]	Error read file
[2015-10-31 12:50:12]	新词.txt
[2015-10-31 12:51:44]	Cannot open file 
[2015-10-31 12:51:44]	./\Data\KeyBlackList.pdat
[2015-10-31 12:51:44]	Error read file
[2015-10-31 12:51:44]	新词.txt
[2015-10-31 12:53:18]	Cannot open file 
[2015-10-31 12:53:18]	./\Data\KeyBlackList.pdat
[2015-10-31 12:53:18]	Error read file
[2015-10-31 12:53:18]	新词.txt
[2015-10-31 12:54:51]	Cannot open file 
[2015-10-31 12:54:51]	./\Data\KeyBlackList.pdat
[2015-10-31 12:54:51]	Error read file
[2015-10-31 12:54:51]	新词.txt
[2015-10-31 12:56:24]	Cannot open file 
[2015-10-31 12:56:24]	./\Data\KeyBlackList.pdat
[2015-10-31 12:56:24]	Error read file
[2015-10-31 12:56:24]	新词.txt
[2015-10-31 12:57:58]	Cannot open file 
[2015-10-31 12:57:58]	./\Data\KeyBlackList.pdat
[2015-10-31 12:57:58]	Error read file
[2015-10-31 12:57:58]	新词.txt
[2015-10-31 12:59:33]	Cannot open file 
[2015-10-31 12:59:33]	./\Data\KeyBlackList.pdat
[2015-10-31 12:59:33]	Error read file
[2015-10-31 12:59:33]	新词.txt
[2015-10-31 13:01:09]	Cannot open file 
[2015-10-31 13:01:09]	./\Data\KeyBlackList.pdat
[2015-10-31 13:01:09]	Error read file
[2015-10-31 13:01:09]	新词.txt
[2015-10-31 13:02:46]	Cannot open file 
[2015-10-31 13:02:46]	./\Data\KeyBlackList.pdat
[2015-10-31 13:02:46]	Error read file
[2015-10-31 13:02:46]	新词.txt
[2015-10-31 13:04:23]	Cannot open file 
[2015-10-31 13:04:23]	./\Data\KeyBlackList.pdat
[2015-10-31 13:04:23]	Error read file
[2015-10-31 13:04:23]	新词.txt
[2015-10-31 13:06:02]	Cannot open file 
[2015-10-31 13:06:02]	./\Data\KeyBlackList.pdat
[2015-10-31 13:06:02]	Error read file
[2015-10-31 13:06:02]	新词.txt
[2015-10-31 13:07:42]	Cannot open file 
[2015-10-31 13:07:42]	./\Data\KeyBlackList.pdat
[2015-10-31 13:07:42]	Error read file
[2015-10-31 13:07:42]	新词.txt
[2015-10-31 13:09:20]	Cannot open file 
[2015-10-31 13:09:20]	./\Data\KeyBlackList.pdat
[2015-10-31 13:09:20]	Error read file
[2015-10-31 13:09:20]	新词.txt
[2015-10-31 13:11:00]	Cannot open file 
[2015-10-31 13:11:00]	./\Data\KeyBlackList.pdat
[2015-10-31 13:11:00]	Error read file
[2015-10-31 13:11:00]	新词.txt
[2015-10-31 13:12:40]	Cannot open file 
[2015-10-31 13:12:40]	./\Data\KeyBlackList.pdat
[2015-10-31 13:12:40]	Error read file
[2015-10-31 13:12:40]	新词.txt
[2015-10-31 13:14:21]	Cannot open file 
[2015-10-31 13:14:21]	./\Data\KeyBlackList.pdat
[2015-10-31 13:14:22]	Error read file
[2015-10-31 13:14:22]	新词.txt
[2015-10-31 13:16:03]	Cannot open file 
[2015-10-31 13:16:03]	./\Data\KeyBlackList.pdat
[2015-10-31 13:16:03]	Error read file
[2015-10-31 13:16:03]	新词.txt
[2015-10-31 13:17:44]	Cannot open file 
[2015-10-31 13:17:44]	./\Data\KeyBlackList.pdat
[2015-10-31 13:17:44]	Error read file
[2015-10-31 13:17:44]	新词.txt
[2015-10-31 13:19:27]	Cannot open file 
[2015-10-31 13:19:27]	./\Data\KeyBlackList.pdat
[2015-10-31 13:19:27]	Error read file
[2015-10-31 13:19:27]	新词.txt
[2015-10-31 13:21:11]	Cannot open file 
[2015-10-31 13:21:11]	./\Data\KeyBlackList.pdat
[2015-10-31 13:21:11]	Error read file
[2015-10-31 13:21:11]	新词.txt
[2015-10-31 13:22:53]	Cannot open file 
[2015-10-31 13:22:53]	./\Data\KeyBlackList.pdat
[2015-10-31 13:22:53]	Error read file
[2015-10-31 13:22:53]	新词.txt
[2015-10-31 13:24:37]	Cannot open file 
[2015-10-31 13:24:37]	./\Data\KeyBlackList.pdat
[2015-10-31 13:24:37]	Error read file
[2015-10-31 13:24:37]	新词.txt
[2015-10-31 13:26:21]	Cannot open file 
[2015-10-31 13:26:21]	./\Data\KeyBlackList.pdat
[2015-10-31 13:26:21]	Error read file
[2015-10-31 13:26:21]	新词.txt
[2015-10-31 13:28:06]	Cannot open file 
[2015-10-31 13:28:06]	./\Data\KeyBlackList.pdat
[2015-10-31 13:28:06]	Error read file
[2015-10-31 13:28:06]	新词.txt
[2015-10-31 13:29:52]	Cannot open file 
[2015-10-31 13:29:52]	./\Data\KeyBlackList.pdat
[2015-10-31 13:29:52]	Error read file
[2015-10-31 13:29:52]	新词.txt
[2015-10-31 13:31:38]	Cannot open file 
[2015-10-31 13:31:38]	./\Data\KeyBlackList.pdat
[2015-10-31 13:31:38]	Error read file
[2015-10-31 13:31:38]	新词.txt
[2015-10-31 13:33:24]	Cannot open file 
[2015-10-31 13:33:24]	./\Data\KeyBlackList.pdat
[2015-10-31 13:33:24]	Error read file
[2015-10-31 13:33:24]	新词.txt
[2015-10-31 13:35:12]	Cannot open file 
[2015-10-31 13:35:12]	./\Data\KeyBlackList.pdat
[2015-10-31 13:35:12]	Error read file
[2015-10-31 13:35:12]	新词.txt
[2015-10-31 13:37:00]	Cannot open file 
[2015-10-31 13:37:00]	./\Data\KeyBlackList.pdat
[2015-10-31 13:37:00]	Error read file
[2015-10-31 13:37:00]	新词.txt
[2015-10-31 13:38:48]	Cannot open file 
[2015-10-31 13:38:48]	./\Data\KeyBlackList.pdat
[2015-10-31 13:38:48]	Error read file
[2015-10-31 13:38:48]	新词.txt
[2015-10-31 13:40:36]	Cannot open file 
[2015-10-31 13:40:36]	./\Data\KeyBlackList.pdat
[2015-10-31 13:40:36]	Error read file
[2015-10-31 13:40:36]	新词.txt
[2015-10-31 13:42:25]	Cannot open file 
[2015-10-31 13:42:25]	./\Data\KeyBlackList.pdat
[2015-10-31 13:42:25]	Error read file
[2015-10-31 13:42:25]	新词.txt
[2015-10-31 13:44:15]	Cannot open file 
[2015-10-31 13:44:15]	./\Data\KeyBlackList.pdat
[2015-10-31 13:44:15]	Error read file
[2015-10-31 13:44:15]	新词.txt
[2015-10-31 13:46:07]	Cannot open file 
[2015-10-31 13:46:07]	./\Data\KeyBlackList.pdat
[2015-10-31 13:46:07]	Error read file
[2015-10-31 13:46:07]	新词.txt
[2015-10-31 13:47:58]	Cannot open file 
[2015-10-31 13:47:58]	./\Data\KeyBlackList.pdat
[2015-10-31 13:47:58]	Error read file
[2015-10-31 13:47:58]	新词.txt
[2015-10-31 13:49:51]	Cannot open file 
[2015-10-31 13:49:51]	./\Data\KeyBlackList.pdat
[2015-10-31 13:49:51]	Error read file
[2015-10-31 13:49:51]	新词.txt
[2015-10-31 13:51:44]	Cannot open file 
[2015-10-31 13:51:44]	./\Data\KeyBlackList.pdat
[2015-10-31 13:51:44]	Error read file
[2015-10-31 13:51:44]	新词.txt
[2015-10-31 13:53:36]	Cannot open file 
[2015-10-31 13:53:36]	./\Data\KeyBlackList.pdat
[2015-10-31 13:53:36]	Error read file
[2015-10-31 13:53:36]	新词.txt
[2015-10-31 13:55:32]	Cannot open file 
[2015-10-31 13:55:32]	./\Data\KeyBlackList.pdat
[2015-10-31 13:55:32]	Error read file
[2015-10-31 13:55:32]	新词.txt
[2015-10-31 13:57:26]	Cannot open file 
[2015-10-31 13:57:26]	./\Data\KeyBlackList.pdat
[2015-10-31 13:57:26]	Error read file
[2015-10-31 13:57:26]	新词.txt
[2015-10-31 13:59:21]	Cannot open file 
[2015-10-31 13:59:21]	./\Data\KeyBlackList.pdat
[2015-10-31 13:59:21]	Error read file
[2015-10-31 13:59:21]	新词.txt
[2015-10-31 14:01:17]	Cannot open file 
[2015-10-31 14:01:17]	./\Data\KeyBlackList.pdat
[2015-10-31 14:01:17]	Error read file
[2015-10-31 14:01:17]	新词.txt
[2015-10-31 14:03:13]	Cannot open file 
[2015-10-31 14:03:13]	./\Data\KeyBlackList.pdat
[2015-10-31 14:03:13]	Error read file
[2015-10-31 14:03:13]	新词.txt
[2015-10-31 14:05:11]	Cannot open file 
[2015-10-31 14:05:11]	./\Data\KeyBlackList.pdat
[2015-10-31 14:05:11]	Error read file
[2015-10-31 14:05:11]	新词.txt
[2015-10-31 14:07:10]	Cannot open file 
[2015-10-31 14:07:10]	./\Data\KeyBlackList.pdat
[2015-10-31 14:07:10]	Error read file
[2015-10-31 14:07:10]	新词.txt
[2015-10-31 14:09:09]	Cannot open file 
[2015-10-31 14:09:09]	./\Data\KeyBlackList.pdat
[2015-10-31 14:09:09]	Error read file
[2015-10-31 14:09:09]	新词.txt
[2015-10-31 14:11:08]	Cannot open file 
[2015-10-31 14:11:08]	./\Data\KeyBlackList.pdat
[2015-10-31 14:11:08]	Error read file
[2015-10-31 14:11:08]	新词.txt
[2015-10-31 14:13:08]	Cannot open file 
[2015-10-31 14:13:08]	./\Data\KeyBlackList.pdat
[2015-10-31 14:13:09]	Error read file
[2015-10-31 14:13:09]	新词.txt
[2015-10-31 14:15:09]	Cannot open file 
[2015-10-31 14:15:09]	./\Data\KeyBlackList.pdat
[2015-10-31 14:15:09]	Error read file
[2015-10-31 14:15:09]	新词.txt
[2015-10-31 14:17:10]	Cannot open file 
[2015-10-31 14:17:10]	./\Data\KeyBlackList.pdat
[2015-10-31 14:17:10]	Error read file
[2015-10-31 14:17:10]	新词.txt
[2015-10-31 14:19:12]	Cannot open file 
[2015-10-31 14:19:12]	./\Data\KeyBlackList.pdat
[2015-10-31 14:19:12]	Error read file
[2015-10-31 14:19:12]	新词.txt
[2015-10-31 14:21:14]	Cannot open file 
[2015-10-31 14:21:14]	./\Data\KeyBlackList.pdat
[2015-10-31 14:21:14]	Error read file
[2015-10-31 14:21:14]	新词.txt
[2015-10-31 14:23:16]	Cannot open file 
[2015-10-31 14:23:16]	./\Data\KeyBlackList.pdat
[2015-10-31 14:23:16]	Error read file
[2015-10-31 14:23:16]	新词.txt
[2015-10-31 14:25:19]	Cannot open file 
[2015-10-31 14:25:19]	./\Data\KeyBlackList.pdat
[2015-10-31 14:25:20]	Error read file
[2015-10-31 14:25:20]	新词.txt
[2015-10-31 14:27:24]	Cannot open file 
[2015-10-31 14:27:24]	./\Data\KeyBlackList.pdat
[2015-10-31 14:27:24]	Error read file
[2015-10-31 14:27:24]	新词.txt
[2015-10-31 14:29:28]	Cannot open file 
[2015-10-31 14:29:28]	./\Data\KeyBlackList.pdat
[2015-10-31 14:29:28]	Error read file
[2015-10-31 14:29:28]	新词.txt
[2015-10-31 14:31:34]	Cannot open file 
[2015-10-31 14:31:34]	./\Data\KeyBlackList.pdat
[2015-10-31 14:31:34]	Error read file
[2015-10-31 14:31:34]	新词.txt
[2015-10-31 14:33:40]	Cannot open file 
[2015-10-31 14:33:40]	./\Data\KeyBlackList.pdat
[2015-10-31 14:33:40]	Error read file
[2015-10-31 14:33:40]	新词.txt
[2015-10-31 14:35:45]	Cannot open file 
[2015-10-31 14:35:45]	./\Data\KeyBlackList.pdat
[2015-10-31 14:35:45]	Error read file
[2015-10-31 14:35:45]	新词.txt
[2015-10-31 14:37:52]	Cannot open file 
[2015-10-31 14:37:52]	./\Data\KeyBlackList.pdat
[2015-10-31 14:37:52]	Error read file
[2015-10-31 14:37:52]	新词.txt
[2015-10-31 14:39:59]	Cannot open file 
[2015-10-31 14:39:59]	./\Data\KeyBlackList.pdat
[2015-10-31 14:39:59]	Error read file
[2015-10-31 14:39:59]	新词.txt
[2015-10-31 14:42:07]	Cannot open file 
[2015-10-31 14:42:07]	./\Data\KeyBlackList.pdat
[2015-10-31 14:42:07]	Error read file
[2015-10-31 14:42:07]	新词.txt
[2015-10-31 14:44:16]	Cannot open file 
[2015-10-31 14:44:16]	./\Data\KeyBlackList.pdat
[2015-10-31 14:44:16]	Error read file
[2015-10-31 14:44:16]	新词.txt
[2015-10-31 14:46:28]	Cannot open file 
[2015-10-31 14:46:28]	./\Data\KeyBlackList.pdat
[2015-10-31 14:46:28]	Error read file
[2015-10-31 14:46:28]	新词.txt
[2015-10-31 14:48:39]	Cannot open file 
[2015-10-31 14:48:39]	./\Data\KeyBlackList.pdat
[2015-10-31 14:48:39]	Error read file
[2015-10-31 14:48:39]	新词.txt
[2015-10-31 14:50:48]	Cannot open file 
[2015-10-31 14:50:48]	./\Data\KeyBlackList.pdat
[2015-10-31 14:50:48]	Error read file
[2015-10-31 14:50:48]	新词.txt
[2015-10-31 14:52:59]	Cannot open file 
[2015-10-31 14:52:59]	./\Data\KeyBlackList.pdat
[2015-10-31 14:52:59]	Error read file
[2015-10-31 14:52:59]	新词.txt
[2015-10-31 14:55:11]	Cannot open file 
[2015-10-31 14:55:11]	./\Data\KeyBlackList.pdat
[2015-10-31 14:55:11]	Error read file
[2015-10-31 14:55:11]	新词.txt
[2015-10-31 14:57:24]	Cannot open file 
[2015-10-31 14:57:24]	./\Data\KeyBlackList.pdat
[2015-10-31 14:57:24]	Error read file
[2015-10-31 14:57:24]	新词.txt
[2015-10-31 14:59:36]	Cannot open file 
[2015-10-31 14:59:36]	./\Data\KeyBlackList.pdat
[2015-10-31 14:59:36]	Error read file
[2015-10-31 14:59:36]	新词.txt
[2015-10-31 15:01:50]	Cannot open file 
[2015-10-31 15:01:50]	./\Data\KeyBlackList.pdat
[2015-10-31 15:01:50]	Error read file
[2015-10-31 15:01:50]	新词.txt
[2015-10-31 15:04:03]	Cannot open file 
[2015-10-31 15:04:03]	./\Data\KeyBlackList.pdat
[2015-10-31 15:04:03]	Error read file
[2015-10-31 15:04:03]	新词.txt
[2015-10-31 15:06:18]	Cannot open file 
[2015-10-31 15:06:18]	./\Data\KeyBlackList.pdat
[2015-10-31 15:06:18]	Error read file
[2015-10-31 15:06:18]	新词.txt
[2015-10-31 15:08:33]	Cannot open file 
[2015-10-31 15:08:33]	./\Data\KeyBlackList.pdat
[2015-10-31 15:08:33]	Error read file
[2015-10-31 15:08:33]	新词.txt
[2015-10-31 15:10:49]	Cannot open file 
[2015-10-31 15:10:49]	./\Data\KeyBlackList.pdat
[2015-10-31 15:10:49]	Error read file
[2015-10-31 15:10:49]	新词.txt
[2015-10-31 15:13:04]	Cannot open file 
[2015-10-31 15:13:04]	./\Data\KeyBlackList.pdat
[2015-10-31 15:13:04]	Error read file
[2015-10-31 15:13:04]	新词.txt
[2015-10-31 15:15:22]	Cannot open file 
[2015-10-31 15:15:22]	./\Data\KeyBlackList.pdat
[2015-10-31 15:15:22]	Error read file
[2015-10-31 15:15:22]	新词.txt
[2015-10-31 15:17:40]	Cannot open file 
[2015-10-31 15:17:40]	./\Data\KeyBlackList.pdat
[2015-10-31 15:17:40]	Error read file
[2015-10-31 15:17:40]	新词.txt
[2015-10-31 15:20:00]	Cannot open file 
[2015-10-31 15:20:00]	./\Data\KeyBlackList.pdat
[2015-10-31 15:20:00]	Error read file
[2015-10-31 15:20:00]	新词.txt
[2015-10-31 15:22:19]	Cannot open file 
[2015-10-31 15:22:19]	./\Data\KeyBlackList.pdat
[2015-10-31 15:22:19]	Error read file
[2015-10-31 15:22:19]	新词.txt
[2015-10-31 15:24:40]	Cannot open file 
[2015-10-31 15:24:40]	./\Data\KeyBlackList.pdat
[2015-10-31 15:24:40]	Error read file
[2015-10-31 15:24:40]	新词.txt
[2015-10-31 15:27:00]	Cannot open file 
[2015-10-31 15:27:00]	./\Data\KeyBlackList.pdat
[2015-10-31 15:27:00]	Error read file
[2015-10-31 15:27:00]	新词.txt
[2015-10-31 15:29:21]	Cannot open file 
[2015-10-31 15:29:21]	./\Data\KeyBlackList.pdat
[2015-10-31 15:29:21]	Error read file
[2015-10-31 15:29:21]	新词.txt
[2015-10-31 15:31:45]	Cannot open file 
[2015-10-31 15:31:45]	./\Data\KeyBlackList.pdat
[2015-10-31 15:31:45]	Error read file
[2015-10-31 15:31:45]	新词.txt
[2015-10-31 15:34:06]	Cannot open file 
[2015-10-31 15:34:06]	./\Data\KeyBlackList.pdat
[2015-10-31 15:34:06]	Error read file
[2015-10-31 15:34:06]	新词.txt
[2015-10-31 15:36:30]	Cannot open file 
[2015-10-31 15:36:30]	./\Data\KeyBlackList.pdat
[2015-10-31 15:36:30]	Error read file
[2015-10-31 15:36:30]	新词.txt
[2015-10-31 15:38:54]	Cannot open file 
[2015-10-31 15:38:54]	./\Data\KeyBlackList.pdat
[2015-10-31 15:38:54]	Error read file
[2015-10-31 15:38:54]	新词.txt
[2015-10-31 15:41:18]	Cannot open file 
[2015-10-31 15:41:18]	./\Data\KeyBlackList.pdat
[2015-10-31 15:41:18]	Error read file
[2015-10-31 15:41:18]	新词.txt
[2015-10-31 15:43:42]	Cannot open file 
[2015-10-31 15:43:42]	./\Data\KeyBlackList.pdat
[2015-10-31 15:43:42]	Error read file
[2015-10-31 15:43:42]	新词.txt
[2015-10-31 15:46:12]	Cannot open file 
[2015-10-31 15:46:12]	./\Data\KeyBlackList.pdat
[2015-10-31 15:46:12]	Error read file
[2015-10-31 15:46:12]	新词.txt
[2015-10-31 15:48:37]	Cannot open file 
[2015-10-31 15:48:37]	./\Data\KeyBlackList.pdat
[2015-10-31 15:48:37]	Error read file
[2015-10-31 15:48:37]	新词.txt
[2015-10-31 15:51:02]	Cannot open file 
[2015-10-31 15:51:02]	./\Data\KeyBlackList.pdat
[2015-10-31 15:51:02]	Error read file
[2015-10-31 15:51:02]	新词.txt
[2015-10-31 15:53:29]	Cannot open file 
[2015-10-31 15:53:29]	./\Data\KeyBlackList.pdat
[2015-10-31 15:53:29]	Error read file
[2015-10-31 15:53:29]	新词.txt
[2015-10-31 15:55:57]	Cannot open file 
[2015-10-31 15:55:57]	./\Data\KeyBlackList.pdat
[2015-10-31 15:55:57]	Error read file
[2015-10-31 15:55:57]	新词.txt
[2015-10-31 15:58:25]	Cannot open file 
[2015-10-31 15:58:25]	./\Data\KeyBlackList.pdat
[2015-10-31 15:58:25]	Error read file
[2015-10-31 15:58:25]	新词.txt
[2015-10-31 16:00:55]	Cannot open file 
[2015-10-31 16:00:55]	./\Data\KeyBlackList.pdat
[2015-10-31 16:00:55]	Error read file
[2015-10-31 16:00:55]	新词.txt
[2015-10-31 16:03:25]	Cannot open file 
[2015-10-31 16:03:25]	./\Data\KeyBlackList.pdat
[2015-10-31 16:03:25]	Error read file
[2015-10-31 16:03:25]	新词.txt
[2015-10-31 16:05:55]	Cannot open file 
[2015-10-31 16:05:55]	./\Data\KeyBlackList.pdat
[2015-10-31 16:05:55]	Error read file
[2015-10-31 16:05:55]	新词.txt
[2015-10-31 16:08:27]	Cannot open file 
[2015-10-31 16:08:27]	./\Data\KeyBlackList.pdat
[2015-10-31 16:08:27]	Error read file
[2015-10-31 16:08:27]	新词.txt
[2015-10-31 16:10:59]	Cannot open file 
[2015-10-31 16:10:59]	./\Data\KeyBlackList.pdat
[2015-10-31 16:10:59]	Error read file
[2015-10-31 16:10:59]	新词.txt
[2015-10-31 16:13:32]	Cannot open file 
[2015-10-31 16:13:32]	./\Data\KeyBlackList.pdat
[2015-10-31 16:13:32]	Error read file
[2015-10-31 16:13:32]	新词.txt
[2015-10-31 16:16:07]	Cannot open file 
[2015-10-31 16:16:07]	./\Data\KeyBlackList.pdat
[2015-10-31 16:16:07]	Error read file
[2015-10-31 16:16:07]	新词.txt
[2015-10-31 16:18:41]	Cannot open file 
[2015-10-31 16:18:41]	./\Data\KeyBlackList.pdat
[2015-10-31 16:18:41]	Error read file
[2015-10-31 16:18:41]	新词.txt
[2015-10-31 16:21:18]	Cannot open file 
[2015-10-31 16:21:18]	./\Data\KeyBlackList.pdat
[2015-10-31 16:21:18]	Error read file
[2015-10-31 16:21:18]	新词.txt
[2015-10-31 16:23:51]	Cannot open file 
[2015-10-31 16:23:51]	./\Data\KeyBlackList.pdat
[2015-10-31 16:23:52]	Error read file
[2015-10-31 16:23:52]	新词.txt
[2015-10-31 16:26:29]	Cannot open file 
[2015-10-31 16:26:29]	./\Data\KeyBlackList.pdat
[2015-10-31 16:26:30]	Error read file
[2015-10-31 16:26:30]	新词.txt
[2015-10-31 16:29:07]	Cannot open file 
[2015-10-31 16:29:07]	./\Data\KeyBlackList.pdat
[2015-10-31 16:29:07]	Error read file
[2015-10-31 16:29:07]	新词.txt
[2015-10-31 16:31:44]	Cannot open file 
[2015-10-31 16:31:44]	./\Data\KeyBlackList.pdat
[2015-10-31 16:31:44]	Error read file
[2015-10-31 16:31:44]	新词.txt
[2015-10-31 16:34:28]	Cannot open file 
[2015-10-31 16:34:28]	./\Data\KeyBlackList.pdat
[2015-10-31 16:34:28]	Error read file
[2015-10-31 16:34:28]	新词.txt
[2015-10-31 16:37:05]	Cannot open file 
[2015-10-31 16:37:05]	./\Data\KeyBlackList.pdat
[2015-10-31 16:37:05]	Error read file
[2015-10-31 16:37:05]	新词.txt
[2015-10-31 16:39:44]	Cannot open file 
[2015-10-31 16:39:44]	./\Data\KeyBlackList.pdat
[2015-10-31 16:39:44]	Error read file
[2015-10-31 16:39:44]	新词.txt
[2015-10-31 16:42:22]	Cannot open file 
[2015-10-31 16:42:22]	./\Data\KeyBlackList.pdat
[2015-10-31 16:42:22]	Error read file
[2015-10-31 16:42:22]	新词.txt
[2015-10-31 16:45:02]	Cannot open file 
[2015-10-31 16:45:02]	./\Data\KeyBlackList.pdat
[2015-10-31 16:45:02]	Error read file
[2015-10-31 16:45:02]	新词.txt
[2015-10-31 16:47:45]	Cannot open file 
[2015-10-31 16:47:45]	./\Data\KeyBlackList.pdat
[2015-10-31 16:47:45]	Error read file
[2015-10-31 16:47:45]	新词.txt
[2015-10-31 16:50:26]	Cannot open file 
[2015-10-31 16:50:26]	./\Data\KeyBlackList.pdat
[2015-10-31 16:50:26]	Error read file
[2015-10-31 16:50:26]	新词.txt
[2015-10-31 16:53:07]	Cannot open file 
[2015-10-31 16:53:07]	./\Data\KeyBlackList.pdat
[2015-10-31 16:53:07]	Error read file
[2015-10-31 16:53:07]	新词.txt
[2015-10-31 16:55:50]	Cannot open file 
[2015-10-31 16:55:50]	./\Data\KeyBlackList.pdat
[2015-10-31 16:55:50]	Error read file
[2015-10-31 16:55:50]	新词.txt
[2015-10-31 16:58:32]	Cannot open file 
[2015-10-31 16:58:32]	./\Data\KeyBlackList.pdat
[2015-10-31 16:58:32]	Error read file
[2015-10-31 16:58:32]	新词.txt
[2015-10-31 17:01:17]	Cannot open file 
[2015-10-31 17:01:17]	./\Data\KeyBlackList.pdat
[2015-10-31 17:01:17]	Error read file
[2015-10-31 17:01:17]	新词.txt
[2015-10-31 17:04:00]	Cannot open file 
[2015-10-31 17:04:00]	./\Data\KeyBlackList.pdat
[2015-10-31 17:04:00]	Error read file
[2015-10-31 17:04:00]	新词.txt
[2015-10-31 17:06:46]	Cannot open file 
[2015-10-31 17:06:46]	./\Data\KeyBlackList.pdat
[2015-10-31 17:06:46]	Error read file
[2015-10-31 17:06:46]	新词.txt
[2015-10-31 17:09:31]	Cannot open file 
[2015-10-31 17:09:31]	./\Data\KeyBlackList.pdat
[2015-10-31 17:09:31]	Error read file
[2015-10-31 17:09:31]	新词.txt
[2015-10-31 17:12:17]	Cannot open file 
[2015-10-31 17:12:17]	./\Data\KeyBlackList.pdat
[2015-10-31 17:12:17]	Error read file
[2015-10-31 17:12:17]	新词.txt
[2015-10-31 17:15:05]	Cannot open file 
[2015-10-31 17:15:05]	./\Data\KeyBlackList.pdat
[2015-10-31 17:15:05]	Error read file
[2015-10-31 17:15:05]	新词.txt
[2015-10-31 17:17:54]	Cannot open file 
[2015-10-31 17:17:54]	./\Data\KeyBlackList.pdat
[2015-10-31 17:17:54]	Error read file
[2015-10-31 17:17:54]	新词.txt
[2015-10-31 17:20:43]	Cannot open file 
[2015-10-31 17:20:43]	./\Data\KeyBlackList.pdat
[2015-10-31 17:20:43]	Error read file
[2015-10-31 17:20:43]	新词.txt
[2015-10-31 17:23:33]	Cannot open file 
[2015-10-31 17:23:33]	./\Data\KeyBlackList.pdat
[2015-10-31 17:23:33]	Error read file
[2015-10-31 17:23:33]	新词.txt
[2015-10-31 17:26:22]	Cannot open file 
[2015-10-31 17:26:22]	./\Data\KeyBlackList.pdat
[2015-10-31 17:26:22]	Error read file
[2015-10-31 17:26:22]	新词.txt
[2015-10-31 17:29:13]	Cannot open file 
[2015-10-31 17:29:13]	./\Data\KeyBlackList.pdat
[2015-10-31 17:29:13]	Error read file
[2015-10-31 17:29:13]	新词.txt
[2015-10-31 17:32:05]	Cannot open file 
[2015-10-31 17:32:05]	./\Data\KeyBlackList.pdat
[2015-10-31 17:32:05]	Error read file
[2015-10-31 17:32:05]	新词.txt
[2015-10-31 17:34:55]	Cannot open file 
[2015-10-31 17:34:55]	./\Data\KeyBlackList.pdat
[2015-10-31 17:34:56]	Error read file
[2015-10-31 17:34:56]	新词.txt
[2015-10-31 17:37:47]	Cannot open file 
[2015-10-31 17:37:47]	./\Data\KeyBlackList.pdat
[2015-10-31 17:37:47]	Error read file
[2015-10-31 17:37:47]	新词.txt
[2015-10-31 17:40:39]	Cannot open file 
[2015-10-31 17:40:39]	./\Data\KeyBlackList.pdat
[2015-10-31 17:40:39]	Error read file
[2015-10-31 17:40:39]	新词.txt
[2015-10-31 17:43:31]	Cannot open file 
[2015-10-31 17:43:31]	./\Data\KeyBlackList.pdat
[2015-10-31 17:43:31]	Error read file
[2015-10-31 17:43:31]	新词.txt
[2015-10-31 17:46:27]	Cannot open file 
[2015-10-31 17:46:27]	./\Data\KeyBlackList.pdat
[2015-10-31 17:46:27]	Error read file
[2015-10-31 17:46:27]	新词.txt
[2015-10-31 17:49:23]	Cannot open file 
[2015-10-31 17:49:23]	./\Data\KeyBlackList.pdat
[2015-10-31 17:49:23]	Error read file
[2015-10-31 17:49:23]	新词.txt
[2015-10-31 17:52:18]	Cannot open file 
[2015-10-31 17:52:18]	./\Data\KeyBlackList.pdat
[2015-10-31 17:52:18]	Error read file
[2015-10-31 17:52:18]	新词.txt
[2015-10-31 17:55:16]	Cannot open file 
[2015-10-31 17:55:16]	./\Data\KeyBlackList.pdat
[2015-10-31 17:55:16]	Error read file
[2015-10-31 17:55:16]	新词.txt
[2015-10-31 17:58:12]	Cannot open file 
[2015-10-31 17:58:12]	./\Data\KeyBlackList.pdat
[2015-10-31 17:58:12]	Error read file
[2015-10-31 17:58:12]	新词.txt
[2015-10-31 18:01:11]	Cannot open file 
[2015-10-31 18:01:11]	./\Data\KeyBlackList.pdat
[2015-10-31 18:01:11]	Error read file
[2015-10-31 18:01:11]	新词.txt
[2015-10-31 18:03:13]	Cannot open file 
[2015-10-31 18:03:13]	./\Data\KeyBlackList.pdat
[2015-10-31 18:03:13]	Error read file
[2015-10-31 18:03:13]	新词.txt
[2015-10-31 18:03:24]	Cannot open file 
[2015-10-31 18:03:24]	./\Data\KeyBlackList.pdat
[2015-10-31 18:03:25]	Error read file
[2015-10-31 18:03:25]	新词.txt
[2015-10-31 18:03:36]	Cannot open file 
[2015-10-31 18:03:36]	./\Data\KeyBlackList.pdat
[2015-10-31 18:03:36]	Error read file
[2015-10-31 18:03:36]	新词.txt
[2015-10-31 18:03:48]	Cannot open file 
[2015-10-31 18:03:48]	./\Data\KeyBlackList.pdat
[2015-10-31 18:03:48]	Error read file
[2015-10-31 18:03:48]	新词.txt
[2015-10-31 18:04:02]	Cannot open file 
[2015-10-31 18:04:03]	./\Data\KeyBlackList.pdat
[2015-10-31 18:04:03]	Error read file
[2015-10-31 18:04:03]	新词.txt
[2015-10-31 18:04:17]	Cannot open file 
[2015-10-31 18:04:17]	./\Data\KeyBlackList.pdat
[2015-10-31 18:04:17]	Error read file
[2015-10-31 18:04:17]	新词.txt
[2015-10-31 18:04:32]	Cannot open file 
[2015-10-31 18:04:32]	./\Data\KeyBlackList.pdat
[2015-10-31 18:04:32]	Error read file
[2015-10-31 18:04:32]	新词.txt
[2015-10-31 18:04:47]	Cannot open file 
[2015-10-31 18:04:47]	./\Data\KeyBlackList.pdat
[2015-10-31 18:04:47]	Error read file
[2015-10-31 18:04:47]	新词.txt
[2015-10-31 18:05:02]	Cannot open file 
[2015-10-31 18:05:02]	./\Data\KeyBlackList.pdat
[2015-10-31 18:05:03]	Error read file
[2015-10-31 18:05:03]	新词.txt
[2015-10-31 18:05:19]	Cannot open file 
[2015-10-31 18:05:19]	./\Data\KeyBlackList.pdat
[2015-10-31 18:05:19]	Error read file
[2015-10-31 18:05:19]	新词.txt
[2015-10-31 18:05:36]	Cannot open file 
[2015-10-31 18:05:36]	./\Data\KeyBlackList.pdat
[2015-10-31 18:05:36]	Error read file
[2015-10-31 18:05:36]	新词.txt
[2015-10-31 18:05:53]	Cannot open file 
[2015-10-31 18:05:53]	./\Data\KeyBlackList.pdat
[2015-10-31 18:05:53]	Error read file
[2015-10-31 18:05:53]	新词.txt
[2015-10-31 18:06:12]	Cannot open file 
[2015-10-31 18:06:12]	./\Data\KeyBlackList.pdat
[2015-10-31 18:06:12]	Error read file
[2015-10-31 18:06:12]	新词.txt
[2015-10-31 18:06:31]	Cannot open file 
[2015-10-31 18:06:31]	./\Data\KeyBlackList.pdat
[2015-10-31 18:06:31]	Error read file
[2015-10-31 18:06:31]	新词.txt
[2015-10-31 18:06:51]	Cannot open file 
[2015-10-31 18:06:51]	./\Data\KeyBlackList.pdat
[2015-10-31 18:06:51]	Error read file
[2015-10-31 18:06:51]	新词.txt
[2015-10-31 18:07:12]	Cannot open file 
[2015-10-31 18:07:12]	./\Data\KeyBlackList.pdat
[2015-10-31 18:07:12]	Error read file
[2015-10-31 18:07:12]	新词.txt
[2015-10-31 18:07:33]	Cannot open file 
[2015-10-31 18:07:33]	./\Data\KeyBlackList.pdat
[2015-10-31 18:07:33]	Error read file
[2015-10-31 18:07:33]	新词.txt
[2015-10-31 18:07:54]	Cannot open file 
[2015-10-31 18:07:54]	./\Data\KeyBlackList.pdat
[2015-10-31 18:07:54]	Error read file
[2015-10-31 18:07:54]	新词.txt
[2015-10-31 18:08:17]	Cannot open file 
[2015-10-31 18:08:17]	./\Data\KeyBlackList.pdat
[2015-10-31 18:08:17]	Error read file
[2015-10-31 18:08:17]	新词.txt
[2015-10-31 18:08:39]	Cannot open file 
[2015-10-31 18:08:39]	./\Data\KeyBlackList.pdat
[2015-10-31 18:08:39]	Error read file
[2015-10-31 18:08:39]	新词.txt
[2015-10-31 18:09:03]	Cannot open file 
[2015-10-31 18:09:03]	./\Data\KeyBlackList.pdat
[2015-10-31 18:09:03]	Error read file
[2015-10-31 18:09:03]	新词.txt
[2015-10-31 18:09:27]	Cannot open file 
[2015-10-31 18:09:27]	./\Data\KeyBlackList.pdat
[2015-10-31 18:09:27]	Error read file
[2015-10-31 18:09:27]	新词.txt
[2015-10-31 18:09:52]	Cannot open file 
[2015-10-31 18:09:52]	./\Data\KeyBlackList.pdat
[2015-10-31 18:09:52]	Error read file
[2015-10-31 18:09:52]	新词.txt
[2015-10-31 18:10:17]	Cannot open file 
[2015-10-31 18:10:17]	./\Data\KeyBlackList.pdat
[2015-10-31 18:10:17]	Error read file
[2015-10-31 18:10:17]	新词.txt
[2015-10-31 18:10:44]	Cannot open file 
[2015-10-31 18:10:44]	./\Data\KeyBlackList.pdat
[2015-10-31 18:10:44]	Error read file
[2015-10-31 18:10:44]	新词.txt
[2015-10-31 18:11:11]	Cannot open file 
[2015-10-31 18:11:11]	./\Data\KeyBlackList.pdat
[2015-10-31 18:11:11]	Error read file
[2015-10-31 18:11:11]	新词.txt
[2015-10-31 18:11:38]	Cannot open file 
[2015-10-31 18:11:38]	./\Data\KeyBlackList.pdat
[2015-10-31 18:11:38]	Error read file
[2015-10-31 18:11:38]	新词.txt
[2015-10-31 18:12:06]	Cannot open file 
[2015-10-31 18:12:06]	./\Data\KeyBlackList.pdat
[2015-10-31 18:12:06]	Error read file
[2015-10-31 18:12:06]	新词.txt
[2015-10-31 18:12:35]	Cannot open file 
[2015-10-31 18:12:35]	./\Data\KeyBlackList.pdat
[2015-10-31 18:12:35]	Error read file
[2015-10-31 18:12:35]	新词.txt
[2015-10-31 18:13:03]	Cannot open file 
[2015-10-31 18:13:03]	./\Data\KeyBlackList.pdat
[2015-10-31 18:13:03]	Error read file
[2015-10-31 18:13:03]	新词.txt
[2015-10-31 18:13:32]	Cannot open file 
[2015-10-31 18:13:32]	./\Data\KeyBlackList.pdat
[2015-10-31 18:13:32]	Error read file
[2015-10-31 18:13:32]	新词.txt
[2015-10-31 18:14:02]	Cannot open file 
[2015-10-31 18:14:02]	./\Data\KeyBlackList.pdat
[2015-10-31 18:14:02]	Error read file
[2015-10-31 18:14:02]	新词.txt
[2015-10-31 18:14:35]	Cannot open file 
[2015-10-31 18:14:35]	./\Data\KeyBlackList.pdat
[2015-10-31 18:14:35]	Error read file
[2015-10-31 18:14:35]	新词.txt
[2015-10-31 18:15:06]	Cannot open file 
[2015-10-31 18:15:06]	./\Data\KeyBlackList.pdat
[2015-10-31 18:15:06]	Error read file
[2015-10-31 18:15:06]	新词.txt
[2015-10-31 18:15:38]	Cannot open file 
[2015-10-31 18:15:38]	./\Data\KeyBlackList.pdat
[2015-10-31 18:15:38]	Error read file
[2015-10-31 18:15:38]	新词.txt
[2015-10-31 18:16:11]	Cannot open file 
[2015-10-31 18:16:11]	./\Data\KeyBlackList.pdat
[2015-10-31 18:16:11]	Error read file
[2015-10-31 18:16:11]	新词.txt
[2015-10-31 18:16:44]	Cannot open file 
[2015-10-31 18:16:44]	./\Data\KeyBlackList.pdat
[2015-10-31 18:16:44]	Error read file
[2015-10-31 18:16:44]	新词.txt
[2015-10-31 18:17:17]	Cannot open file 
[2015-10-31 18:17:17]	./\Data\KeyBlackList.pdat
[2015-10-31 18:17:17]	Error read file
[2015-10-31 18:17:17]	新词.txt
[2015-10-31 18:17:50]	Cannot open file 
[2015-10-31 18:17:50]	./\Data\KeyBlackList.pdat
[2015-10-31 18:17:51]	Error read file
[2015-10-31 18:17:51]	新词.txt
[2015-10-31 18:18:26]	Cannot open file 
[2015-10-31 18:18:26]	./\Data\KeyBlackList.pdat
[2015-10-31 18:18:26]	Error read file
[2015-10-31 18:18:26]	新词.txt
[2015-10-31 18:19:01]	Cannot open file 
[2015-10-31 18:19:01]	./\Data\KeyBlackList.pdat
[2015-10-31 18:19:01]	Error read file
[2015-10-31 18:19:01]	新词.txt
[2015-10-31 18:19:37]	Cannot open file 
[2015-10-31 18:19:37]	./\Data\KeyBlackList.pdat
[2015-10-31 18:19:37]	Error read file
[2015-10-31 18:19:37]	新词.txt
[2015-10-31 18:20:13]	Cannot open file 
[2015-10-31 18:20:13]	./\Data\KeyBlackList.pdat
[2015-10-31 18:20:13]	Error read file
[2015-10-31 18:20:13]	新词.txt
[2015-10-31 18:20:50]	Cannot open file 
[2015-10-31 18:20:50]	./\Data\KeyBlackList.pdat
[2015-10-31 18:20:50]	Error read file
[2015-10-31 18:20:50]	新词.txt
[2015-10-31 18:21:28]	Cannot open file 
[2015-10-31 18:21:28]	./\Data\KeyBlackList.pdat
[2015-10-31 18:21:28]	Error read file
[2015-10-31 18:21:28]	新词.txt
[2015-10-31 18:22:06]	Cannot open file 
[2015-10-31 18:22:06]	./\Data\KeyBlackList.pdat
[2015-10-31 18:22:06]	Error read file
[2015-10-31 18:22:06]	新词.txt
[2015-10-31 18:22:45]	Cannot open file 
[2015-10-31 18:22:45]	./\Data\KeyBlackList.pdat
[2015-10-31 18:22:45]	Error read file
[2015-10-31 18:22:45]	新词.txt
[2015-10-31 18:23:23]	Cannot open file 
[2015-10-31 18:23:23]	./\Data\KeyBlackList.pdat
[2015-10-31 18:23:23]	Error read file
[2015-10-31 18:23:23]	新词.txt
[2015-10-31 18:24:03]	Cannot open file 
[2015-10-31 18:24:03]	./\Data\KeyBlackList.pdat
[2015-10-31 18:24:03]	Error read file
[2015-10-31 18:24:03]	新词.txt
[2015-10-31 18:24:45]	Cannot open file 
[2015-10-31 18:24:45]	./\Data\KeyBlackList.pdat
[2015-10-31 18:24:45]	Error read file
[2015-10-31 18:24:45]	新词.txt
[2015-10-31 18:25:25]	Cannot open file 
[2015-10-31 18:25:25]	./\Data\KeyBlackList.pdat
[2015-10-31 18:25:25]	Error read file
[2015-10-31 18:25:25]	新词.txt
[2015-10-31 18:26:06]	Cannot open file 
[2015-10-31 18:26:06]	./\Data\KeyBlackList.pdat
[2015-10-31 18:26:06]	Error read file
[2015-10-31 18:26:06]	新词.txt
[2015-10-31 18:26:48]	Cannot open file 
[2015-10-31 18:26:48]	./\Data\KeyBlackList.pdat
[2015-10-31 18:26:48]	Error read file
[2015-10-31 18:26:48]	新词.txt
[2015-10-31 18:27:30]	Cannot open file 
[2015-10-31 18:27:30]	./\Data\KeyBlackList.pdat
[2015-10-31 18:27:30]	Error read file
[2015-10-31 18:27:30]	新词.txt
[2015-10-31 18:28:12]	Cannot open file 
[2015-10-31 18:28:13]	./\Data\KeyBlackList.pdat
[2015-10-31 18:28:13]	Error read file
[2015-10-31 18:28:13]	新词.txt
[2015-10-31 18:28:57]	Cannot open file 
[2015-10-31 18:28:57]	./\Data\KeyBlackList.pdat
[2015-10-31 18:28:57]	Error read file
[2015-10-31 18:28:57]	新词.txt
[2015-10-31 18:29:42]	Cannot open file 
[2015-10-31 18:29:42]	./\Data\KeyBlackList.pdat
[2015-10-31 18:29:42]	Error read file
[2015-10-31 18:29:42]	新词.txt
[2015-10-31 18:30:27]	Cannot open file 
[2015-10-31 18:30:27]	./\Data\KeyBlackList.pdat
[2015-10-31 18:30:27]	Error read file
[2015-10-31 18:30:27]	新词.txt
[2015-10-31 18:31:13]	Cannot open file 
[2015-10-31 18:31:13]	./\Data\KeyBlackList.pdat
[2015-10-31 18:31:13]	Error read file
[2015-10-31 18:31:13]	新词.txt
[2015-10-31 18:31:59]	Cannot open file 
[2015-10-31 18:31:59]	./\Data\KeyBlackList.pdat
[2015-10-31 18:32:00]	Error read file
[2015-10-31 18:32:00]	新词.txt
[2015-10-31 18:32:48]	Cannot open file 
[2015-10-31 18:32:48]	./\Data\KeyBlackList.pdat
[2015-10-31 18:32:48]	Error read file
[2015-10-31 18:32:48]	新词.txt
[2015-10-31 18:33:34]	Cannot open file 
[2015-10-31 18:33:34]	./\Data\KeyBlackList.pdat
[2015-10-31 18:33:34]	Error read file
[2015-10-31 18:33:35]	新词.txt
[2015-10-31 18:34:23]	Cannot open file 
[2015-10-31 18:34:23]	./\Data\KeyBlackList.pdat
[2015-10-31 18:34:23]	Error read file
[2015-10-31 18:34:23]	新词.txt
[2015-10-31 18:35:11]	Cannot open file 
[2015-10-31 18:35:11]	./\Data\KeyBlackList.pdat
[2015-10-31 18:35:11]	Error read file
[2015-10-31 18:35:11]	新词.txt
[2015-10-31 18:36:01]	Cannot open file 
[2015-10-31 18:36:01]	./\Data\KeyBlackList.pdat
[2015-10-31 18:36:01]	Error read file
[2015-10-31 18:36:01]	新词.txt
[2015-10-31 18:36:50]	Cannot open file 
[2015-10-31 18:36:50]	./\Data\KeyBlackList.pdat
[2015-10-31 18:36:50]	Error read file
[2015-10-31 18:36:50]	新词.txt
[2015-10-31 18:37:40]	Cannot open file 
[2015-10-31 18:37:40]	./\Data\KeyBlackList.pdat
[2015-10-31 18:37:40]	Error read file
[2015-10-31 18:37:40]	新词.txt
[2015-10-31 18:38:32]	Cannot open file 
[2015-10-31 18:38:32]	./\Data\KeyBlackList.pdat
[2015-10-31 18:38:32]	Error read file
[2015-10-31 18:38:32]	新词.txt
[2015-10-31 18:39:23]	Cannot open file 
[2015-10-31 18:39:23]	./\Data\KeyBlackList.pdat
[2015-10-31 18:39:23]	Error read file
[2015-10-31 18:39:23]	新词.txt
[2015-10-31 18:40:16]	Cannot open file 
[2015-10-31 18:40:16]	./\Data\KeyBlackList.pdat
[2015-10-31 18:40:16]	Error read file
[2015-10-31 18:40:16]	新词.txt
[2015-10-31 18:41:09]	Cannot open file 
[2015-10-31 18:41:09]	./\Data\KeyBlackList.pdat
[2015-10-31 18:41:09]	Error read file
[2015-10-31 18:41:09]	新词.txt
[2015-10-31 18:42:02]	Cannot open file 
[2015-10-31 18:42:02]	./\Data\KeyBlackList.pdat
[2015-10-31 18:42:02]	Error read file
[2015-10-31 18:42:02]	新词.txt
[2015-10-31 18:42:56]	Cannot open file 
[2015-10-31 18:42:56]	./\Data\KeyBlackList.pdat
[2015-10-31 18:42:56]	Error read file
[2015-10-31 18:42:56]	新词.txt
[2015-10-31 18:43:50]	Cannot open file 
[2015-10-31 18:43:50]	./\Data\KeyBlackList.pdat
[2015-10-31 18:43:50]	Error read file
[2015-10-31 18:43:50]	新词.txt
[2015-10-31 18:44:46]	Cannot open file 
[2015-10-31 18:44:46]	./\Data\KeyBlackList.pdat
[2015-10-31 18:44:46]	Error read file
[2015-10-31 18:44:46]	新词.txt
[2015-10-31 18:45:42]	Cannot open file 
[2015-10-31 18:45:42]	./\Data\KeyBlackList.pdat
[2015-10-31 18:45:42]	Error read file
[2015-10-31 18:45:42]	新词.txt
[2015-10-31 18:46:39]	Cannot open file 
[2015-10-31 18:46:39]	./\Data\KeyBlackList.pdat
[2015-10-31 18:46:39]	Error read file
[2015-10-31 18:46:39]	新词.txt
[2015-10-31 18:47:35]	Cannot open file 
[2015-10-31 18:47:35]	./\Data\KeyBlackList.pdat
[2015-10-31 18:47:35]	Error read file
[2015-10-31 18:47:35]	新词.txt
[2015-10-31 18:48:33]	Cannot open file 
[2015-10-31 18:48:33]	./\Data\KeyBlackList.pdat
[2015-10-31 18:48:33]	Error read file
[2015-10-31 18:48:33]	新词.txt
[2015-10-31 18:49:31]	Cannot open file 
[2015-10-31 18:49:31]	./\Data\KeyBlackList.pdat
[2015-10-31 18:49:31]	Error read file
[2015-10-31 18:49:31]	新词.txt
[2015-10-31 18:50:31]	Cannot open file 
[2015-10-31 18:50:31]	./\Data\KeyBlackList.pdat
[2015-10-31 18:50:31]	Error read file
[2015-10-31 18:50:31]	新词.txt
[2015-10-31 18:51:31]	Cannot open file 
[2015-10-31 18:51:31]	./\Data\KeyBlackList.pdat
[2015-10-31 18:51:31]	Error read file
[2015-10-31 18:51:31]	新词.txt
[2015-10-31 18:52:31]	Cannot open file 
[2015-10-31 18:52:31]	./\Data\KeyBlackList.pdat
[2015-10-31 18:52:31]	Error read file
[2015-10-31 18:52:31]	新词.txt
[2015-10-31 18:53:33]	Cannot open file 
[2015-10-31 18:53:33]	./\Data\KeyBlackList.pdat
[2015-10-31 18:53:33]	Error read file
[2015-10-31 18:53:33]	新词.txt
[2015-10-31 18:54:34]	Cannot open file 
[2015-10-31 18:54:34]	./\Data\KeyBlackList.pdat
[2015-10-31 18:54:34]	Error read file
[2015-10-31 18:54:34]	新词.txt
[2015-10-31 18:55:34]	Cannot open file 
[2015-10-31 18:55:34]	./\Data\KeyBlackList.pdat
[2015-10-31 18:55:34]	Error read file
[2015-10-31 18:55:34]	新词.txt
[2015-10-31 18:56:35]	Cannot open file 
[2015-10-31 18:56:35]	./\Data\KeyBlackList.pdat
[2015-10-31 18:56:35]	Error read file
[2015-10-31 18:56:35]	新词.txt
[2015-10-31 18:57:37]	Cannot open file 
[2015-10-31 18:57:37]	./\Data\KeyBlackList.pdat
[2015-10-31 18:57:37]	Error read file
[2015-10-31 18:57:37]	新词.txt
[2015-10-31 18:58:42]	Cannot open file 
[2015-10-31 18:58:42]	./\Data\KeyBlackList.pdat
[2015-10-31 18:58:42]	Error read file
[2015-10-31 18:58:42]	新词.txt
[2015-10-31 18:59:46]	Cannot open file 
[2015-10-31 18:59:46]	./\Data\KeyBlackList.pdat
[2015-10-31 18:59:46]	Error read file
[2015-10-31 18:59:46]	新词.txt
[2015-10-31 19:00:52]	Cannot open file 
[2015-10-31 19:00:52]	./\Data\KeyBlackList.pdat
[2015-10-31 19:00:52]	Error read file
[2015-10-31 19:00:52]	新词.txt
[2015-10-31 19:01:56]	Cannot open file 
[2015-10-31 19:01:56]	./\Data\KeyBlackList.pdat
[2015-10-31 19:01:56]	Error read file
[2015-10-31 19:01:56]	新词.txt
[2015-10-31 19:03:02]	Cannot open file 
[2015-10-31 19:03:02]	./\Data\KeyBlackList.pdat
[2015-10-31 19:03:02]	Error read file
[2015-10-31 19:03:02]	新词.txt
[2015-10-31 19:04:08]	Cannot open file 
[2015-10-31 19:04:08]	./\Data\KeyBlackList.pdat
[2015-10-31 19:04:08]	Error read file
[2015-10-31 19:04:08]	新词.txt
[2015-10-31 19:05:14]	Cannot open file 
[2015-10-31 19:05:14]	./\Data\KeyBlackList.pdat
[2015-10-31 19:05:14]	Error read file
[2015-10-31 19:05:14]	新词.txt
[2015-10-31 19:06:22]	Cannot open file 
[2015-10-31 19:06:22]	./\Data\KeyBlackList.pdat
[2015-10-31 19:06:22]	Error read file
[2015-10-31 19:06:22]	新词.txt
[2015-10-31 19:07:29]	Cannot open file 
[2015-10-31 19:07:29]	./\Data\KeyBlackList.pdat
[2015-10-31 19:07:29]	Error read file
[2015-10-31 19:07:29]	新词.txt
[2015-10-31 19:08:38]	Cannot open file 
[2015-10-31 19:08:38]	./\Data\KeyBlackList.pdat
[2015-10-31 19:08:38]	Error read file
[2015-10-31 19:08:38]	新词.txt
[2015-10-31 19:09:48]	Cannot open file 
[2015-10-31 19:09:48]	./\Data\KeyBlackList.pdat
[2015-10-31 19:09:48]	Error read file
[2015-10-31 19:09:48]	新词.txt
[2015-10-31 19:10:56]	Cannot open file 
[2015-10-31 19:10:56]	./\Data\KeyBlackList.pdat
[2015-10-31 19:10:56]	Error read file
[2015-10-31 19:10:56]	新词.txt
[2015-10-31 19:12:06]	Cannot open file 
[2015-10-31 19:12:06]	./\Data\KeyBlackList.pdat
[2015-10-31 19:12:06]	Error read file
[2015-10-31 19:12:06]	新词.txt
[2015-10-31 19:13:17]	Cannot open file 
[2015-10-31 19:13:17]	./\Data\KeyBlackList.pdat
[2015-10-31 19:13:17]	Error read file
[2015-10-31 19:13:17]	新词.txt
[2015-10-31 19:14:28]	Cannot open file 
[2015-10-31 19:14:28]	./\Data\KeyBlackList.pdat
[2015-10-31 19:14:28]	Error read file
[2015-10-31 19:14:28]	新词.txt
[2015-10-31 19:15:41]	Cannot open file 
[2015-10-31 19:15:41]	./\Data\KeyBlackList.pdat
[2015-10-31 19:15:41]	Error read file
[2015-10-31 19:15:41]	新词.txt
[2015-10-31 19:16:54]	Cannot open file 
[2015-10-31 19:16:54]	./\Data\KeyBlackList.pdat
[2015-10-31 19:16:54]	Error read file
[2015-10-31 19:16:54]	新词.txt
[2015-10-31 19:18:08]	Cannot open file 
[2015-10-31 19:18:08]	./\Data\KeyBlackList.pdat
[2015-10-31 19:18:08]	Error read file
[2015-10-31 19:18:08]	新词.txt
[2015-10-31 19:19:26]	Cannot open file 
[2015-10-31 19:19:26]	./\Data\KeyBlackList.pdat
[2015-10-31 19:19:26]	Error read file
[2015-10-31 19:19:26]	新词.txt
[2015-10-31 19:20:42]	Cannot open file 
[2015-10-31 19:20:42]	./\Data\KeyBlackList.pdat
[2015-10-31 19:20:42]	Error read file
[2015-10-31 19:20:42]	新词.txt
[2015-10-31 19:21:57]	Cannot open file 
[2015-10-31 19:21:57]	./\Data\KeyBlackList.pdat
[2015-10-31 19:21:57]	Error read file
[2015-10-31 19:21:57]	新词.txt
[2015-10-31 19:23:14]	Cannot open file 
[2015-10-31 19:23:14]	./\Data\KeyBlackList.pdat
[2015-10-31 19:23:14]	Error read file
[2015-10-31 19:23:14]	新词.txt
[2015-10-31 19:24:32]	Cannot open file 
[2015-10-31 19:24:32]	./\Data\KeyBlackList.pdat
[2015-10-31 19:24:32]	Error read file
[2015-10-31 19:24:32]	新词.txt
[2015-10-31 19:25:49]	Cannot open file 
[2015-10-31 19:25:49]	./\Data\KeyBlackList.pdat
[2015-10-31 19:25:50]	Error read file
[2015-10-31 19:25:50]	新词.txt
[2015-10-31 19:27:06]	Cannot open file 
[2015-10-31 19:27:06]	./\Data\KeyBlackList.pdat
[2015-10-31 19:27:06]	Error read file
[2015-10-31 19:27:06]	新词.txt
[2015-10-31 19:28:23]	Cannot open file 
[2015-10-31 19:28:23]	./\Data\KeyBlackList.pdat
[2015-10-31 19:28:23]	Error read file
[2015-10-31 19:28:23]	新词.txt
[2015-10-31 19:29:41]	Cannot open file 
[2015-10-31 19:29:41]	./\Data\KeyBlackList.pdat
[2015-10-31 19:29:41]	Error read file
[2015-10-31 19:29:41]	新词.txt
[2015-10-31 19:31:01]	Cannot open file 
[2015-10-31 19:31:01]	./\Data\KeyBlackList.pdat
[2015-10-31 19:31:01]	Error read file
[2015-10-31 19:31:01]	新词.txt
[2015-10-31 19:32:23]	Cannot open file 
[2015-10-31 19:32:23]	./\Data\KeyBlackList.pdat
[2015-10-31 19:32:23]	Error read file
[2015-10-31 19:32:23]	新词.txt
[2015-10-31 19:33:42]	Cannot open file 
[2015-10-31 19:33:42]	./\Data\KeyBlackList.pdat
[2015-10-31 19:33:42]	Error read file
[2015-10-31 19:33:42]	新词.txt
[2015-10-31 19:35:04]	Cannot open file 
[2015-10-31 19:35:04]	./\Data\KeyBlackList.pdat
[2015-10-31 19:35:04]	Error read file
[2015-10-31 19:35:04]	新词.txt
[2015-10-31 19:36:25]	Cannot open file 
[2015-10-31 19:36:25]	./\Data\KeyBlackList.pdat
[2015-10-31 19:36:25]	Error read file
[2015-10-31 19:36:25]	新词.txt
[2015-10-31 19:37:47]	Cannot open file 
[2015-10-31 19:37:47]	./\Data\KeyBlackList.pdat
[2015-10-31 19:37:47]	Error read file
[2015-10-31 19:37:47]	新词.txt
[2015-10-31 19:39:08]	Cannot open file 
[2015-10-31 19:39:08]	./\Data\KeyBlackList.pdat
[2015-10-31 19:39:08]	Error read file
[2015-10-31 19:39:08]	新词.txt
[2015-10-31 19:40:32]	Cannot open file 
[2015-10-31 19:40:32]	./\Data\KeyBlackList.pdat
[2015-10-31 19:40:32]	Error read file
[2015-10-31 19:40:32]	新词.txt
[2015-10-31 19:41:56]	Cannot open file 
[2015-10-31 19:41:56]	./\Data\KeyBlackList.pdat
[2015-10-31 19:41:56]	Error read file
[2015-10-31 19:41:56]	新词.txt
[2015-10-31 19:43:21]	Cannot open file 
[2015-10-31 19:43:21]	./\Data\KeyBlackList.pdat
[2015-10-31 19:43:21]	Error read file
[2015-10-31 19:43:21]	新词.txt
[2015-10-31 19:44:48]	Cannot open file 
[2015-10-31 19:44:48]	./\Data\KeyBlackList.pdat
[2015-10-31 19:44:48]	Error read file
[2015-10-31 19:44:48]	新词.txt
[2015-10-31 19:46:14]	Cannot open file 
[2015-10-31 19:46:14]	./\Data\KeyBlackList.pdat
[2015-10-31 19:46:14]	Error read file
[2015-10-31 19:46:14]	新词.txt
[2015-10-31 19:47:42]	Cannot open file 
[2015-10-31 19:47:42]	./\Data\KeyBlackList.pdat
[2015-10-31 19:47:42]	Error read file
[2015-10-31 19:47:42]	新词.txt
[2015-10-31 19:49:10]	Cannot open file 
[2015-10-31 19:49:10]	./\Data\KeyBlackList.pdat
[2015-10-31 19:49:10]	Error read file
[2015-10-31 19:49:10]	新词.txt
[2015-10-31 19:50:37]	Cannot open file 
[2015-10-31 19:50:37]	./\Data\KeyBlackList.pdat
[2015-10-31 19:50:37]	Error read file
[2015-10-31 19:50:37]	新词.txt
[2015-10-31 19:52:06]	Cannot open file 
[2015-10-31 19:52:06]	./\Data\KeyBlackList.pdat
[2015-10-31 19:52:06]	Error read file
[2015-10-31 19:52:06]	新词.txt
[2015-10-31 19:53:35]	Cannot open file 
[2015-10-31 19:53:35]	./\Data\KeyBlackList.pdat
[2015-10-31 19:53:36]	Error read file
[2015-10-31 19:53:36]	新词.txt
[2015-10-31 19:55:06]	Cannot open file 
[2015-10-31 19:55:06]	./\Data\KeyBlackList.pdat
[2015-10-31 19:55:06]	Error read file
[2015-10-31 19:55:06]	新词.txt
[2015-10-31 19:56:37]	Cannot open file 
[2015-10-31 19:56:37]	./\Data\KeyBlackList.pdat
[2015-10-31 19:56:37]	Error read file
[2015-10-31 19:56:37]	新词.txt
[2015-10-31 19:58:07]	Cannot open file 
[2015-10-31 19:58:07]	./\Data\KeyBlackList.pdat
[2015-10-31 19:58:07]	Error read file
[2015-10-31 19:58:07]	新词.txt
[2015-10-31 19:59:38]	Cannot open file 
[2015-10-31 19:59:38]	./\Data\KeyBlackList.pdat
[2015-10-31 19:59:38]	Error read file
[2015-10-31 19:59:38]	新词.txt
[2015-10-31 20:01:11]	Cannot open file 
[2015-10-31 20:01:11]	./\Data\KeyBlackList.pdat
[2015-10-31 20:01:11]	Error read file
[2015-10-31 20:01:11]	新词.txt
[2015-10-31 20:02:44]	Cannot open file 
[2015-10-31 20:02:44]	./\Data\KeyBlackList.pdat
[2015-10-31 20:02:44]	Error read file
[2015-10-31 20:02:44]	新词.txt
[2015-10-31 20:04:17]	Cannot open file 
[2015-10-31 20:04:17]	./\Data\KeyBlackList.pdat
[2015-10-31 20:04:17]	Error read file
[2015-10-31 20:04:17]	新词.txt
[2015-10-31 20:05:51]	Cannot open file 
[2015-10-31 20:05:51]	./\Data\KeyBlackList.pdat
[2015-10-31 20:05:51]	Error read file
[2015-10-31 20:05:51]	新词.txt
[2015-10-31 20:07:26]	Cannot open file 
[2015-10-31 20:07:26]	./\Data\KeyBlackList.pdat
[2015-10-31 20:07:26]	Error read file
[2015-10-31 20:07:26]	新词.txt
[2015-10-31 20:09:02]	Cannot open file 
[2015-10-31 20:09:02]	./\Data\KeyBlackList.pdat
[2015-10-31 20:09:02]	Error read file
[2015-10-31 20:09:02]	新词.txt
[2015-10-31 20:10:37]	Cannot open file 
[2015-10-31 20:10:37]	./\Data\KeyBlackList.pdat
[2015-10-31 20:10:37]	Error read file
[2015-10-31 20:10:37]	新词.txt
[2015-10-31 20:12:14]	Cannot open file 
[2015-10-31 20:12:14]	./\Data\KeyBlackList.pdat
[2015-10-31 20:12:14]	Error read file
[2015-10-31 20:12:14]	新词.txt
[2015-10-31 20:13:50]	Cannot open file 
[2015-10-31 20:13:50]	./\Data\KeyBlackList.pdat
[2015-10-31 20:13:50]	Error read file
[2015-10-31 20:13:50]	新词.txt
[2015-10-31 20:15:28]	Cannot open file 
[2015-10-31 20:15:28]	./\Data\KeyBlackList.pdat
[2015-10-31 20:15:28]	Error read file
[2015-10-31 20:15:28]	新词.txt
[2015-10-31 20:17:06]	Cannot open file 
[2015-10-31 20:17:06]	./\Data\KeyBlackList.pdat
[2015-10-31 20:17:06]	Error read file
[2015-10-31 20:17:06]	新词.txt
[2015-10-31 20:18:46]	Cannot open file 
[2015-10-31 20:18:46]	./\Data\KeyBlackList.pdat
[2015-10-31 20:18:46]	Error read file
[2015-10-31 20:18:46]	新词.txt
[2015-10-31 20:20:28]	Cannot open file 
[2015-10-31 20:20:28]	./\Data\KeyBlackList.pdat
[2015-10-31 20:20:28]	Error read file
[2015-10-31 20:20:28]	新词.txt
[2015-10-31 20:22:10]	Cannot open file 
[2015-10-31 20:22:10]	./\Data\KeyBlackList.pdat
[2015-10-31 20:22:10]	Error read file
[2015-10-31 20:22:10]	新词.txt
[2015-10-31 20:23:51]	Cannot open file 
[2015-10-31 20:23:51]	./\Data\KeyBlackList.pdat
[2015-10-31 20:23:51]	Error read file
[2015-10-31 20:23:51]	新词.txt
[2015-10-31 20:25:32]	Cannot open file 
[2015-10-31 20:25:32]	./\Data\KeyBlackList.pdat
[2015-10-31 20:25:32]	Error read file
[2015-10-31 20:25:32]	新词.txt
[2015-10-31 20:27:15]	Cannot open file 
[2015-10-31 20:27:15]	./\Data\KeyBlackList.pdat
[2015-10-31 20:27:15]	Error read file
[2015-10-31 20:27:15]	新词.txt
[2015-10-31 20:28:59]	Cannot open file 
[2015-10-31 20:28:59]	./\Data\KeyBlackList.pdat
[2015-10-31 20:28:59]	Error read file
[2015-10-31 20:28:59]	新词.txt
[2015-10-31 20:30:43]	Cannot open file 
[2015-10-31 20:30:43]	./\Data\KeyBlackList.pdat
[2015-10-31 20:30:43]	Error read file
[2015-10-31 20:30:43]	新词.txt
[2015-10-31 20:32:26]	Cannot open file 
[2015-10-31 20:32:26]	./\Data\KeyBlackList.pdat
[2015-10-31 20:32:26]	Error read file
[2015-10-31 20:32:26]	新词.txt
[2015-10-31 20:34:08]	Cannot open file 
[2015-10-31 20:34:08]	./\Data\KeyBlackList.pdat
[2015-10-31 20:34:08]	Error read file
[2015-10-31 20:34:08]	新词.txt
[2015-10-31 20:35:53]	Cannot open file 
[2015-10-31 20:35:53]	./\Data\KeyBlackList.pdat
[2015-10-31 20:35:53]	Error read file
[2015-10-31 20:35:53]	新词.txt
[2015-10-31 20:37:38]	Cannot open file 
[2015-10-31 20:37:38]	./\Data\KeyBlackList.pdat
[2015-10-31 20:37:38]	Error read file
[2015-10-31 20:37:38]	新词.txt
[2015-10-31 20:39:23]	Cannot open file 
[2015-10-31 20:39:23]	./\Data\KeyBlackList.pdat
[2015-10-31 20:39:23]	Error read file
[2015-10-31 20:39:23]	新词.txt
[2015-10-31 20:41:10]	Cannot open file 
[2015-10-31 20:41:10]	./\Data\KeyBlackList.pdat
[2015-10-31 20:41:10]	Error read file
[2015-10-31 20:41:10]	新词.txt
[2015-10-31 20:42:56]	Cannot open file 
[2015-10-31 20:42:56]	./\Data\KeyBlackList.pdat
[2015-10-31 20:42:56]	Error read file
[2015-10-31 20:42:56]	新词.txt
[2015-10-31 20:44:44]	Cannot open file 
[2015-10-31 20:44:44]	./\Data\KeyBlackList.pdat
[2015-10-31 20:44:44]	Error read file
[2015-10-31 20:44:44]	新词.txt
[2015-10-31 20:46:35]	Cannot open file 
[2015-10-31 20:46:35]	./\Data\KeyBlackList.pdat
[2015-10-31 20:46:35]	Error read file
[2015-10-31 20:46:35]	新词.txt
[2015-10-31 20:48:24]	Cannot open file 
[2015-10-31 20:48:24]	./\Data\KeyBlackList.pdat
[2015-10-31 20:48:24]	Error read file
[2015-10-31 20:48:24]	新词.txt
[2015-10-31 20:50:14]	Cannot open file 
[2015-10-31 20:50:14]	./\Data\KeyBlackList.pdat
[2015-10-31 20:50:14]	Error read file
[2015-10-31 20:50:14]	新词.txt
[2015-10-31 20:52:05]	Cannot open file 
[2015-10-31 20:52:05]	./\Data\KeyBlackList.pdat
[2015-10-31 20:52:05]	Error read file
[2015-10-31 20:52:05]	新词.txt
[2015-10-31 20:53:55]	Cannot open file 
[2015-10-31 20:53:55]	./\Data\KeyBlackList.pdat
[2015-10-31 20:53:55]	Error read file
[2015-10-31 20:53:55]	新词.txt
[2015-10-31 20:55:46]	Cannot open file 
[2015-10-31 20:55:46]	./\Data\KeyBlackList.pdat
[2015-10-31 20:55:46]	Error read file
[2015-10-31 20:55:46]	新词.txt
[2015-10-31 20:57:37]	Cannot open file 
[2015-10-31 20:57:37]	./\Data\KeyBlackList.pdat
[2015-10-31 20:57:37]	Error read file
[2015-10-31 20:57:37]	新词.txt
[2015-10-31 20:59:30]	Cannot open file 
[2015-10-31 20:59:30]	./\Data\KeyBlackList.pdat
[2015-10-31 20:59:30]	Error read file
[2015-10-31 20:59:30]	新词.txt
[2015-10-31 21:01:25]	Cannot open file 
[2015-10-31 21:01:25]	./\Data\KeyBlackList.pdat
[2015-10-31 21:01:25]	Error read file
[2015-10-31 21:01:25]	新词.txt
[2015-10-31 21:03:18]	Cannot open file 
[2015-10-31 21:03:18]	./\Data\KeyBlackList.pdat
[2015-10-31 21:03:18]	Error read file
[2015-10-31 21:03:18]	新词.txt
[2015-10-31 21:05:13]	Cannot open file 
[2015-10-31 21:05:13]	./\Data\KeyBlackList.pdat
[2015-10-31 21:05:13]	Error read file
[2015-10-31 21:05:13]	新词.txt
[2015-10-31 21:07:08]	Cannot open file 
[2015-10-31 21:07:08]	./\Data\KeyBlackList.pdat
[2015-10-31 21:07:08]	Error read file
[2015-10-31 21:07:09]	新词.txt
[2015-10-31 21:09:05]	Cannot open file 
[2015-10-31 21:09:05]	./\Data\KeyBlackList.pdat
[2015-10-31 21:09:05]	Error read file
[2015-10-31 21:09:05]	新词.txt
[2015-10-31 21:11:03]	Cannot open file 
[2015-10-31 21:11:03]	./\Data\KeyBlackList.pdat
[2015-10-31 21:11:03]	Error read file
[2015-10-31 21:11:03]	新词.txt
[2015-10-31 21:12:59]	Cannot open file 
[2015-10-31 21:12:59]	./\Data\KeyBlackList.pdat
[2015-10-31 21:12:59]	Error read file
[2015-10-31 21:12:59]	新词.txt
[2015-10-31 21:15:00]	Cannot open file 
[2015-10-31 21:15:00]	./\Data\KeyBlackList.pdat
[2015-10-31 21:15:00]	Error read file
[2015-10-31 21:15:00]	新词.txt
[2015-10-31 21:17:00]	Cannot open file 
[2015-10-31 21:17:00]	./\Data\KeyBlackList.pdat
[2015-10-31 21:17:00]	Error read file
[2015-10-31 21:17:00]	新词.txt
[2015-10-31 21:18:59]	Cannot open file 
[2015-10-31 21:18:59]	./\Data\KeyBlackList.pdat
[2015-10-31 21:18:59]	Error read file
[2015-10-31 21:18:59]	新词.txt
[2015-10-31 21:20:59]	Cannot open file 
[2015-10-31 21:20:59]	./\Data\KeyBlackList.pdat
[2015-10-31 21:20:59]	Error read file
[2015-10-31 21:20:59]	新词.txt
[2015-10-31 21:22:59]	Cannot open file 
[2015-10-31 21:22:59]	./\Data\KeyBlackList.pdat
[2015-10-31 21:22:59]	Error read file
[2015-10-31 21:22:59]	新词.txt
[2015-10-31 21:25:01]	Cannot open file 
[2015-10-31 21:25:01]	./\Data\KeyBlackList.pdat
[2015-10-31 21:25:01]	Error read file
[2015-10-31 21:25:01]	新词.txt
[2015-10-31 21:27:03]	Cannot open file 
[2015-10-31 21:27:03]	./\Data\KeyBlackList.pdat
[2015-10-31 21:27:03]	Error read file
[2015-10-31 21:27:03]	新词.txt
[2015-10-31 21:29:06]	Cannot open file 
[2015-10-31 21:29:06]	./\Data\KeyBlackList.pdat
[2015-10-31 21:29:06]	Error read file
[2015-10-31 21:29:06]	新词.txt
[2015-10-31 21:31:09]	Cannot open file 
[2015-10-31 21:31:09]	./\Data\KeyBlackList.pdat
[2015-10-31 21:31:09]	Error read file
[2015-10-31 21:31:09]	新词.txt
[2015-10-31 21:33:12]	Cannot open file 
[2015-10-31 21:33:12]	./\Data\KeyBlackList.pdat
[2015-10-31 21:33:12]	Error read file
[2015-10-31 21:33:12]	新词.txt
[2015-10-31 21:35:18]	Cannot open file 
[2015-10-31 21:35:18]	./\Data\KeyBlackList.pdat
[2015-10-31 21:35:18]	Error read file
[2015-10-31 21:35:18]	新词.txt
[2015-10-31 21:37:22]	Cannot open file 
[2015-10-31 21:37:22]	./\Data\KeyBlackList.pdat
[2015-10-31 21:37:22]	Error read file
[2015-10-31 21:37:22]	新词.txt
[2015-10-31 21:39:27]	Cannot open file 
[2015-10-31 21:39:27]	./\Data\KeyBlackList.pdat
[2015-10-31 21:39:27]	Error read file
[2015-10-31 21:39:27]	新词.txt
[2015-10-31 21:41:32]	Cannot open file 
[2015-10-31 21:41:32]	./\Data\KeyBlackList.pdat
[2015-10-31 21:41:33]	Error read file
[2015-10-31 21:41:33]	新词.txt
[2015-10-31 21:43:38]	Cannot open file 
[2015-10-31 21:43:38]	./\Data\KeyBlackList.pdat
[2015-10-31 21:43:38]	Error read file
[2015-10-31 21:43:38]	新词.txt
[2015-10-31 21:45:48]	Cannot open file 
[2015-10-31 21:45:48]	./\Data\KeyBlackList.pdat
[2015-10-31 21:45:48]	Error read file
[2015-10-31 21:45:48]	新词.txt
[2015-10-31 21:47:53]	Cannot open file 
[2015-10-31 21:47:53]	./\Data\KeyBlackList.pdat
[2015-10-31 21:47:53]	Error read file
[2015-10-31 21:47:53]	新词.txt
[2015-10-31 21:50:02]	Cannot open file 
[2015-10-31 21:50:02]	./\Data\KeyBlackList.pdat
[2015-10-31 21:50:02]	Error read file
[2015-10-31 21:50:02]	新词.txt
[2015-10-31 21:52:09]	Cannot open file 
[2015-10-31 21:52:09]	./\Data\KeyBlackList.pdat
[2015-10-31 21:52:09]	Error read file
[2015-10-31 21:52:09]	新词.txt
[2015-10-31 21:54:19]	Cannot open file 
[2015-10-31 21:54:19]	./\Data\KeyBlackList.pdat
[2015-10-31 21:54:19]	Error read file
[2015-10-31 21:54:19]	新词.txt
[2015-10-31 21:56:29]	Cannot open file 
[2015-10-31 21:56:29]	./\Data\KeyBlackList.pdat
[2015-10-31 21:56:29]	Error read file
[2015-10-31 21:56:29]	新词.txt
[2015-10-31 21:58:45]	Cannot open file 
[2015-10-31 21:58:45]	./\Data\KeyBlackList.pdat
[2015-10-31 21:58:45]	Error read file
[2015-10-31 21:58:45]	新词.txt
[2015-10-31 22:00:57]	Cannot open file 
[2015-10-31 22:00:57]	./\Data\KeyBlackList.pdat
[2015-10-31 22:00:58]	Error read file
[2015-10-31 22:00:58]	新词.txt
[2015-10-31 22:03:09]	Cannot open file 
[2015-10-31 22:03:09]	./\Data\KeyBlackList.pdat
[2015-10-31 22:03:09]	Error read file
[2015-10-31 22:03:09]	新词.txt
[2015-10-31 22:05:23]	Cannot open file 
[2015-10-31 22:05:23]	./\Data\KeyBlackList.pdat
[2015-10-31 22:05:23]	Error read file
[2015-10-31 22:05:23]	新词.txt
[2015-10-31 22:07:37]	Cannot open file 
[2015-10-31 22:07:37]	./\Data\KeyBlackList.pdat
[2015-10-31 22:07:37]	Error read file
[2015-10-31 22:07:37]	新词.txt
[2015-10-31 22:09:49]	Cannot open file 
[2015-10-31 22:09:49]	./\Data\KeyBlackList.pdat
[2015-10-31 22:09:49]	Error read file
[2015-10-31 22:09:49]	新词.txt
[2015-10-31 22:12:03]	Cannot open file 
[2015-10-31 22:12:03]	./\Data\KeyBlackList.pdat
[2015-10-31 22:12:03]	Error read file
[2015-10-31 22:12:03]	新词.txt
[2015-10-31 22:14:29]	Cannot open file 
[2015-10-31 22:14:29]	./\Data\KeyBlackList.pdat
[2015-10-31 22:14:29]	Error read file
[2015-10-31 22:14:29]	新词.txt
[2015-10-31 22:16:54]	Cannot open file 
[2015-10-31 22:16:54]	./\Data\KeyBlackList.pdat
[2015-10-31 22:16:54]	Error read file
[2015-10-31 22:16:54]	新词.txt
[2015-10-31 22:19:25]	Cannot open file 
[2015-10-31 22:19:25]	./\Data\KeyBlackList.pdat
[2015-10-31 22:19:25]	Error read file
[2015-10-31 22:19:25]	新词.txt
[2015-10-31 22:22:17]	Cannot open file 
[2015-10-31 22:22:17]	./\Data\KeyBlackList.pdat
[2015-10-31 22:22:17]	Error read file
[2015-10-31 22:22:17]	新词.txt
[2015-10-31 22:24:48]	Cannot open file 
[2015-10-31 22:24:48]	./\Data\KeyBlackList.pdat
[2015-10-31 22:24:48]	Error read file
[2015-10-31 22:24:48]	新词.txt
[2015-10-31 22:27:14]	Cannot open file 
[2015-10-31 22:27:14]	./\Data\KeyBlackList.pdat
[2015-10-31 22:27:14]	Error read file
[2015-10-31 22:27:14]	新词.txt
[2015-10-31 22:29:50]	Cannot open file 
[2015-10-31 22:29:50]	./\Data\KeyBlackList.pdat
[2015-10-31 22:29:50]	Error read file
[2015-10-31 22:29:50]	新词.txt
[2015-10-31 22:32:32]	Cannot open file 
[2015-10-31 22:32:32]	./\Data\KeyBlackList.pdat
[2015-10-31 22:32:32]	Error read file
[2015-10-31 22:32:32]	新词.txt
[2015-10-31 22:35:13]	Cannot open file 
[2015-10-31 22:35:13]	./\Data\KeyBlackList.pdat
[2015-10-31 22:35:13]	Error read file
[2015-10-31 22:35:13]	新词.txt
[2015-10-31 22:37:38]	Cannot open file 
[2015-10-31 22:37:38]	./\Data\KeyBlackList.pdat
[2015-10-31 22:37:38]	Error read file
[2015-10-31 22:37:38]	新词.txt
[2015-10-31 22:40:23]	Cannot open file 
[2015-10-31 22:40:23]	./\Data\KeyBlackList.pdat
[2015-10-31 22:40:23]	Error read file
[2015-10-31 22:40:23]	新词.txt
[2015-10-31 22:42:54]	Cannot open file 
[2015-10-31 22:42:54]	./\Data\KeyBlackList.pdat
[2015-10-31 22:42:54]	Error read file
[2015-10-31 22:42:54]	新词.txt
[2015-10-31 22:45:36]	Cannot open file 
[2015-10-31 22:45:36]	./\Data\KeyBlackList.pdat
[2015-10-31 22:45:36]	Error read file
[2015-10-31 22:45:36]	新词.txt
[2015-10-31 22:48:16]	Cannot open file 
[2015-10-31 22:48:16]	./\Data\KeyBlackList.pdat
[2015-10-31 22:48:16]	Error read file
[2015-10-31 22:48:16]	新词.txt
[2015-10-31 22:50:51]	Cannot open file 
[2015-10-31 22:50:51]	./\Data\KeyBlackList.pdat
[2015-10-31 22:50:51]	Error read file
[2015-10-31 22:50:51]	新词.txt
[2015-10-31 22:53:26]	Cannot open file 
[2015-10-31 22:53:26]	./\Data\KeyBlackList.pdat
[2015-10-31 22:53:26]	Error read file
[2015-10-31 22:53:26]	新词.txt
[2015-10-31 22:56:02]	Cannot open file 
[2015-10-31 22:56:02]	./\Data\KeyBlackList.pdat
[2015-10-31 22:56:02]	Error read file
[2015-10-31 22:56:02]	新词.txt
[2015-10-31 22:58:36]	Cannot open file 
[2015-10-31 22:58:36]	./\Data\KeyBlackList.pdat
[2015-10-31 22:58:36]	Error read file
[2015-10-31 22:58:36]	新词.txt
[2015-10-31 23:01:15]	Cannot open file 
[2015-10-31 23:01:15]	./\Data\KeyBlackList.pdat
[2015-10-31 23:01:15]	Error read file
[2015-10-31 23:01:15]	新词.txt
[2015-10-31 23:03:49]	Cannot open file 
[2015-10-31 23:03:49]	./\Data\KeyBlackList.pdat
[2015-10-31 23:03:49]	Error read file
[2015-10-31 23:03:49]	新词.txt
[2015-10-31 23:06:26]	Cannot open file 
[2015-10-31 23:06:26]	./\Data\KeyBlackList.pdat
[2015-10-31 23:06:26]	Error read file
[2015-10-31 23:06:26]	新词.txt
[2015-10-31 23:09:03]	Cannot open file 
[2015-10-31 23:09:03]	./\Data\KeyBlackList.pdat
[2015-10-31 23:09:03]	Error read file
[2015-10-31 23:09:03]	新词.txt
[2015-10-31 23:11:40]	Cannot open file 
[2015-10-31 23:11:40]	./\Data\KeyBlackList.pdat
[2015-10-31 23:11:40]	Error read file
[2015-10-31 23:11:40]	新词.txt
[2015-10-31 23:14:18]	Cannot open file 
[2015-10-31 23:14:18]	./\Data\KeyBlackList.pdat
[2015-10-31 23:14:18]	Error read file
[2015-10-31 23:14:18]	新词.txt
[2015-10-31 23:16:59]	Cannot open file 
[2015-10-31 23:16:59]	./\Data\KeyBlackList.pdat
[2015-10-31 23:16:59]	Error read file
[2015-10-31 23:16:59]	新词.txt
[2015-10-31 23:19:39]	Cannot open file 
[2015-10-31 23:19:39]	./\Data\KeyBlackList.pdat
[2015-10-31 23:19:39]	Error read file
[2015-10-31 23:19:39]	新词.txt
[2015-10-31 23:22:22]	Cannot open file 
[2015-10-31 23:22:22]	./\Data\KeyBlackList.pdat
[2015-10-31 23:22:22]	Error read file
[2015-10-31 23:22:22]	新词.txt
[2015-10-31 23:25:03]	Cannot open file 
[2015-10-31 23:25:03]	./\Data\KeyBlackList.pdat
[2015-10-31 23:25:03]	Error read file
[2015-10-31 23:25:03]	新词.txt
[2015-10-31 23:27:44]	Cannot open file 
[2015-10-31 23:27:44]	./\Data\KeyBlackList.pdat
[2015-10-31 23:27:44]	Error read file
[2015-10-31 23:27:44]	新词.txt
[2015-10-31 23:30:28]	Cannot open file 
[2015-10-31 23:30:28]	./\Data\KeyBlackList.pdat
[2015-10-31 23:30:28]	Error read file
[2015-10-31 23:30:28]	新词.txt
[2015-10-31 23:33:10]	Cannot open file 
[2015-10-31 23:33:10]	./\Data\KeyBlackList.pdat
[2015-10-31 23:33:10]	Error read file
[2015-10-31 23:33:10]	新词.txt
[2015-10-31 23:35:54]	Cannot open file 
[2015-10-31 23:35:54]	./\Data\KeyBlackList.pdat
[2015-10-31 23:35:54]	Error read file
[2015-10-31 23:35:54]	新词.txt
[2015-10-31 23:38:38]	Cannot open file 
[2015-10-31 23:38:38]	./\Data\KeyBlackList.pdat
[2015-10-31 23:38:38]	Error read file
[2015-10-31 23:38:38]	新词.txt
[2015-10-31 23:41:23]	Cannot open file 
[2015-10-31 23:41:23]	./\Data\KeyBlackList.pdat
[2015-10-31 23:41:23]	Error read file
[2015-10-31 23:41:23]	新词.txt
[2015-10-31 23:44:10]	Cannot open file 
[2015-10-31 23:44:10]	./\Data\KeyBlackList.pdat
[2015-10-31 23:44:10]	Error read file
[2015-10-31 23:44:10]	新词.txt
[2015-10-31 23:46:59]	Cannot open file 
[2015-10-31 23:46:59]	./\Data\KeyBlackList.pdat
[2015-10-31 23:46:59]	Error read file
[2015-10-31 23:46:59]	新词.txt
[2015-10-31 23:49:47]	Cannot open file 
[2015-10-31 23:49:47]	./\Data\KeyBlackList.pdat
[2015-10-31 23:49:47]	Error read file
[2015-10-31 23:49:47]	新词.txt
[2015-10-31 23:52:35]	Cannot open file 
[2015-10-31 23:52:35]	./\Data\KeyBlackList.pdat
[2015-10-31 23:52:35]	Error read file
[2015-10-31 23:52:35]	新词.txt
[2015-10-31 23:55:24]	Cannot open file 
[2015-10-31 23:55:24]	./\Data\KeyBlackList.pdat
[2015-10-31 23:55:24]	Error read file
[2015-10-31 23:55:24]	新词.txt
[2015-10-31 23:58:13]	Cannot open file 
[2015-10-31 23:58:13]	./\Data\KeyBlackList.pdat
[2015-10-31 23:58:13]	Error read file
[2015-10-31 23:58:13]	新词.txt
